{"C:\\Users\\Zeinab\\Downloads\\FYP\\minerva\\minerva\\frontend\\src\\App.jsx": {"path":"C:\\Users\\Zeinab\\Downloads\\FYP\\minerva\\minerva\\frontend\\src\\App.jsx","statementMap":{"0":{"start":{"line":36,"column":27},"end":{"line":36,"column":50}},"1":{"start":{"line":38,"column":2},"end":{"line":39,"column":null}},"2":{"start":{"line":39,"column":4},"end":{"line":39,"column":null}},"3":{"start":{"line":42,"column":2},"end":{"line":43,"column":null}},"4":{"start":{"line":43,"column":4},"end":{"line":43,"column":null}},"5":{"start":{"line":46,"column":2},"end":{"line":46,"column":null}},"6":{"start":{"line":51,"column":2},"end":{"line":54,"column":null}},"7":{"start":{"line":59,"column":8},"end":{"line":59,"column":52}},"8":{"start":{"line":59,"column":40},"end":{"line":59,"column":52}},"9":{"start":{"line":60,"column":2},"end":{"line":62,"column":null}},"10":{"start":{"line":61,"column":4},"end":{"line":61,"column":null}},"11":{"start":{"line":64,"column":2},"end":{"line":126,"column":null}}},"fnMap":{"0":{"name":"ProtectedRoute","decl":{"start":{"line":35,"column":9},"end":{"line":35,"column":24}},"loc":{"start":{"line":35,"column":58},"end":{"line":46,"column":null}},"line":35},"1":{"name":"AdminRoute","decl":{"start":{"line":50,"column":9},"end":{"line":50,"column":20}},"loc":{"start":{"line":50,"column":34},"end":{"line":54,"column":null}},"line":50},"2":{"name":"App","decl":{"start":{"line":58,"column":9},"end":{"line":58,"column":15}},"loc":{"start":{"line":58,"column":15},"end":{"line":126,"column":null}},"line":58},"3":{"name":"(anonymous_3)","decl":{"start":{"line":59,"column":20},"end":{"line":59,"column":34}},"loc":{"start":{"line":59,"column":40},"end":{"line":59,"column":52}},"line":59},"4":{"name":"(anonymous_4)","decl":{"start":{"line":60,"column":2},"end":{"line":60,"column":18}},"loc":{"start":{"line":60,"column":18},"end":{"line":62,"column":6}},"line":60}},"branchMap":{"0":{"loc":{"start":{"line":35,"column":36},"end":{"line":35,"column":54}},"type":"default-arg","locations":[{"start":{"line":35,"column":52},"end":{"line":35,"column":54}}],"line":35},"1":{"loc":{"start":{"line":38,"column":2},"end":{"line":39,"column":null}},"type":"if","locations":[{"start":{"line":38,"column":2},"end":{"line":39,"column":null}},{"start":{},"end":{}}],"line":38},"2":{"loc":{"start":{"line":42,"column":2},"end":{"line":43,"column":null}},"type":"if","locations":[{"start":{"line":42,"column":2},"end":{"line":43,"column":null}},{"start":{},"end":{}}],"line":42},"3":{"loc":{"start":{"line":42,"column":6},"end":{"line":42,"column":69}},"type":"binary-expr","locations":[{"start":{"line":42,"column":6},"end":{"line":42,"column":34}},{"start":{"line":42,"column":34},"end":{"line":42,"column":69}}],"line":42}},"s":{"0":0,"1":0,"2":0,"3":0,"4":0,"5":0,"6":0,"7":0,"8":0,"9":0,"10":0,"11":0},"f":{"0":0,"1":0,"2":0,"3":0,"4":0},"b":{"0":[0],"1":[0,0],"2":[0,0],"3":[0,0]},"meta":{"lastBranch":4,"lastFunction":5,"lastStatement":12,"seen":{"f:35:9:35:24":0,"b:35:52:35:54":0,"s:36:27:36:50":0,"b:38:2:39:Infinity:undefined:undefined:undefined:undefined":1,"s:38:2:39:Infinity":1,"s:39:4:39:Infinity":2,"b:42:2:43:Infinity:undefined:undefined:undefined:undefined":2,"s:42:2:43:Infinity":3,"b:42:6:42:34:42:34:42:69":3,"s:43:4:43:Infinity":4,"s:46:2:46:Infinity":5,"f:50:9:50:20":1,"s:51:2:54:Infinity":6,"f:58:9:58:15":2,"s:59:8:59:52":7,"f:59:20:59:34":3,"s:59:40:59:52":8,"s:60:2:62:Infinity":9,"f:60:2:60:18":4,"s:61:4:61:Infinity":10,"s:64:2:126:Infinity":11}}}
,"C:\\Users\\Zeinab\\Downloads\\FYP\\minerva\\minerva\\frontend\\src\\index.css": {"path":"C:\\Users\\Zeinab\\Downloads\\FYP\\minerva\\minerva\\frontend\\src\\index.css","statementMap":{},"fnMap":{},"branchMap":{},"s":{},"f":{},"b":{},"meta":{"lastBranch":0,"lastFunction":0,"lastStatement":0,"seen":{}}}
,"C:\\Users\\Zeinab\\Downloads\\FYP\\minerva\\minerva\\frontend\\src\\main.jsx": {"path":"C:\\Users\\Zeinab\\Downloads\\FYP\\minerva\\minerva\\frontend\\src\\main.jsx","statementMap":{"0":{"start":{"line":9,"column":20},"end":{"line":17,"column":2}},"1":{"start":{"line":19,"column":0},"end":{"line":50,"column":null}}},"fnMap":{},"branchMap":{},"s":{"0":0,"1":0},"f":{},"b":{},"meta":{"lastBranch":0,"lastFunction":0,"lastStatement":2,"seen":{"s:9:20:17:2":0,"s:19:0:50:Infinity":1}}}
,"C:\\Users\\Zeinab\\Downloads\\FYP\\minerva\\minerva\\frontend\\src\\components\\layout\\ActiveEngagementBanner.jsx": {"path":"C:\\Users\\Zeinab\\Downloads\\FYP\\minerva\\minerva\\frontend\\src\\components\\layout\\ActiveEngagementBanner.jsx","statementMap":{"0":{"start":{"line":14,"column":18},"end":{"line":14,"column":56}},"1":{"start":{"line":15,"column":15},"end":{"line":15,"column":37}},"2":{"start":{"line":17,"column":2},"end":{"line":21,"column":null}},"3":{"start":{"line":18,"column":4},"end":{"line":18,"column":null}},"4":{"start":{"line":19,"column":14},"end":{"line":19,"column":61}},"5":{"start":{"line":19,"column":32},"end":{"line":19,"column":53}},"6":{"start":{"line":19,"column":47},"end":{"line":19,"column":53}},"7":{"start":{"line":20,"column":4},"end":{"line":20,"column":null}},"8":{"start":{"line":20,"column":17},"end":{"line":20,"column":33}},"9":{"start":{"line":23,"column":2},"end":{"line":23,"column":null}},"10":{"start":{"line":23,"column":28},"end":{"line":23,"column":null}},"11":{"start":{"line":25,"column":2},"end":{"line":33,"column":null}},"12":{"start":{"line":26,"column":4},"end":{"line":33,"column":null}},"13":{"start":{"line":38,"column":15},"end":{"line":38,"column":null}},"14":{"start":{"line":39,"column":17},"end":{"line":39,"column":null}},"15":{"start":{"line":40,"column":18},"end":{"line":40,"column":null}},"16":{"start":{"line":41,"column":8},"end":{"line":43,"column":null}},"17":{"start":{"line":45,"column":2},"end":{"line":53,"column":null}},"18":{"start":{"line":46,"column":4},"end":{"line":53,"column":null}},"19":{"start":{"line":59,"column":4},"end":{"line":62,"column":null}},"20":{"start":{"line":64,"column":14},"end":{"line":66,"column":null}},"21":{"start":{"line":67,"column":15},"end":{"line":67,"column":null}},"22":{"start":{"line":69,"column":2},"end":{"line":106,"column":null}}},"fnMap":{"0":{"name":"ActiveEngagementBanner","decl":{"start":{"line":13,"column":24},"end":{"line":13,"column":49}},"loc":{"start":{"line":13,"column":49},"end":{"line":106,"column":null}},"line":13},"1":{"name":"(anonymous_1)","decl":{"start":{"line":17,"column":2},"end":{"line":17,"column":18}},"loc":{"start":{"line":17,"column":18},"end":{"line":21,"column":6}},"line":17},"2":{"name":"(anonymous_2)","decl":{"start":{"line":19,"column":14},"end":{"line":19,"column":32}},"loc":{"start":{"line":19,"column":32},"end":{"line":19,"column":53}},"line":19},"3":{"name":"(anonymous_3)","decl":{"start":{"line":19,"column":32},"end":{"line":19,"column":41}},"loc":{"start":{"line":19,"column":47},"end":{"line":19,"column":53}},"line":19},"4":{"name":"(anonymous_4)","decl":{"start":{"line":20,"column":4},"end":{"line":20,"column":17}},"loc":{"start":{"line":20,"column":17},"end":{"line":20,"column":33}},"line":20}},"branchMap":{"0":{"loc":{"start":{"line":23,"column":2},"end":{"line":23,"column":null}},"type":"if","locations":[{"start":{"line":23,"column":2},"end":{"line":23,"column":null}},{"start":{},"end":{}}],"line":23},"1":{"loc":{"start":{"line":25,"column":2},"end":{"line":33,"column":null}},"type":"if","locations":[{"start":{"line":25,"column":2},"end":{"line":33,"column":null}},{"start":{},"end":{}}],"line":25},"2":{"loc":{"start":{"line":38,"column":15},"end":{"line":38,"column":null}},"type":"binary-expr","locations":[{"start":{"line":38,"column":15},"end":{"line":38,"column":42}},{"start":{"line":38,"column":42},"end":{"line":38,"column":null}}],"line":38},"3":{"loc":{"start":{"line":39,"column":17},"end":{"line":39,"column":null}},"type":"binary-expr","locations":[{"start":{"line":39,"column":17},"end":{"line":39,"column":40}},{"start":{"line":39,"column":40},"end":{"line":39,"column":null}}],"line":39},"4":{"loc":{"start":{"line":40,"column":18},"end":{"line":40,"column":null}},"type":"cond-expr","locations":[{"start":{"line":40,"column":31},"end":{"line":40,"column":64}},{"start":{"line":40,"column":67},"end":{"line":40,"column":null}}],"line":40},"5":{"loc":{"start":{"line":41,"column":21},"end":{"line":41,"column":52}},"type":"binary-expr","locations":[{"start":{"line":41,"column":21},"end":{"line":41,"column":50}},{"start":{"line":41,"column":50},"end":{"line":41,"column":52}}],"line":41},"6":{"loc":{"start":{"line":42,"column":7},"end":{"line":43,"column":null}},"type":"cond-expr","locations":[{"start":{"line":43,"column":9},"end":{"line":43,"column":55}},{"start":{"line":43,"column":55},"end":{"line":43,"column":null}}],"line":42},"7":{"loc":{"start":{"line":42,"column":7},"end":{"line":42,"column":null}},"type":"binary-expr","locations":[{"start":{"line":42,"column":7},"end":{"line":42,"column":36}},{"start":{"line":42,"column":36},"end":{"line":42,"column":null}}],"line":42},"8":{"loc":{"start":{"line":45,"column":2},"end":{"line":53,"column":null}},"type":"if","locations":[{"start":{"line":45,"column":2},"end":{"line":53,"column":null}},{"start":{},"end":{}}],"line":45},"9":{"loc":{"start":{"line":59,"column":4},"end":{"line":62,"column":null}},"type":"binary-expr","locations":[{"start":{"line":59,"column":4},"end":{"line":59,"column":null}},{"start":{"line":60,"column":4},"end":{"line":60,"column":null}},{"start":{"line":61,"column":4},"end":{"line":61,"column":null}},{"start":{"line":62,"column":4},"end":{"line":62,"column":null}}],"line":59},"10":{"loc":{"start":{"line":64,"column":14},"end":{"line":66,"column":null}},"type":"cond-expr","locations":[{"start":{"line":65,"column":6},"end":{"line":65,"column":null}},{"start":{"line":66,"column":6},"end":{"line":66,"column":null}}],"line":64},"11":{"loc":{"start":{"line":67,"column":15},"end":{"line":67,"column":null}},"type":"cond-expr","locations":[{"start":{"line":67,"column":26},"end":{"line":67,"column":40}},{"start":{"line":67,"column":40},"end":{"line":67,"column":null}}],"line":67},"12":{"loc":{"start":{"line":73,"column":9},"end":{"line":73,"column":null}},"type":"cond-expr","locations":[{"start":{"line":73,"column":20},"end":{"line":73,"column":46}},{"start":{"line":73,"column":46},"end":{"line":73,"column":null}}],"line":73},"13":{"loc":{"start":{"line":77,"column":66},"end":{"line":77,"column":97}},"type":"binary-expr","locations":[{"start":{"line":77,"column":66},"end":{"line":77,"column":95}},{"start":{"line":77,"column":95},"end":{"line":77,"column":97}}],"line":77},"14":{"loc":{"start":{"line":78,"column":16},"end":{"line":78,"column":null}},"type":"binary-expr","locations":[{"start":{"line":78,"column":16},"end":{"line":78,"column":29}},{"start":{"line":78,"column":29},"end":{"line":78,"column":null}}],"line":78},"15":{"loc":{"start":{"line":84,"column":7},"end":{"line":88,"column":null}},"type":"binary-expr","locations":[{"start":{"line":84,"column":7},"end":{"line":84,"column":null}},{"start":{"line":85,"column":8},"end":{"line":88,"column":null}}],"line":84},"16":{"loc":{"start":{"line":90,"column":7},"end":{"line":94,"column":null}},"type":"binary-expr","locations":[{"start":{"line":90,"column":7},"end":{"line":90,"column":null}},{"start":{"line":91,"column":8},"end":{"line":94,"column":null}}],"line":90},"17":{"loc":{"start":{"line":96,"column":7},"end":{"line":102,"column":null}},"type":"binary-expr","locations":[{"start":{"line":96,"column":7},"end":{"line":96,"column":null}},{"start":{"line":97,"column":8},"end":{"line":102,"column":null}}],"line":96}},"s":{"0":0,"1":0,"2":0,"3":0,"4":0,"5":0,"6":0,"7":0,"8":0,"9":0,"10":0,"11":0,"12":0,"13":0,"14":0,"15":0,"16":0,"17":0,"18":0,"19":0,"20":0,"21":0,"22":0},"f":{"0":0,"1":0,"2":0,"3":0,"4":0},"b":{"0":[0,0],"1":[0,0],"2":[0,0],"3":[0,0],"4":[0,0],"5":[0,0],"6":[0,0],"7":[0,0],"8":[0,0],"9":[0,0,0,0],"10":[0,0],"11":[0,0],"12":[0,0],"13":[0,0],"14":[0,0],"15":[0,0],"16":[0,0],"17":[0,0]},"meta":{"lastBranch":18,"lastFunction":5,"lastStatement":23,"seen":{"f:13:24:13:49":0,"s:14:18:14:56":0,"s:15:15:15:37":1,"s:17:2:21:Infinity":2,"f:17:2:17:18":1,"s:18:4:18:Infinity":3,"s:19:14:19:61":4,"f:19:14:19:32":2,"s:19:32:19:53":5,"f:19:32:19:41":3,"s:19:47:19:53":6,"s:20:4:20:Infinity":7,"f:20:4:20:17":4,"s:20:17:20:33":8,"b:23:2:23:Infinity:undefined:undefined:undefined:undefined":0,"s:23:2:23:Infinity":9,"s:23:28:23:Infinity":10,"b:25:2:33:Infinity:undefined:undefined:undefined:undefined":1,"s:25:2:33:Infinity":11,"s:26:4:33:Infinity":12,"s:38:15:38:Infinity":13,"b:38:15:38:42:38:42:38:Infinity":2,"s:39:17:39:Infinity":14,"b:39:17:39:40:39:40:39:Infinity":3,"s:40:18:40:Infinity":15,"b:40:31:40:64:40:67:40:Infinity":4,"s:41:8:43:Infinity":16,"b:41:21:41:50:41:50:41:52":5,"b:43:9:43:55:43:55:43:Infinity":6,"b:42:7:42:36:42:36:42:Infinity":7,"b:45:2:53:Infinity:undefined:undefined:undefined:undefined":8,"s:45:2:53:Infinity":17,"s:46:4:53:Infinity":18,"s:59:4:62:Infinity":19,"b:59:4:59:Infinity:60:4:60:Infinity:61:4:61:Infinity:62:4:62:Infinity":9,"s:64:14:66:Infinity":20,"b:65:6:65:Infinity:66:6:66:Infinity":10,"s:67:15:67:Infinity":21,"b:67:26:67:40:67:40:67:Infinity":11,"s:69:2:106:Infinity":22,"b:73:20:73:46:73:46:73:Infinity":12,"b:77:66:77:95:77:95:77:97":13,"b:78:16:78:29:78:29:78:Infinity":14,"b:84:7:84:Infinity:85:8:88:Infinity":15,"b:90:7:90:Infinity:91:8:94:Infinity":16,"b:96:7:96:Infinity:97:8:102:Infinity":17}}}
,"C:\\Users\\Zeinab\\Downloads\\FYP\\minerva\\minerva\\frontend\\src\\components\\layout\\AuthLayout.jsx": {"path":"C:\\Users\\Zeinab\\Downloads\\FYP\\minerva\\minerva\\frontend\\src\\components\\layout\\AuthLayout.jsx","statementMap":{"0":{"start":{"line":6,"column":10},"end":{"line":6,"column":44}},"1":{"start":{"line":9,"column":2},"end":{"line":10,"column":null}},"2":{"start":{"line":10,"column":4},"end":{"line":10,"column":null}},"3":{"start":{"line":13,"column":2},"end":{"line":38,"column":null}}},"fnMap":{"0":{"name":"AuthLayout","decl":{"start":{"line":5,"column":24},"end":{"line":5,"column":37}},"loc":{"start":{"line":5,"column":37},"end":{"line":38,"column":null}},"line":5}},"branchMap":{"0":{"loc":{"start":{"line":9,"column":2},"end":{"line":10,"column":null}},"type":"if","locations":[{"start":{"line":9,"column":2},"end":{"line":10,"column":null}},{"start":{},"end":{}}],"line":9}},"s":{"0":0,"1":0,"2":0,"3":0},"f":{"0":0},"b":{"0":[0,0]},"meta":{"lastBranch":1,"lastFunction":1,"lastStatement":4,"seen":{"f:5:24:5:37":0,"s:6:10:6:44":0,"b:9:2:10:Infinity:undefined:undefined:undefined:undefined":0,"s:9:2:10:Infinity":1,"s:10:4:10:Infinity":2,"s:13:2:38:Infinity":3}}}
,"C:\\Users\\Zeinab\\Downloads\\FYP\\minerva\\minerva\\frontend\\src\\components\\layout\\MainLayout.jsx": {"path":"C:\\Users\\Zeinab\\Downloads\\FYP\\minerva\\minerva\\frontend\\src\\components\\layout\\MainLayout.jsx","statementMap":{"0":{"start":{"line":32,"column":17},"end":{"line":42,"column":null}},"1":{"start":{"line":44,"column":19},"end":{"line":52,"column":null}},"2":{"start":{"line":55,"column":24},"end":{"line":55,"column":50}},"3":{"start":{"line":56,"column":8},"end":{"line":56,"column":32}},"4":{"start":{"line":57,"column":24},"end":{"line":57,"column":59}},"5":{"start":{"line":59,"column":23},"end":{"line":61,"column":null}},"6":{"start":{"line":60,"column":4},"end":{"line":60,"column":null}},"7":{"start":{"line":61,"column":4},"end":{"line":61,"column":null}},"8":{"start":{"line":64,"column":2},"end":{"line":184,"column":null}},"9":{"start":{"line":98,"column":12},"end":{"line":108,"column":null}},"10":{"start":{"line":102,"column":43},"end":{"line":103,"column":null}},"11":{"start":{"line":115,"column":31},"end":{"line":115,"column":63}},"12":{"start":{"line":132,"column":20},"end":{"line":142,"column":null}},"13":{"start":{"line":136,"column":51},"end":{"line":137,"column":null}},"14":{"start":{"line":153,"column":41},"end":{"line":154,"column":null}},"15":{"start":{"line":189,"column":2},"end":{"line":219,"column":null}},"16":{"start":{"line":225,"column":22},"end":{"line":225,"column":55}},"17":{"start":{"line":227,"column":2},"end":{"line":237,"column":null}},"18":{"start":{"line":229,"column":51},"end":{"line":229,"column":76}},"19":{"start":{"line":233,"column":35},"end":{"line":233,"column":55}}},"fnMap":{"0":{"name":"Sidebar","decl":{"start":{"line":54,"column":9},"end":{"line":54,"column":17}},"loc":{"start":{"line":54,"column":38},"end":{"line":184,"column":null}},"line":54},"1":{"name":"(anonymous_1)","decl":{"start":{"line":59,"column":23},"end":{"line":59,"column":35}},"loc":{"start":{"line":59,"column":35},"end":{"line":61,"column":null}},"line":59},"2":{"name":"(anonymous_2)","decl":{"start":{"line":97,"column":20},"end":{"line":97,"column":25}},"loc":{"start":{"line":98,"column":12},"end":{"line":108,"column":null}},"line":98},"3":{"name":"(anonymous_3)","decl":{"start":{"line":102,"column":14},"end":{"line":102,"column":26}},"loc":{"start":{"line":102,"column":43},"end":{"line":103,"column":null}},"line":102},"4":{"name":"(anonymous_4)","decl":{"start":{"line":115,"column":16},"end":{"line":115,"column":31}},"loc":{"start":{"line":115,"column":31},"end":{"line":115,"column":63}},"line":115},"5":{"name":"(anonymous_5)","decl":{"start":{"line":131,"column":30},"end":{"line":131,"column":35}},"loc":{"start":{"line":132,"column":20},"end":{"line":142,"column":null}},"line":132},"6":{"name":"(anonymous_6)","decl":{"start":{"line":136,"column":22},"end":{"line":136,"column":34}},"loc":{"start":{"line":136,"column":51},"end":{"line":137,"column":null}},"line":136},"7":{"name":"(anonymous_7)","decl":{"start":{"line":153,"column":12},"end":{"line":153,"column":24}},"loc":{"start":{"line":153,"column":41},"end":{"line":154,"column":null}},"line":153},"8":{"name":"Header","decl":{"start":{"line":188,"column":9},"end":{"line":188,"column":16}},"loc":{"start":{"line":188,"column":33},"end":{"line":219,"column":null}},"line":188},"9":{"name":"MainLayout","decl":{"start":{"line":224,"column":24},"end":{"line":224,"column":37}},"loc":{"start":{"line":224,"column":37},"end":{"line":237,"column":null}},"line":224},"10":{"name":"(anonymous_10)","decl":{"start":{"line":229,"column":36},"end":{"line":229,"column":51}},"loc":{"start":{"line":229,"column":51},"end":{"line":229,"column":76}},"line":229},"11":{"name":"(anonymous_11)","decl":{"start":{"line":233,"column":16},"end":{"line":233,"column":35}},"loc":{"start":{"line":233,"column":35},"end":{"line":233,"column":55}},"line":233}},"branchMap":{"0":{"loc":{"start":{"line":67,"column":7},"end":{"line":75,"column":7}},"type":"binary-expr","locations":[{"start":{"line":67,"column":7},"end":{"line":67,"column":null}},{"start":{"line":68,"column":8},"end":{"line":75,"column":7}}],"line":67},"1":{"loc":{"start":{"line":79,"column":10},"end":{"line":79,"column":null}},"type":"cond-expr","locations":[{"start":{"line":79,"column":19},"end":{"line":79,"column":37}},{"start":{"line":79,"column":37},"end":{"line":79,"column":null}}],"line":79},"2":{"loc":{"start":{"line":103,"column":31},"end":{"line":103,"column":null}},"type":"cond-expr","locations":[{"start":{"line":103,"column":42},"end":{"line":103,"column":53}},{"start":{"line":103,"column":53},"end":{"line":103,"column":null}}],"line":103},"3":{"loc":{"start":{"line":112,"column":11},"end":{"line":144,"column":null}},"type":"binary-expr","locations":[{"start":{"line":112,"column":11},"end":{"line":112,"column":20}},{"start":{"line":113,"column":12},"end":{"line":144,"column":null}}],"line":112},"4":{"loc":{"start":{"line":122,"column":17},"end":{"line":125,"column":null}},"type":"cond-expr","locations":[{"start":{"line":123,"column":18},"end":{"line":125,"column":19}},{"start":{"line":125,"column":18},"end":{"line":125,"column":null}}],"line":122},"5":{"loc":{"start":{"line":129,"column":15},"end":{"line":144,"column":null}},"type":"binary-expr","locations":[{"start":{"line":129,"column":15},"end":{"line":129,"column":null}},{"start":{"line":130,"column":16},"end":{"line":144,"column":null}}],"line":129},"6":{"loc":{"start":{"line":137,"column":47},"end":{"line":137,"column":null}},"type":"cond-expr","locations":[{"start":{"line":137,"column":58},"end":{"line":137,"column":69}},{"start":{"line":137,"column":69},"end":{"line":137,"column":null}}],"line":137},"7":{"loc":{"start":{"line":154,"column":34},"end":{"line":154,"column":null}},"type":"cond-expr","locations":[{"start":{"line":154,"column":45},"end":{"line":154,"column":56}},{"start":{"line":154,"column":56},"end":{"line":154,"column":null}}],"line":154},"8":{"loc":{"start":{"line":167,"column":17},"end":{"line":167,"column":null}},"type":"binary-expr","locations":[{"start":{"line":167,"column":17},"end":{"line":167,"column":56}},{"start":{"line":167,"column":60},"end":{"line":167,"column":null}}],"line":167}},"s":{"0":0,"1":0,"2":0,"3":0,"4":0,"5":0,"6":0,"7":0,"8":0,"9":0,"10":0,"11":0,"12":0,"13":0,"14":0,"15":0,"16":0,"17":0,"18":0,"19":0},"f":{"0":0,"1":0,"2":0,"3":0,"4":0,"5":0,"6":0,"7":0,"8":0,"9":0,"10":0,"11":0},"b":{"0":[0,0],"1":[0,0],"2":[0,0],"3":[0,0],"4":[0,0],"5":[0,0],"6":[0,0],"7":[0,0],"8":[0,0]},"meta":{"lastBranch":9,"lastFunction":12,"lastStatement":20,"seen":{"s:32:17:42:Infinity":0,"s:44:19:52:Infinity":1,"f:54:9:54:17":0,"s:55:24:55:50":2,"s:56:8:56:32":3,"s:57:24:57:59":4,"s:59:23:61:Infinity":5,"f:59:23:59:35":1,"s:60:4:60:Infinity":6,"s:61:4:61:Infinity":7,"s:64:2:184:Infinity":8,"b:67:7:67:Infinity:68:8:75:7":0,"b:79:19:79:37:79:37:79:Infinity":1,"f:97:20:97:25":2,"s:98:12:108:Infinity":9,"f:102:14:102:26":3,"s:102:43:103:Infinity":10,"b:103:42:103:53:103:53:103:Infinity":2,"b:112:11:112:20:113:12:144:Infinity":3,"f:115:16:115:31":4,"s:115:31:115:63":11,"b:123:18:125:19:125:18:125:Infinity":4,"b:129:15:129:Infinity:130:16:144:Infinity":5,"f:131:30:131:35":5,"s:132:20:142:Infinity":12,"f:136:22:136:34":6,"s:136:51:137:Infinity":13,"b:137:58:137:69:137:69:137:Infinity":6,"f:153:12:153:24":7,"s:153:41:154:Infinity":14,"b:154:45:154:56:154:56:154:Infinity":7,"b:167:17:167:56:167:60:167:Infinity":8,"f:188:9:188:16":8,"s:189:2:219:Infinity":15,"f:224:24:224:37":9,"s:225:22:225:55":16,"s:227:2:237:Infinity":17,"f:229:36:229:51":10,"s:229:51:229:76":18,"f:233:16:233:35":11,"s:233:35:233:55":19}}}
,"C:\\Users\\Zeinab\\Downloads\\FYP\\minerva\\minerva\\frontend\\src\\components\\reports\\ReportAnalytics.jsx": {"path":"C:\\Users\\Zeinab\\Downloads\\FYP\\minerva\\minerva\\frontend\\src\\components\\reports\\ReportAnalytics.jsx","statementMap":{"0":{"start":{"line":8,"column":19},"end":{"line":14,"column":null}},"1":{"start":{"line":16,"column":20},"end":{"line":21,"column":null}},"2":{"start":{"line":23,"column":26},"end":{"line":30,"column":null}},"3":{"start":{"line":32,"column":17},"end":{"line":41,"column":null}},"4":{"start":{"line":44,"column":2},"end":{"line":50,"column":null}},"5":{"start":{"line":56,"column":22},"end":{"line":64,"column":null}},"6":{"start":{"line":65,"column":2},"end":{"line":70,"column":null}},"7":{"start":{"line":77,"column":16},"end":{"line":77,"column":null}},"8":{"start":{"line":78,"column":15},"end":{"line":78,"column":60}},"9":{"start":{"line":79,"column":2},"end":{"line":96,"column":null}},"10":{"start":{"line":101,"column":8},"end":{"line":101,"column":56}},"11":{"start":{"line":101,"column":44},"end":{"line":101,"column":56}},"12":{"start":{"line":102,"column":2},"end":{"line":102,"column":null}},"13":{"start":{"line":102,"column":24},"end":{"line":102,"column":null}},"14":{"start":{"line":103,"column":2},"end":{"line":120,"column":null}},"15":{"start":{"line":112,"column":16},"end":{"line":112,"column":null}},"16":{"start":{"line":115,"column":56},"end":{"line":115,"column":71}},"17":{"start":{"line":125,"column":8},"end":{"line":125,"column":56}},"18":{"start":{"line":125,"column":44},"end":{"line":125,"column":56}},"19":{"start":{"line":126,"column":2},"end":{"line":126,"column":null}},"20":{"start":{"line":126,"column":24},"end":{"line":126,"column":null}},"21":{"start":{"line":127,"column":2},"end":{"line":144,"column":null}},"22":{"start":{"line":136,"column":16},"end":{"line":136,"column":null}},"23":{"start":{"line":149,"column":2},"end":{"line":149,"column":null}},"24":{"start":{"line":149,"column":21},"end":{"line":149,"column":null}},"25":{"start":{"line":150,"column":2},"end":{"line":185,"column":null}},"26":{"start":{"line":166,"column":14},"end":{"line":180,"column":null}},"27":{"start":{"line":175,"column":18},"end":{"line":177,"column":null}},"28":{"start":{"line":190,"column":2},"end":{"line":190,"column":null}},"29":{"start":{"line":190,"column":10},"end":{"line":190,"column":null}},"30":{"start":{"line":191,"column":14},"end":{"line":192,"column":61}},"31":{"start":{"line":192,"column":4},"end":{"line":192,"column":59}},"32":{"start":{"line":192,"column":49},"end":{"line":192,"column":59}},"33":{"start":{"line":193,"column":2},"end":{"line":193,"column":null}},"34":{"start":{"line":193,"column":12},"end":{"line":193,"column":null}},"35":{"start":{"line":194,"column":16},"end":{"line":194,"column":null}},"36":{"start":{"line":195,"column":2},"end":{"line":195,"column":null}},"37":{"start":{"line":195,"column":21},"end":{"line":195,"column":null}},"38":{"start":{"line":196,"column":2},"end":{"line":196,"column":null}},"39":{"start":{"line":196,"column":21},"end":{"line":196,"column":null}},"40":{"start":{"line":197,"column":2},"end":{"line":197,"column":null}},"41":{"start":{"line":201,"column":2},"end":{"line":201,"column":null}},"42":{"start":{"line":201,"column":21},"end":{"line":201,"column":null}},"43":{"start":{"line":203,"column":2},"end":{"line":218,"column":null}},"44":{"start":{"line":223,"column":2},"end":{"line":223,"column":null}},"45":{"start":{"line":223,"column":21},"end":{"line":223,"column":null}},"46":{"start":{"line":224,"column":2},"end":{"line":243,"column":null}},"47":{"start":{"line":237,"column":14},"end":{"line":238,"column":null}},"48":{"start":{"line":248,"column":2},"end":{"line":248,"column":null}},"49":{"start":{"line":248,"column":39},"end":{"line":248,"column":48}},"50":{"start":{"line":248,"column":50},"end":{"line":248,"column":null}},"51":{"start":{"line":249,"column":2},"end":{"line":272,"column":null}},"52":{"start":{"line":260,"column":31},"end":{"line":260,"column":null}},"53":{"start":{"line":262,"column":18},"end":{"line":265,"column":null}},"54":{"start":{"line":266,"column":16},"end":{"line":266,"column":null}},"55":{"start":{"line":277,"column":2},"end":{"line":277,"column":null}},"56":{"start":{"line":277,"column":13},"end":{"line":277,"column":null}},"57":{"start":{"line":278,"column":16},"end":{"line":281,"column":28}},"58":{"start":{"line":281,"column":16},"end":{"line":281,"column":28}},"59":{"start":{"line":282,"column":2},"end":{"line":282,"column":null}},"60":{"start":{"line":282,"column":21},"end":{"line":282,"column":null}},"61":{"start":{"line":283,"column":2},"end":{"line":299,"column":null}},"62":{"start":{"line":292,"column":35},"end":{"line":292,"column":null}},"63":{"start":{"line":304,"column":2},"end":{"line":304,"column":null}},"64":{"start":{"line":304,"column":21},"end":{"line":304,"column":null}},"65":{"start":{"line":306,"column":18},"end":{"line":306,"column":20}},"66":{"start":{"line":307,"column":2},"end":{"line":309,"column":null}},"67":{"start":{"line":308,"column":18},"end":{"line":308,"column":63}},"68":{"start":{"line":309,"column":4},"end":{"line":309,"column":null}},"69":{"start":{"line":311,"column":17},"end":{"line":311,"column":80}},"70":{"start":{"line":311,"column":55},"end":{"line":311,"column":79}},"71":{"start":{"line":312,"column":2},"end":{"line":330,"column":null}},"72":{"start":{"line":319,"column":41},"end":{"line":319,"column":62}},"73":{"start":{"line":324,"column":14},"end":{"line":325,"column":null}},"74":{"start":{"line":335,"column":2},"end":{"line":335,"column":null}},"75":{"start":{"line":335,"column":40},"end":{"line":335,"column":null}},"76":{"start":{"line":336,"column":2},"end":{"line":350,"column":null}},"77":{"start":{"line":355,"column":2},"end":{"line":355,"column":null}},"78":{"start":{"line":355,"column":18},"end":{"line":355,"column":null}},"79":{"start":{"line":356,"column":12},"end":{"line":356,"column":32}},"80":{"start":{"line":357,"column":2},"end":{"line":428,"column":null}},"81":{"start":{"line":388,"column":78},"end":{"line":390,"column":13}},"82":{"start":{"line":396,"column":65},"end":{"line":398,"column":13}},"83":{"start":{"line":417,"column":72},"end":{"line":420,"column":13}}},"fnMap":{"0":{"name":"Card","decl":{"start":{"line":43,"column":9},"end":{"line":43,"column":14}},"loc":{"start":{"line":43,"column":61},"end":{"line":50,"column":null}},"line":43},"1":{"name":"Kpi","decl":{"start":{"line":55,"column":9},"end":{"line":55,"column":13}},"loc":{"start":{"line":55,"column":57},"end":{"line":70,"column":null}},"line":55},"2":{"name":"RiskGauge","decl":{"start":{"line":76,"column":9},"end":{"line":76,"column":19}},"loc":{"start":{"line":76,"column":37},"end":{"line":96,"column":null}},"line":76},"3":{"name":"SeverityDonut","decl":{"start":{"line":100,"column":9},"end":{"line":100,"column":23}},"loc":{"start":{"line":100,"column":33},"end":{"line":120,"column":null}},"line":100},"4":{"name":"(anonymous_4)","decl":{"start":{"line":101,"column":32},"end":{"line":101,"column":39}},"loc":{"start":{"line":101,"column":44},"end":{"line":101,"column":56}},"line":101},"5":{"name":"(anonymous_5)","decl":{"start":{"line":111,"column":24},"end":{"line":111,"column":29}},"loc":{"start":{"line":112,"column":16},"end":{"line":112,"column":null}},"line":112},"6":{"name":"(anonymous_6)","decl":{"start":{"line":115,"column":35},"end":{"line":115,"column":47}},"loc":{"start":{"line":115,"column":56},"end":{"line":115,"column":71}},"line":115},"7":{"name":"ConfidenceDonut","decl":{"start":{"line":124,"column":9},"end":{"line":124,"column":25}},"loc":{"start":{"line":124,"column":35},"end":{"line":144,"column":null}},"line":124},"8":{"name":"(anonymous_8)","decl":{"start":{"line":125,"column":32},"end":{"line":125,"column":39}},"loc":{"start":{"line":125,"column":44},"end":{"line":125,"column":56}},"line":125},"9":{"name":"(anonymous_9)","decl":{"start":{"line":135,"column":24},"end":{"line":135,"column":29}},"loc":{"start":{"line":136,"column":16},"end":{"line":136,"column":null}},"line":136},"10":{"name":"SeverityConfidenceMatrix","decl":{"start":{"line":148,"column":9},"end":{"line":148,"column":34}},"loc":{"start":{"line":148,"column":44},"end":{"line":185,"column":null}},"line":148},"11":{"name":"(anonymous_11)","decl":{"start":{"line":165,"column":18},"end":{"line":165,"column":23}},"loc":{"start":{"line":166,"column":14},"end":{"line":180,"column":null}},"line":166},"12":{"name":"(anonymous_12)","decl":{"start":{"line":174,"column":56},"end":{"line":174,"column":61}},"loc":{"start":{"line":175,"column":18},"end":{"line":177,"column":null}},"line":175},"13":{"name":"heatClass","decl":{"start":{"line":189,"column":9},"end":{"line":189,"column":19}},"loc":{"start":{"line":189,"column":31},"end":{"line":197,"column":null}},"line":189},"14":{"name":"(anonymous_14)","decl":{"start":{"line":191,"column":34},"end":{"line":191,"column":42}},"loc":{"start":{"line":192,"column":4},"end":{"line":192,"column":59}},"line":192},"15":{"name":"(anonymous_15)","decl":{"start":{"line":192,"column":40},"end":{"line":192,"column":44}},"loc":{"start":{"line":192,"column":49},"end":{"line":192,"column":59}},"line":192},"16":{"name":"HorizontalBarChart","decl":{"start":{"line":200,"column":9},"end":{"line":200,"column":28}},"loc":{"start":{"line":200,"column":92},"end":{"line":218,"column":null}},"line":200},"17":{"name":"StackedSeverityBars","decl":{"start":{"line":222,"column":9},"end":{"line":222,"column":29}},"loc":{"start":{"line":222,"column":65},"end":{"line":243,"column":null}},"line":222},"18":{"name":"(anonymous_18)","decl":{"start":{"line":236,"column":48},"end":{"line":236,"column":52}},"loc":{"start":{"line":237,"column":14},"end":{"line":238,"column":null}},"line":237},"19":{"name":"CvssHistogram","decl":{"start":{"line":247,"column":9},"end":{"line":247,"column":23}},"loc":{"start":{"line":247,"column":33},"end":{"line":272,"column":null}},"line":247},"20":{"name":"(anonymous_20)","decl":{"start":{"line":248,"column":28},"end":{"line":248,"column":34}},"loc":{"start":{"line":248,"column":39},"end":{"line":248,"column":48}},"line":248},"21":{"name":"(anonymous_21)","decl":{"start":{"line":259,"column":20},"end":{"line":259,"column":25}},"loc":{"start":{"line":259,"column":34},"end":{"line":266,"column":null}},"line":259},"22":{"name":"ConfirmationSplit","decl":{"start":{"line":276,"column":9},"end":{"line":276,"column":27}},"loc":{"start":{"line":276,"column":37},"end":{"line":299,"column":null}},"line":276},"23":{"name":"(anonymous_23)","decl":{"start":{"line":281,"column":4},"end":{"line":281,"column":11}},"loc":{"start":{"line":281,"column":16},"end":{"line":281,"column":28}},"line":281},"24":{"name":"(anonymous_24)","decl":{"start":{"line":292,"column":21},"end":{"line":292,"column":26}},"loc":{"start":{"line":292,"column":35},"end":{"line":292,"column":null}},"line":292},"25":{"name":"FindingsTimeline","decl":{"start":{"line":303,"column":9},"end":{"line":303,"column":26}},"loc":{"start":{"line":303,"column":36},"end":{"line":330,"column":null}},"line":303},"26":{"name":"(anonymous_26)","decl":{"start":{"line":311,"column":40},"end":{"line":311,"column":46}},"loc":{"start":{"line":311,"column":55},"end":{"line":311,"column":79}},"line":311},"27":{"name":"(anonymous_27)","decl":{"start":{"line":319,"column":19},"end":{"line":319,"column":35}},"loc":{"start":{"line":319,"column":41},"end":{"line":319,"column":62}},"line":319},"28":{"name":"(anonymous_28)","decl":{"start":{"line":323,"column":48},"end":{"line":323,"column":52}},"loc":{"start":{"line":324,"column":14},"end":{"line":325,"column":null}},"line":324},"29":{"name":"MitreRadar","decl":{"start":{"line":334,"column":9},"end":{"line":334,"column":20}},"loc":{"start":{"line":334,"column":30},"end":{"line":350,"column":null}},"line":334},"30":{"name":"ReportAnalytics","decl":{"start":{"line":354,"column":24},"end":{"line":354,"column":40}},"loc":{"start":{"line":354,"column":61},"end":{"line":428,"column":null}},"line":354},"31":{"name":"(anonymous_31)","decl":{"start":{"line":388,"column":68},"end":{"line":388,"column":72}},"loc":{"start":{"line":388,"column":78},"end":{"line":390,"column":13}},"line":388},"32":{"name":"(anonymous_32)","decl":{"start":{"line":396,"column":55},"end":{"line":396,"column":59}},"loc":{"start":{"line":396,"column":65},"end":{"line":398,"column":13}},"line":396},"33":{"name":"(anonymous_33)","decl":{"start":{"line":417,"column":62},"end":{"line":417,"column":66}},"loc":{"start":{"line":417,"column":72},"end":{"line":420,"column":13}},"line":417}},"branchMap":{"0":{"loc":{"start":{"line":43,"column":43},"end":{"line":43,"column":61}},"type":"default-arg","locations":[{"start":{"line":43,"column":55},"end":{"line":43,"column":61}}],"line":43},"1":{"loc":{"start":{"line":48,"column":9},"end":{"line":48,"column":null}},"type":"binary-expr","locations":[{"start":{"line":48,"column":9},"end":{"line":48,"column":21}},{"start":{"line":48,"column":21},"end":{"line":48,"column":null}}],"line":48},"2":{"loc":{"start":{"line":55,"column":37},"end":{"line":55,"column":57}},"type":"default-arg","locations":[{"start":{"line":55,"column":46},"end":{"line":55,"column":57}}],"line":55},"3":{"loc":{"start":{"line":56,"column":22},"end":{"line":64,"column":null}},"type":"binary-expr","locations":[{"start":{"line":56,"column":22},"end":{"line":64,"column":15}},{"start":{"line":64,"column":15},"end":{"line":64,"column":null}}],"line":56},"4":{"loc":{"start":{"line":70,"column":9},"end":{"line":70,"column":null}},"type":"binary-expr","locations":[{"start":{"line":70,"column":9},"end":{"line":70,"column":19}},{"start":{"line":70,"column":19},"end":{"line":70,"column":null}}],"line":70},"5":{"loc":{"start":{"line":77,"column":16},"end":{"line":77,"column":null}},"type":"binary-expr","locations":[{"start":{"line":77,"column":16},"end":{"line":77,"column":44}},{"start":{"line":77,"column":44},"end":{"line":77,"column":null}}],"line":77},"6":{"loc":{"start":{"line":101,"column":20},"end":{"line":101,"column":30}},"type":"binary-expr","locations":[{"start":{"line":101,"column":20},"end":{"line":101,"column":28}},{"start":{"line":101,"column":28},"end":{"line":101,"column":30}}],"line":101},"7":{"loc":{"start":{"line":102,"column":2},"end":{"line":102,"column":null}},"type":"if","locations":[{"start":{"line":102,"column":2},"end":{"line":102,"column":null}},{"start":{},"end":{}}],"line":102},"8":{"loc":{"start":{"line":112,"column":40},"end":{"line":112,"column":74}},"type":"binary-expr","locations":[{"start":{"line":112,"column":40},"end":{"line":112,"column":61}},{"start":{"line":112,"column":61},"end":{"line":112,"column":74}}],"line":112},"9":{"loc":{"start":{"line":125,"column":20},"end":{"line":125,"column":30}},"type":"binary-expr","locations":[{"start":{"line":125,"column":20},"end":{"line":125,"column":28}},{"start":{"line":125,"column":28},"end":{"line":125,"column":30}}],"line":125},"10":{"loc":{"start":{"line":126,"column":2},"end":{"line":126,"column":null}},"type":"if","locations":[{"start":{"line":126,"column":2},"end":{"line":126,"column":null}},{"start":{},"end":{}}],"line":126},"11":{"loc":{"start":{"line":136,"column":40},"end":{"line":136,"column":75}},"type":"binary-expr","locations":[{"start":{"line":136,"column":40},"end":{"line":136,"column":62}},{"start":{"line":136,"column":62},"end":{"line":136,"column":75}}],"line":136},"12":{"loc":{"start":{"line":149,"column":2},"end":{"line":149,"column":null}},"type":"if","locations":[{"start":{"line":149,"column":2},"end":{"line":149,"column":null}},{"start":{},"end":{}}],"line":149},"13":{"loc":{"start":{"line":176,"column":21},"end":{"line":176,"column":null}},"type":"binary-expr","locations":[{"start":{"line":176,"column":21},"end":{"line":176,"column":31}},{"start":{"line":176,"column":31},"end":{"line":176,"column":null}}],"line":176},"14":{"loc":{"start":{"line":190,"column":2},"end":{"line":190,"column":null}},"type":"if","locations":[{"start":{"line":190,"column":2},"end":{"line":190,"column":null}},{"start":{},"end":{}}],"line":190},"15":{"loc":{"start":{"line":192,"column":49},"end":{"line":192,"column":59}},"type":"binary-expr","locations":[{"start":{"line":192,"column":49},"end":{"line":192,"column":57}},{"start":{"line":192,"column":57},"end":{"line":192,"column":59}}],"line":192},"16":{"loc":{"start":{"line":193,"column":2},"end":{"line":193,"column":null}},"type":"if","locations":[{"start":{"line":193,"column":2},"end":{"line":193,"column":null}},{"start":{},"end":{}}],"line":193},"17":{"loc":{"start":{"line":195,"column":2},"end":{"line":195,"column":null}},"type":"if","locations":[{"start":{"line":195,"column":2},"end":{"line":195,"column":null}},{"start":{},"end":{}}],"line":195},"18":{"loc":{"start":{"line":196,"column":2},"end":{"line":196,"column":null}},"type":"if","locations":[{"start":{"line":196,"column":2},"end":{"line":196,"column":null}},{"start":{},"end":{}}],"line":196},"19":{"loc":{"start":{"line":200,"column":71},"end":{"line":200,"column":92}},"type":"default-arg","locations":[{"start":{"line":200,"column":79},"end":{"line":200,"column":92}}],"line":200},"20":{"loc":{"start":{"line":201,"column":2},"end":{"line":201,"column":null}},"type":"if","locations":[{"start":{"line":201,"column":2},"end":{"line":201,"column":null}},{"start":{},"end":{}}],"line":201},"21":{"loc":{"start":{"line":223,"column":2},"end":{"line":223,"column":null}},"type":"if","locations":[{"start":{"line":223,"column":2},"end":{"line":223,"column":null}},{"start":{},"end":{}}],"line":223},"22":{"loc":{"start":{"line":248,"column":2},"end":{"line":248,"column":null}},"type":"if","locations":[{"start":{"line":248,"column":2},"end":{"line":248,"column":null}},{"start":{},"end":{}}],"line":248},"23":{"loc":{"start":{"line":248,"column":6},"end":{"line":248,"column":48}},"type":"binary-expr","locations":[{"start":{"line":248,"column":6},"end":{"line":248,"column":23}},{"start":{"line":248,"column":23},"end":{"line":248,"column":48}}],"line":248},"24":{"loc":{"start":{"line":262,"column":18},"end":{"line":265,"column":null}},"type":"cond-expr","locations":[{"start":{"line":262,"column":38},"end":{"line":262,"column":null}},{"start":{"line":263,"column":18},"end":{"line":265,"column":null}}],"line":262},"25":{"loc":{"start":{"line":263,"column":18},"end":{"line":265,"column":null}},"type":"cond-expr","locations":[{"start":{"line":263,"column":39},"end":{"line":263,"column":null}},{"start":{"line":264,"column":18},"end":{"line":265,"column":null}}],"line":263},"26":{"loc":{"start":{"line":264,"column":18},"end":{"line":265,"column":null}},"type":"cond-expr","locations":[{"start":{"line":264,"column":39},"end":{"line":264,"column":null}},{"start":{"line":265,"column":18},"end":{"line":265,"column":null}}],"line":264},"27":{"loc":{"start":{"line":265,"column":18},"end":{"line":265,"column":null}},"type":"cond-expr","locations":[{"start":{"line":265,"column":39},"end":{"line":265,"column":51}},{"start":{"line":265,"column":51},"end":{"line":265,"column":null}}],"line":265},"28":{"loc":{"start":{"line":277,"column":2},"end":{"line":277,"column":null}},"type":"if","locations":[{"start":{"line":277,"column":2},"end":{"line":277,"column":null}},{"start":{},"end":{}}],"line":277},"29":{"loc":{"start":{"line":282,"column":2},"end":{"line":282,"column":null}},"type":"if","locations":[{"start":{"line":282,"column":2},"end":{"line":282,"column":null}},{"start":{},"end":{}}],"line":282},"30":{"loc":{"start":{"line":304,"column":2},"end":{"line":304,"column":null}},"type":"if","locations":[{"start":{"line":304,"column":2},"end":{"line":304,"column":null}},{"start":{},"end":{}}],"line":304},"31":{"loc":{"start":{"line":308,"column":34},"end":{"line":308,"column":63}},"type":"binary-expr","locations":[{"start":{"line":308,"column":34},"end":{"line":308,"column":51}},{"start":{"line":308,"column":51},"end":{"line":308,"column":63}}],"line":308},"32":{"loc":{"start":{"line":309,"column":24},"end":{"line":309,"column":49}},"type":"binary-expr","locations":[{"start":{"line":309,"column":24},"end":{"line":309,"column":44}},{"start":{"line":309,"column":44},"end":{"line":309,"column":49}}],"line":309},"33":{"loc":{"start":{"line":319,"column":41},"end":{"line":319,"column":62}},"type":"binary-expr","locations":[{"start":{"line":319,"column":41},"end":{"line":319,"column":53}},{"start":{"line":319,"column":57},"end":{"line":319,"column":62}}],"line":319},"34":{"loc":{"start":{"line":335,"column":2},"end":{"line":335,"column":null}},"type":"if","locations":[{"start":{"line":335,"column":2},"end":{"line":335,"column":null}},{"start":{},"end":{}}],"line":335},"35":{"loc":{"start":{"line":335,"column":6},"end":{"line":335,"column":40}},"type":"binary-expr","locations":[{"start":{"line":335,"column":6},"end":{"line":335,"column":23}},{"start":{"line":335,"column":23},"end":{"line":335,"column":40}}],"line":335},"36":{"loc":{"start":{"line":355,"column":2},"end":{"line":355,"column":null}},"type":"if","locations":[{"start":{"line":355,"column":2},"end":{"line":355,"column":null}},{"start":{},"end":{}}],"line":355},"37":{"loc":{"start":{"line":356,"column":12},"end":{"line":356,"column":32}},"type":"binary-expr","locations":[{"start":{"line":356,"column":12},"end":{"line":356,"column":30}},{"start":{"line":356,"column":30},"end":{"line":356,"column":32}}],"line":356},"38":{"loc":{"start":{"line":361,"column":37},"end":{"line":361,"column":60}},"type":"binary-expr","locations":[{"start":{"line":361,"column":37},"end":{"line":361,"column":57}},{"start":{"line":361,"column":57},"end":{"line":361,"column":60}}],"line":361},"39":{"loc":{"start":{"line":362,"column":37},"end":{"line":362,"column":54}},"type":"binary-expr","locations":[{"start":{"line":362,"column":37},"end":{"line":362,"column":51}},{"start":{"line":362,"column":51},"end":{"line":362,"column":54}}],"line":362},"40":{"loc":{"start":{"line":363,"column":33},"end":{"line":363,"column":46}},"type":"binary-expr","locations":[{"start":{"line":363,"column":33},"end":{"line":363,"column":43}},{"start":{"line":363,"column":43},"end":{"line":363,"column":46}}],"line":363},"41":{"loc":{"start":{"line":364,"column":41},"end":{"line":364,"column":65}},"type":"binary-expr","locations":[{"start":{"line":364,"column":41},"end":{"line":364,"column":60}},{"start":{"line":364,"column":60},"end":{"line":364,"column":65}}],"line":364},"42":{"loc":{"start":{"line":365,"column":37},"end":{"line":365,"column":54}},"type":"binary-expr","locations":[{"start":{"line":365,"column":37},"end":{"line":365,"column":51}},{"start":{"line":365,"column":51},"end":{"line":365,"column":54}}],"line":365},"43":{"loc":{"start":{"line":366,"column":38},"end":{"line":366,"column":68}},"type":"binary-expr","locations":[{"start":{"line":366,"column":38},"end":{"line":366,"column":65}},{"start":{"line":366,"column":65},"end":{"line":366,"column":68}}],"line":366},"44":{"loc":{"start":{"line":371,"column":9},"end":{"line":371,"column":null}},"type":"binary-expr","locations":[{"start":{"line":371,"column":9},"end":{"line":371,"column":17}},{"start":{"line":371,"column":17},"end":{"line":371,"column":null}}],"line":371},"45":{"loc":{"start":{"line":371,"column":54},"end":{"line":371,"column":73}},"type":"binary-expr","locations":[{"start":{"line":371,"column":54},"end":{"line":371,"column":68}},{"start":{"line":371,"column":68},"end":{"line":371,"column":73}}],"line":371},"46":{"loc":{"start":{"line":388,"column":17},"end":{"line":388,"column":53}},"type":"binary-expr","locations":[{"start":{"line":388,"column":17},"end":{"line":388,"column":51}},{"start":{"line":388,"column":51},"end":{"line":388,"column":53}}],"line":388},"47":{"loc":{"start":{"line":389,"column":19},"end":{"line":389,"column":55}},"type":"binary-expr","locations":[{"start":{"line":389,"column":19},"end":{"line":389,"column":36}},{"start":{"line":389,"column":36},"end":{"line":389,"column":51}},{"start":{"line":389,"column":51},"end":{"line":389,"column":55}}],"line":389},"48":{"loc":{"start":{"line":396,"column":17},"end":{"line":396,"column":53}},"type":"binary-expr","locations":[{"start":{"line":396,"column":17},"end":{"line":396,"column":51}},{"start":{"line":396,"column":51},"end":{"line":396,"column":53}}],"line":396},"49":{"loc":{"start":{"line":407,"column":16},"end":{"line":407,"column":53}},"type":"binary-expr","locations":[{"start":{"line":407,"column":16},"end":{"line":407,"column":51}},{"start":{"line":407,"column":51},"end":{"line":407,"column":53}}],"line":407},"50":{"loc":{"start":{"line":412,"column":16},"end":{"line":412,"column":48}},"type":"binary-expr","locations":[{"start":{"line":412,"column":16},"end":{"line":412,"column":46}},{"start":{"line":412,"column":46},"end":{"line":412,"column":48}}],"line":412},"51":{"loc":{"start":{"line":417,"column":17},"end":{"line":417,"column":47}},"type":"binary-expr","locations":[{"start":{"line":417,"column":17},"end":{"line":417,"column":45}},{"start":{"line":417,"column":45},"end":{"line":417,"column":47}}],"line":417},"52":{"loc":{"start":{"line":418,"column":20},"end":{"line":418,"column":null}},"type":"cond-expr","locations":[{"start":{"line":418,"column":43},"end":{"line":418,"column":73}},{"start":{"line":418,"column":73},"end":{"line":418,"column":null}}],"line":418}},"s":{"0":0,"1":0,"2":0,"3":0,"4":0,"5":0,"6":0,"7":0,"8":0,"9":0,"10":0,"11":0,"12":0,"13":0,"14":0,"15":0,"16":0,"17":0,"18":0,"19":0,"20":0,"21":0,"22":0,"23":0,"24":0,"25":0,"26":0,"27":0,"28":0,"29":0,"30":0,"31":0,"32":0,"33":0,"34":0,"35":0,"36":0,"37":0,"38":0,"39":0,"40":0,"41":0,"42":0,"43":0,"44":0,"45":0,"46":0,"47":0,"48":0,"49":0,"50":0,"51":0,"52":0,"53":0,"54":0,"55":0,"56":0,"57":0,"58":0,"59":0,"60":0,"61":0,"62":0,"63":0,"64":0,"65":0,"66":0,"67":0,"68":0,"69":0,"70":0,"71":0,"72":0,"73":0,"74":0,"75":0,"76":0,"77":0,"78":0,"79":0,"80":0,"81":0,"82":0,"83":0},"f":{"0":0,"1":0,"2":0,"3":0,"4":0,"5":0,"6":0,"7":0,"8":0,"9":0,"10":0,"11":0,"12":0,"13":0,"14":0,"15":0,"16":0,"17":0,"18":0,"19":0,"20":0,"21":0,"22":0,"23":0,"24":0,"25":0,"26":0,"27":0,"28":0,"29":0,"30":0,"31":0,"32":0,"33":0},"b":{"0":[0],"1":[0,0],"2":[0],"3":[0,0],"4":[0,0],"5":[0,0],"6":[0,0],"7":[0,0],"8":[0,0],"9":[0,0],"10":[0,0],"11":[0,0],"12":[0,0],"13":[0,0],"14":[0,0],"15":[0,0],"16":[0,0],"17":[0,0],"18":[0,0],"19":[0],"20":[0,0],"21":[0,0],"22":[0,0],"23":[0,0],"24":[0,0],"25":[0,0],"26":[0,0],"27":[0,0],"28":[0,0],"29":[0,0],"30":[0,0],"31":[0,0],"32":[0,0],"33":[0,0],"34":[0,0],"35":[0,0],"36":[0,0],"37":[0,0],"38":[0,0],"39":[0,0],"40":[0,0],"41":[0,0],"42":[0,0],"43":[0,0],"44":[0,0],"45":[0,0],"46":[0,0],"47":[0,0,0],"48":[0,0],"49":[0,0],"50":[0,0],"51":[0,0],"52":[0,0]},"meta":{"lastBranch":53,"lastFunction":34,"lastStatement":84,"seen":{"s:8:19:14:Infinity":0,"s:16:20:21:Infinity":1,"s:23:26:30:Infinity":2,"s:32:17:41:Infinity":3,"f:43:9:43:14":0,"b:43:55:43:61":0,"s:44:2:50:Infinity":4,"b:48:9:48:21:48:21:48:Infinity":1,"f:55:9:55:13":1,"b:55:46:55:57":2,"s:56:22:64:Infinity":5,"b:56:22:64:15:64:15:64:Infinity":3,"s:65:2:70:Infinity":6,"b:70:9:70:19:70:19:70:Infinity":4,"f:76:9:76:19":2,"s:77:16:77:Infinity":7,"b:77:16:77:44:77:44:77:Infinity":5,"s:78:15:78:60":8,"s:79:2:96:Infinity":9,"f:100:9:100:23":3,"s:101:8:101:56":10,"b:101:20:101:28:101:28:101:30":6,"f:101:32:101:39":4,"s:101:44:101:56":11,"b:102:2:102:Infinity:undefined:undefined:undefined:undefined":7,"s:102:2:102:Infinity":12,"s:102:24:102:Infinity":13,"s:103:2:120:Infinity":14,"f:111:24:111:29":5,"s:112:16:112:Infinity":15,"b:112:40:112:61:112:61:112:74":8,"f:115:35:115:47":6,"s:115:56:115:71":16,"f:124:9:124:25":7,"s:125:8:125:56":17,"b:125:20:125:28:125:28:125:30":9,"f:125:32:125:39":8,"s:125:44:125:56":18,"b:126:2:126:Infinity:undefined:undefined:undefined:undefined":10,"s:126:2:126:Infinity":19,"s:126:24:126:Infinity":20,"s:127:2:144:Infinity":21,"f:135:24:135:29":9,"s:136:16:136:Infinity":22,"b:136:40:136:62:136:62:136:75":11,"f:148:9:148:34":10,"b:149:2:149:Infinity:undefined:undefined:undefined:undefined":12,"s:149:2:149:Infinity":23,"s:149:21:149:Infinity":24,"s:150:2:185:Infinity":25,"f:165:18:165:23":11,"s:166:14:180:Infinity":26,"f:174:56:174:61":12,"s:175:18:177:Infinity":27,"b:176:21:176:31:176:31:176:Infinity":13,"f:189:9:189:19":13,"b:190:2:190:Infinity:undefined:undefined:undefined:undefined":14,"s:190:2:190:Infinity":28,"s:190:10:190:Infinity":29,"s:191:14:192:61":30,"f:191:34:191:42":14,"s:192:4:192:59":31,"f:192:40:192:44":15,"s:192:49:192:59":32,"b:192:49:192:57:192:57:192:59":15,"b:193:2:193:Infinity:undefined:undefined:undefined:undefined":16,"s:193:2:193:Infinity":33,"s:193:12:193:Infinity":34,"s:194:16:194:Infinity":35,"b:195:2:195:Infinity:undefined:undefined:undefined:undefined":17,"s:195:2:195:Infinity":36,"s:195:21:195:Infinity":37,"b:196:2:196:Infinity:undefined:undefined:undefined:undefined":18,"s:196:2:196:Infinity":38,"s:196:21:196:Infinity":39,"s:197:2:197:Infinity":40,"f:200:9:200:28":16,"b:200:79:200:92":19,"b:201:2:201:Infinity:undefined:undefined:undefined:undefined":20,"s:201:2:201:Infinity":41,"s:201:21:201:Infinity":42,"s:203:2:218:Infinity":43,"f:222:9:222:29":17,"b:223:2:223:Infinity:undefined:undefined:undefined:undefined":21,"s:223:2:223:Infinity":44,"s:223:21:223:Infinity":45,"s:224:2:243:Infinity":46,"f:236:48:236:52":18,"s:237:14:238:Infinity":47,"f:247:9:247:23":19,"b:248:2:248:Infinity:undefined:undefined:undefined:undefined":22,"s:248:2:248:Infinity":48,"b:248:6:248:23:248:23:248:48":23,"f:248:28:248:34":20,"s:248:39:248:48":49,"s:248:50:248:Infinity":50,"s:249:2:272:Infinity":51,"f:259:20:259:25":21,"s:260:31:260:Infinity":52,"s:262:18:265:Infinity":53,"b:262:38:262:Infinity:263:18:265:Infinity":24,"b:263:39:263:Infinity:264:18:265:Infinity":25,"b:264:39:264:Infinity:265:18:265:Infinity":26,"b:265:39:265:51:265:51:265:Infinity":27,"s:266:16:266:Infinity":54,"f:276:9:276:27":22,"b:277:2:277:Infinity:undefined:undefined:undefined:undefined":28,"s:277:2:277:Infinity":55,"s:277:13:277:Infinity":56,"s:278:16:281:28":57,"f:281:4:281:11":23,"s:281:16:281:28":58,"b:282:2:282:Infinity:undefined:undefined:undefined:undefined":29,"s:282:2:282:Infinity":59,"s:282:21:282:Infinity":60,"s:283:2:299:Infinity":61,"f:292:21:292:26":24,"s:292:35:292:Infinity":62,"f:303:9:303:26":25,"b:304:2:304:Infinity:undefined:undefined:undefined:undefined":30,"s:304:2:304:Infinity":63,"s:304:21:304:Infinity":64,"s:306:18:306:20":65,"s:307:2:309:Infinity":66,"s:308:18:308:63":67,"b:308:34:308:51:308:51:308:63":31,"s:309:4:309:Infinity":68,"b:309:24:309:44:309:44:309:49":32,"s:311:17:311:80":69,"f:311:40:311:46":26,"s:311:55:311:79":70,"s:312:2:330:Infinity":71,"f:319:19:319:35":27,"s:319:41:319:62":72,"b:319:41:319:53:319:57:319:62":33,"f:323:48:323:52":28,"s:324:14:325:Infinity":73,"f:334:9:334:20":29,"b:335:2:335:Infinity:undefined:undefined:undefined:undefined":34,"s:335:2:335:Infinity":74,"b:335:6:335:23:335:23:335:40":35,"s:335:40:335:Infinity":75,"s:336:2:350:Infinity":76,"f:354:24:354:40":30,"b:355:2:355:Infinity:undefined:undefined:undefined:undefined":36,"s:355:2:355:Infinity":77,"s:355:18:355:Infinity":78,"s:356:12:356:32":79,"b:356:12:356:30:356:30:356:32":37,"s:357:2:428:Infinity":80,"b:361:37:361:57:361:57:361:60":38,"b:362:37:362:51:362:51:362:54":39,"b:363:33:363:43:363:43:363:46":40,"b:364:41:364:60:364:60:364:65":41,"b:365:37:365:51:365:51:365:54":42,"b:366:38:366:65:366:65:366:68":43,"b:371:9:371:17:371:17:371:Infinity":44,"b:371:54:371:68:371:68:371:73":45,"b:388:17:388:51:388:51:388:53":46,"f:388:68:388:72":31,"s:388:78:390:13":81,"b:389:19:389:36:389:36:389:51:389:51:389:55":47,"b:396:17:396:51:396:51:396:53":48,"f:396:55:396:59":32,"s:396:65:398:13":82,"b:407:16:407:51:407:51:407:53":49,"b:412:16:412:46:412:46:412:48":50,"b:417:17:417:45:417:45:417:47":51,"f:417:62:417:66":33,"s:417:72:420:13":83,"b:418:43:418:73:418:73:418:Infinity":52}}}
,"C:\\Users\\Zeinab\\Downloads\\FYP\\minerva\\minerva\\frontend\\src\\components\\scanners\\CheckBuilder.jsx": {"path":"C:\\Users\\Zeinab\\Downloads\\FYP\\minerva\\minerva\\frontend\\src\\components\\scanners\\CheckBuilder.jsx","statementMap":{"0":{"start":{"line":4,"column":15},"end":{"line":4,"column":null}},"1":{"start":{"line":5,"column":2},"end":{"line":21,"column":null}},"2":{"start":{"line":6,"column":19},"end":{"line":6,"column":null}},"3":{"start":{"line":7,"column":4},"end":{"line":21,"column":null}},"4":{"start":{"line":13,"column":10},"end":{"line":18,"column":null}},"5":{"start":{"line":16,"column":26},"end":{"line":16,"column":34}},"6":{"start":{"line":18,"column":27},"end":{"line":18,"column":70}},"7":{"start":{"line":24,"column":2},"end":{"line":39,"column":null}},"8":{"start":{"line":33,"column":8},"end":{"line":36,"column":null}},"9":{"start":{"line":44,"column":21},"end":{"line":44,"column":66}},"10":{"start":{"line":44,"column":44},"end":{"line":44,"column":66}},"11":{"start":{"line":45,"column":17},"end":{"line":45,"column":41}},"12":{"start":{"line":46,"column":19},"end":{"line":46,"column":45}},"13":{"start":{"line":47,"column":20},"end":{"line":47,"column":39}},"14":{"start":{"line":49,"column":8},"end":{"line":50,"column":null}},"15":{"start":{"line":50,"column":4},"end":{"line":50,"column":null}},"16":{"start":{"line":53,"column":2},"end":{"line":120,"column":null}},"17":{"start":{"line":60,"column":28},"end":{"line":60,"column":null}},"18":{"start":{"line":61,"column":27},"end":{"line":61,"column":69}},"19":{"start":{"line":61,"column":50},"end":{"line":61,"column":69}},"20":{"start":{"line":62,"column":25},"end":{"line":62,"column":null}},"21":{"start":{"line":63,"column":12},"end":{"line":65,"column":null}},"22":{"start":{"line":64,"column":14},"end":{"line":65,"column":null}},"23":{"start":{"line":65,"column":16},"end":{"line":65,"column":null}},"24":{"start":{"line":68,"column":12},"end":{"line":68,"column":null}},"25":{"start":{"line":73,"column":12},"end":{"line":75,"column":null}},"26":{"start":{"line":91,"column":28},"end":{"line":91,"column":null}},"27":{"start":{"line":92,"column":28},"end":{"line":92,"column":51}},"28":{"start":{"line":93,"column":14},"end":{"line":105,"column":null}},"29":{"start":{"line":103,"column":37},"end":{"line":103,"column":null}},"30":{"start":{"line":117,"column":31},"end":{"line":117,"column":null}},"31":{"start":{"line":127,"column":8},"end":{"line":127,"column":55}},"32":{"start":{"line":127,"column":20},"end":{"line":127,"column":55}},"33":{"start":{"line":128,"column":8},"end":{"line":129,"column":58}},"34":{"start":{"line":129,"column":4},"end":{"line":129,"column":58}},"35":{"start":{"line":129,"column":35},"end":{"line":129,"column":57}},"36":{"start":{"line":130,"column":8},"end":{"line":130,"column":72}},"37":{"start":{"line":130,"column":28},"end":{"line":130,"column":72}},"38":{"start":{"line":130,"column":61},"end":{"line":130,"column":71}},"39":{"start":{"line":132,"column":2},"end":{"line":151,"column":null}},"40":{"start":{"line":138,"column":8},"end":{"line":144,"column":null}},"41":{"start":{"line":142,"column":30},"end":{"line":142,"column":47}},"42":{"start":{"line":143,"column":26},"end":{"line":143,"column":null}}},"fnMap":{"0":{"name":"Field","decl":{"start":{"line":3,"column":9},"end":{"line":3,"column":15}},"loc":{"start":{"line":3,"column":49},"end":{"line":39,"column":null}},"line":3},"1":{"name":"(anonymous_1)","decl":{"start":{"line":12,"column":8},"end":{"line":12,"column":19}},"loc":{"start":{"line":13,"column":10},"end":{"line":18,"column":null}},"line":13},"2":{"name":"(anonymous_2)","decl":{"start":{"line":16,"column":15},"end":{"line":16,"column":20}},"loc":{"start":{"line":16,"column":26},"end":{"line":16,"column":34}},"line":16},"3":{"name":"(anonymous_3)","decl":{"start":{"line":18,"column":15},"end":{"line":18,"column":20}},"loc":{"start":{"line":18,"column":27},"end":{"line":18,"column":70}},"line":18},"4":{"name":"(anonymous_4)","decl":{"start":{"line":32,"column":6},"end":{"line":32,"column":17}},"loc":{"start":{"line":33,"column":8},"end":{"line":36,"column":null}},"line":33},"5":{"name":"CheckRow","decl":{"start":{"line":43,"column":9},"end":{"line":43,"column":18}},"loc":{"start":{"line":43,"column":61},"end":{"line":120,"column":null}},"line":43},"6":{"name":"(anonymous_6)","decl":{"start":{"line":44,"column":32},"end":{"line":44,"column":38}},"loc":{"start":{"line":44,"column":44},"end":{"line":44,"column":66}},"line":44},"7":{"name":"(anonymous_7)","decl":{"start":{"line":49,"column":8},"end":{"line":49,"column":23}},"loc":{"start":{"line":49,"column":36},"end":{"line":50,"column":null}},"line":49},"8":{"name":"(anonymous_8)","decl":{"start":{"line":59,"column":10},"end":{"line":59,"column":21}},"loc":{"start":{"line":59,"column":27},"end":{"line":68,"column":null}},"line":59},"9":{"name":"(anonymous_9)","decl":{"start":{"line":61,"column":38},"end":{"line":61,"column":44}},"loc":{"start":{"line":61,"column":50},"end":{"line":61,"column":69}},"line":61},"10":{"name":"(anonymous_10)","decl":{"start":{"line":72,"column":22},"end":{"line":72,"column":27}},"loc":{"start":{"line":73,"column":12},"end":{"line":75,"column":null}},"line":73},"11":{"name":"(anonymous_11)","decl":{"start":{"line":90,"column":23},"end":{"line":90,"column":28}},"loc":{"start":{"line":90,"column":37},"end":{"line":105,"column":null}},"line":90},"12":{"name":"(anonymous_12)","decl":{"start":{"line":103,"column":20},"end":{"line":103,"column":31}},"loc":{"start":{"line":103,"column":37},"end":{"line":103,"column":null}},"line":103},"13":{"name":"(anonymous_13)","decl":{"start":{"line":117,"column":14},"end":{"line":117,"column":25}},"loc":{"start":{"line":117,"column":31},"end":{"line":117,"column":null}},"line":117},"14":{"name":"CheckBuilder","decl":{"start":{"line":126,"column":24},"end":{"line":126,"column":37}},"loc":{"start":{"line":126,"column":81},"end":{"line":151,"column":null}},"line":126},"15":{"name":"(anonymous_15)","decl":{"start":{"line":127,"column":8},"end":{"line":127,"column":20}},"loc":{"start":{"line":127,"column":20},"end":{"line":127,"column":55}},"line":127},"16":{"name":"(anonymous_16)","decl":{"start":{"line":128,"column":8},"end":{"line":128,"column":20}},"loc":{"start":{"line":129,"column":4},"end":{"line":129,"column":58}},"line":129},"17":{"name":"(anonymous_17)","decl":{"start":{"line":129,"column":20},"end":{"line":129,"column":25}},"loc":{"start":{"line":129,"column":35},"end":{"line":129,"column":57}},"line":129},"18":{"name":"(anonymous_18)","decl":{"start":{"line":130,"column":8},"end":{"line":130,"column":20}},"loc":{"start":{"line":130,"column":28},"end":{"line":130,"column":72}},"line":130},"19":{"name":"(anonymous_19)","decl":{"start":{"line":130,"column":44},"end":{"line":130,"column":52}},"loc":{"start":{"line":130,"column":61},"end":{"line":130,"column":71}},"line":130},"20":{"name":"(anonymous_20)","decl":{"start":{"line":137,"column":14},"end":{"line":137,"column":19}},"loc":{"start":{"line":138,"column":8},"end":{"line":144,"column":null}},"line":138},"21":{"name":"(anonymous_21)","decl":{"start":{"line":142,"column":10},"end":{"line":142,"column":21}},"loc":{"start":{"line":142,"column":30},"end":{"line":142,"column":47}},"line":142},"22":{"name":"(anonymous_22)","decl":{"start":{"line":143,"column":10},"end":{"line":143,"column":26}},"loc":{"start":{"line":143,"column":26},"end":{"line":143,"column":null}},"line":143}},"branchMap":{"0":{"loc":{"start":{"line":4,"column":15},"end":{"line":4,"column":null}},"type":"binary-expr","locations":[{"start":{"line":4,"column":15},"end":{"line":4,"column":30}},{"start":{"line":4,"column":30},"end":{"line":4,"column":null}}],"line":4},"1":{"loc":{"start":{"line":5,"column":2},"end":{"line":21,"column":null}},"type":"if","locations":[{"start":{"line":5,"column":2},"end":{"line":21,"column":null}},{"start":{},"end":{}}],"line":5},"2":{"loc":{"start":{"line":6,"column":19},"end":{"line":6,"column":null}},"type":"cond-expr","locations":[{"start":{"line":6,"column":42},"end":{"line":6,"column":58}},{"start":{"line":6,"column":61},"end":{"line":6,"column":null}}],"line":6},"3":{"loc":{"start":{"line":6,"column":61},"end":{"line":6,"column":null}},"type":"binary-expr","locations":[{"start":{"line":6,"column":61},"end":{"line":6,"column":70}},{"start":{"line":6,"column":70},"end":{"line":6,"column":null}}],"line":6},"4":{"loc":{"start":{"line":10,"column":21},"end":{"line":10,"column":null}},"type":"binary-expr","locations":[{"start":{"line":10,"column":21},"end":{"line":10,"column":42}},{"start":{"line":10,"column":42},"end":{"line":10,"column":null}}],"line":10},"5":{"loc":{"start":{"line":18,"column":27},"end":{"line":18,"column":70}},"type":"cond-expr","locations":[{"start":{"line":18,"column":55},"end":{"line":18,"column":64}},{"start":{"line":18,"column":67},"end":{"line":18,"column":70}}],"line":18},"6":{"loc":{"start":{"line":27,"column":12},"end":{"line":27,"column":null}},"type":"cond-expr","locations":[{"start":{"line":27,"column":54},"end":{"line":27,"column":65}},{"start":{"line":27,"column":65},"end":{"line":27,"column":null}}],"line":27},"7":{"loc":{"start":{"line":27,"column":12},"end":{"line":27,"column":54}},"type":"binary-expr","locations":[{"start":{"line":27,"column":12},"end":{"line":27,"column":34}},{"start":{"line":27,"column":34},"end":{"line":27,"column":54}}],"line":27},"8":{"loc":{"start":{"line":30,"column":19},"end":{"line":30,"column":null}},"type":"binary-expr","locations":[{"start":{"line":30,"column":19},"end":{"line":30,"column":41}},{"start":{"line":30,"column":41},"end":{"line":30,"column":59}},{"start":{"line":30,"column":59},"end":{"line":30,"column":null}}],"line":30},"9":{"loc":{"start":{"line":31,"column":13},"end":{"line":31,"column":null}},"type":"binary-expr","locations":[{"start":{"line":31,"column":13},"end":{"line":31,"column":22}},{"start":{"line":31,"column":22},"end":{"line":31,"column":null}}],"line":31},"10":{"loc":{"start":{"line":34,"column":10},"end":{"line":36,"column":null}},"type":"cond-expr","locations":[{"start":{"line":35,"column":14},"end":{"line":35,"column":36}},{"start":{"line":36,"column":14},"end":{"line":36,"column":null}}],"line":34},"11":{"loc":{"start":{"line":34,"column":10},"end":{"line":34,"column":null}},"type":"binary-expr","locations":[{"start":{"line":34,"column":10},"end":{"line":34,"column":32}},{"start":{"line":34,"column":32},"end":{"line":34,"column":null}}],"line":34},"12":{"loc":{"start":{"line":45,"column":17},"end":{"line":45,"column":41}},"type":"binary-expr","locations":[{"start":{"line":45,"column":17},"end":{"line":45,"column":39}},{"start":{"line":45,"column":39},"end":{"line":45,"column":41}}],"line":45},"13":{"loc":{"start":{"line":46,"column":19},"end":{"line":46,"column":45}},"type":"binary-expr","locations":[{"start":{"line":46,"column":19},"end":{"line":46,"column":43}},{"start":{"line":46,"column":43},"end":{"line":46,"column":45}}],"line":46},"14":{"loc":{"start":{"line":58,"column":17},"end":{"line":58,"column":null}},"type":"binary-expr","locations":[{"start":{"line":58,"column":17},"end":{"line":58,"column":31}},{"start":{"line":58,"column":31},"end":{"line":58,"column":null}}],"line":58},"15":{"loc":{"start":{"line":62,"column":55},"end":{"line":62,"column":80}},"type":"binary-expr","locations":[{"start":{"line":62,"column":55},"end":{"line":62,"column":76}},{"start":{"line":62,"column":76},"end":{"line":62,"column":80}}],"line":62},"16":{"loc":{"start":{"line":63,"column":28},"end":{"line":63,"column":50}},"type":"binary-expr","locations":[{"start":{"line":63,"column":28},"end":{"line":63,"column":48}},{"start":{"line":63,"column":48},"end":{"line":63,"column":50}}],"line":63},"17":{"loc":{"start":{"line":64,"column":14},"end":{"line":65,"column":null}},"type":"if","locations":[{"start":{"line":64,"column":14},"end":{"line":65,"column":null}},{"start":{},"end":{}}],"line":64},"18":{"loc":{"start":{"line":74,"column":15},"end":{"line":74,"column":null}},"type":"binary-expr","locations":[{"start":{"line":74,"column":15},"end":{"line":74,"column":26}},{"start":{"line":74,"column":26},"end":{"line":74,"column":null}}],"line":74},"19":{"loc":{"start":{"line":87,"column":7},"end":{"line":120,"column":null}},"type":"binary-expr","locations":[{"start":{"line":87,"column":7},"end":{"line":87,"column":null}},{"start":{"line":88,"column":8},"end":{"line":120,"column":null}}],"line":87},"20":{"loc":{"start":{"line":97,"column":21},"end":{"line":97,"column":null}},"type":"binary-expr","locations":[{"start":{"line":97,"column":21},"end":{"line":97,"column":30}},{"start":{"line":97,"column":30},"end":{"line":97,"column":null}}],"line":97},"21":{"loc":{"start":{"line":116,"column":21},"end":{"line":116,"column":null}},"type":"binary-expr","locations":[{"start":{"line":116,"column":21},"end":{"line":116,"column":42}},{"start":{"line":116,"column":42},"end":{"line":116,"column":null}}],"line":116},"22":{"loc":{"start":{"line":126,"column":39},"end":{"line":126,"column":50}},"type":"default-arg","locations":[{"start":{"line":126,"column":48},"end":{"line":126,"column":50}}],"line":126},"23":{"loc":{"start":{"line":126,"column":52},"end":{"line":126,"column":67}},"type":"default-arg","locations":[{"start":{"line":126,"column":65},"end":{"line":126,"column":67}}],"line":126},"24":{"loc":{"start":{"line":129,"column":35},"end":{"line":129,"column":57}},"type":"cond-expr","locations":[{"start":{"line":129,"column":47},"end":{"line":129,"column":54}},{"start":{"line":129,"column":54},"end":{"line":129,"column":57}}],"line":129},"25":{"loc":{"start":{"line":134,"column":7},"end":{"line":135,"column":null}},"type":"binary-expr","locations":[{"start":{"line":134,"column":7},"end":{"line":134,"column":null}},{"start":{"line":135,"column":8},"end":{"line":135,"column":null}}],"line":134}},"s":{"0":0,"1":0,"2":0,"3":0,"4":0,"5":0,"6":0,"7":0,"8":0,"9":0,"10":0,"11":0,"12":0,"13":0,"14":0,"15":0,"16":0,"17":0,"18":0,"19":0,"20":0,"21":0,"22":0,"23":0,"24":0,"25":0,"26":0,"27":0,"28":0,"29":0,"30":0,"31":0,"32":0,"33":0,"34":0,"35":0,"36":0,"37":0,"38":0,"39":0,"40":0,"41":0,"42":0},"f":{"0":0,"1":0,"2":0,"3":0,"4":0,"5":0,"6":0,"7":0,"8":0,"9":0,"10":0,"11":0,"12":0,"13":0,"14":0,"15":0,"16":0,"17":0,"18":0,"19":0,"20":0,"21":0,"22":0},"b":{"0":[0,0],"1":[0,0],"2":[0,0],"3":[0,0],"4":[0,0],"5":[0,0],"6":[0,0],"7":[0,0],"8":[0,0,0],"9":[0,0],"10":[0,0],"11":[0,0],"12":[0,0],"13":[0,0],"14":[0,0],"15":[0,0],"16":[0,0],"17":[0,0],"18":[0,0],"19":[0,0],"20":[0,0],"21":[0,0],"22":[0],"23":[0],"24":[0,0],"25":[0,0]},"meta":{"lastBranch":26,"lastFunction":23,"lastStatement":43,"seen":{"f:3:9:3:15":0,"s:4:15:4:Infinity":0,"b:4:15:4:30:4:30:4:Infinity":0,"b:5:2:21:Infinity:undefined:undefined:undefined:undefined":1,"s:5:2:21:Infinity":1,"s:6:19:6:Infinity":2,"b:6:42:6:58:6:61:6:Infinity":2,"b:6:61:6:70:6:70:6:Infinity":3,"s:7:4:21:Infinity":3,"b:10:21:10:42:10:42:10:Infinity":4,"f:12:8:12:19":1,"s:13:10:18:Infinity":4,"f:16:15:16:20":2,"s:16:26:16:34":5,"f:18:15:18:20":3,"s:18:27:18:70":6,"b:18:55:18:64:18:67:18:70":5,"s:24:2:39:Infinity":7,"b:27:54:27:65:27:65:27:Infinity":6,"b:27:12:27:34:27:34:27:54":7,"b:30:19:30:41:30:41:30:59:30:59:30:Infinity":8,"b:31:13:31:22:31:22:31:Infinity":9,"f:32:6:32:17":4,"s:33:8:36:Infinity":8,"b:35:14:35:36:36:14:36:Infinity":10,"b:34:10:34:32:34:32:34:Infinity":11,"f:43:9:43:18":5,"s:44:21:44:66":9,"f:44:32:44:38":6,"s:44:44:44:66":10,"s:45:17:45:41":11,"b:45:17:45:39:45:39:45:41":12,"s:46:19:46:45":12,"b:46:19:46:43:46:43:46:45":13,"s:47:20:47:39":13,"s:49:8:50:Infinity":14,"f:49:8:49:23":7,"s:50:4:50:Infinity":15,"s:53:2:120:Infinity":16,"b:58:17:58:31:58:31:58:Infinity":14,"f:59:10:59:21":8,"s:60:28:60:Infinity":17,"s:61:27:61:69":18,"f:61:38:61:44":9,"s:61:50:61:69":19,"s:62:25:62:Infinity":20,"b:62:55:62:76:62:76:62:80":15,"s:63:12:65:Infinity":21,"b:63:28:63:48:63:48:63:50":16,"b:64:14:65:Infinity:undefined:undefined:undefined:undefined":17,"s:64:14:65:Infinity":22,"s:65:16:65:Infinity":23,"s:68:12:68:Infinity":24,"f:72:22:72:27":10,"s:73:12:75:Infinity":25,"b:74:15:74:26:74:26:74:Infinity":18,"b:87:7:87:Infinity:88:8:120:Infinity":19,"f:90:23:90:28":11,"s:91:28:91:Infinity":26,"s:92:28:92:51":27,"s:93:14:105:Infinity":28,"b:97:21:97:30:97:30:97:Infinity":20,"f:103:20:103:31":12,"s:103:37:103:Infinity":29,"b:116:21:116:42:116:42:116:Infinity":21,"f:117:14:117:25":13,"s:117:31:117:Infinity":30,"f:126:24:126:37":14,"b:126:48:126:50":22,"b:126:65:126:67":23,"s:127:8:127:55":31,"f:127:8:127:20":15,"s:127:20:127:55":32,"s:128:8:129:58":33,"f:128:8:128:20":16,"s:129:4:129:58":34,"f:129:20:129:25":17,"s:129:35:129:57":35,"b:129:47:129:54:129:54:129:57":24,"s:130:8:130:72":36,"f:130:8:130:20":18,"s:130:28:130:72":37,"f:130:44:130:52":19,"s:130:61:130:71":38,"s:132:2:151:Infinity":39,"b:134:7:134:Infinity:135:8:135:Infinity":25,"f:137:14:137:19":20,"s:138:8:144:Infinity":40,"f:142:10:142:21":21,"s:142:30:142:47":41,"f:143:10:143:26":22,"s:143:26:143:Infinity":42}}}
,"C:\\Users\\Zeinab\\Downloads\\FYP\\minerva\\minerva\\frontend\\src\\components\\scanners\\ClientModal.jsx": {"path":"C:\\Users\\Zeinab\\Downloads\\FYP\\minerva\\minerva\\frontend\\src\\components\\scanners\\ClientModal.jsx","statementMap":{"0":{"start":{"line":4,"column":21},"end":{"line":15,"column":null}},"1":{"start":{"line":18,"column":2},"end":{"line":30,"column":null}},"2":{"start":{"line":34,"column":2},"end":{"line":34,"column":null}},"3":{"start":{"line":37,"column":2},"end":{"line":40,"column":null}},"4":{"start":{"line":39,"column":16},"end":{"line":39,"column":24}},"5":{"start":{"line":51,"column":15},"end":{"line":51,"column":49}},"6":{"start":{"line":53,"column":2},"end":{"line":63,"column":null}},"7":{"start":{"line":54,"column":4},"end":{"line":61,"column":null}},"8":{"start":{"line":55,"column":19},"end":{"line":55,"column":32}},"9":{"start":{"line":56,"column":19},"end":{"line":56,"column":32}},"10":{"start":{"line":57,"column":6},"end":{"line":61,"column":null}},"11":{"start":{"line":65,"column":2},"end":{"line":65,"column":null}},"12":{"start":{"line":65,"column":13},"end":{"line":65,"column":null}},"13":{"start":{"line":67,"column":8},"end":{"line":67,"column":58}},"14":{"start":{"line":67,"column":24},"end":{"line":67,"column":58}},"15":{"start":{"line":67,"column":40},"end":{"line":67,"column":58}},"16":{"start":{"line":68,"column":8},"end":{"line":69,"column":69}},"17":{"start":{"line":69,"column":4},"end":{"line":69,"column":69}},"18":{"start":{"line":69,"column":20},"end":{"line":69,"column":69}},"19":{"start":{"line":71,"column":8},"end":{"line":73,"column":null}},"20":{"start":{"line":72,"column":4},"end":{"line":72,"column":null}},"21":{"start":{"line":73,"column":4},"end":{"line":73,"column":null}},"22":{"start":{"line":76,"column":2},"end":{"line":231,"column":null}},"23":{"start":{"line":102,"column":18},"end":{"line":106,"column":null}},"24":{"start":{"line":118,"column":33},"end":{"line":118,"column":60}},"25":{"start":{"line":121,"column":18},"end":{"line":123,"column":null}},"26":{"start":{"line":132,"column":33},"end":{"line":132,"column":68}},"27":{"start":{"line":141,"column":33},"end":{"line":141,"column":62}},"28":{"start":{"line":159,"column":18},"end":{"line":159,"column":null}},"29":{"start":{"line":170,"column":33},"end":{"line":170,"column":null}},"30":{"start":{"line":181,"column":18},"end":{"line":181,"column":null}},"31":{"start":{"line":193,"column":18},"end":{"line":193,"column":null}},"32":{"start":{"line":204,"column":33},"end":{"line":204,"column":null}}},"fnMap":{"0":{"name":"emptyClient","decl":{"start":{"line":17,"column":9},"end":{"line":17,"column":23}},"loc":{"start":{"line":17,"column":23},"end":{"line":30,"column":null}},"line":17},"1":{"name":"arrToLines","decl":{"start":{"line":33,"column":9},"end":{"line":33,"column":20}},"loc":{"start":{"line":33,"column":25},"end":{"line":34,"column":null}},"line":33},"2":{"name":"linesToArr","decl":{"start":{"line":36,"column":9},"end":{"line":36,"column":20}},"loc":{"start":{"line":36,"column":23},"end":{"line":40,"column":null}},"line":36},"3":{"name":"(anonymous_3)","decl":{"start":{"line":39,"column":5},"end":{"line":39,"column":10}},"loc":{"start":{"line":39,"column":16},"end":{"line":39,"column":24}},"line":39},"4":{"name":"ClientModal","decl":{"start":{"line":43,"column":24},"end":{"line":43,"column":36}},"loc":{"start":{"line":50,"column":3},"end":{"line":231,"column":null}},"line":50},"5":{"name":"(anonymous_5)","decl":{"start":{"line":53,"column":2},"end":{"line":53,"column":18}},"loc":{"start":{"line":53,"column":18},"end":{"line":63,"column":6}},"line":53},"6":{"name":"(anonymous_6)","decl":{"start":{"line":67,"column":8},"end":{"line":67,"column":15}},"loc":{"start":{"line":67,"column":24},"end":{"line":67,"column":58}},"line":67},"7":{"name":"(anonymous_7)","decl":{"start":{"line":67,"column":24},"end":{"line":67,"column":33}},"loc":{"start":{"line":67,"column":40},"end":{"line":67,"column":58}},"line":67},"8":{"name":"(anonymous_8)","decl":{"start":{"line":68,"column":8},"end":{"line":68,"column":18}},"loc":{"start":{"line":69,"column":4},"end":{"line":69,"column":69}},"line":69},"9":{"name":"(anonymous_9)","decl":{"start":{"line":69,"column":4},"end":{"line":69,"column":13}},"loc":{"start":{"line":69,"column":20},"end":{"line":69,"column":69}},"line":69},"10":{"name":"(anonymous_10)","decl":{"start":{"line":71,"column":8},"end":{"line":71,"column":18}},"loc":{"start":{"line":71,"column":24},"end":{"line":73,"column":null}},"line":71},"11":{"name":"(anonymous_11)","decl":{"start":{"line":101,"column":16},"end":{"line":101,"column":27}},"loc":{"start":{"line":102,"column":18},"end":{"line":106,"column":null}},"line":102},"12":{"name":"(anonymous_12)","decl":{"start":{"line":118,"column":16},"end":{"line":118,"column":27}},"loc":{"start":{"line":118,"column":33},"end":{"line":118,"column":60}},"line":118},"13":{"name":"(anonymous_13)","decl":{"start":{"line":120,"column":30},"end":{"line":120,"column":35}},"loc":{"start":{"line":121,"column":18},"end":{"line":123,"column":null}},"line":121},"14":{"name":"(anonymous_14)","decl":{"start":{"line":132,"column":16},"end":{"line":132,"column":27}},"loc":{"start":{"line":132,"column":33},"end":{"line":132,"column":68}},"line":132},"15":{"name":"(anonymous_15)","decl":{"start":{"line":141,"column":16},"end":{"line":141,"column":27}},"loc":{"start":{"line":141,"column":33},"end":{"line":141,"column":62}},"line":141},"16":{"name":"(anonymous_16)","decl":{"start":{"line":158,"column":16},"end":{"line":158,"column":27}},"loc":{"start":{"line":159,"column":18},"end":{"line":159,"column":null}},"line":159},"17":{"name":"(anonymous_17)","decl":{"start":{"line":170,"column":16},"end":{"line":170,"column":27}},"loc":{"start":{"line":170,"column":33},"end":{"line":170,"column":null}},"line":170},"18":{"name":"(anonymous_18)","decl":{"start":{"line":180,"column":16},"end":{"line":180,"column":27}},"loc":{"start":{"line":181,"column":18},"end":{"line":181,"column":null}},"line":181},"19":{"name":"(anonymous_19)","decl":{"start":{"line":192,"column":16},"end":{"line":192,"column":27}},"loc":{"start":{"line":193,"column":18},"end":{"line":193,"column":null}},"line":193},"20":{"name":"(anonymous_20)","decl":{"start":{"line":204,"column":16},"end":{"line":204,"column":27}},"loc":{"start":{"line":204,"column":33},"end":{"line":204,"column":null}},"line":204}},"branchMap":{"0":{"loc":{"start":{"line":34,"column":9},"end":{"line":34,"column":null}},"type":"cond-expr","locations":[{"start":{"line":34,"column":30},"end":{"line":34,"column":44}},{"start":{"line":34,"column":47},"end":{"line":34,"column":null}}],"line":34},"1":{"loc":{"start":{"line":34,"column":47},"end":{"line":34,"column":null}},"type":"binary-expr","locations":[{"start":{"line":34,"column":47},"end":{"line":34,"column":54}},{"start":{"line":34,"column":54},"end":{"line":34,"column":null}}],"line":34},"2":{"loc":{"start":{"line":37,"column":16},"end":{"line":37,"column":24}},"type":"binary-expr","locations":[{"start":{"line":37,"column":16},"end":{"line":37,"column":21}},{"start":{"line":37,"column":21},"end":{"line":37,"column":24}}],"line":37},"3":{"loc":{"start":{"line":54,"column":4},"end":{"line":61,"column":null}},"type":"if","locations":[{"start":{"line":54,"column":4},"end":{"line":61,"column":null}},{"start":{},"end":{}}],"line":54},"4":{"loc":{"start":{"line":56,"column":19},"end":{"line":56,"column":32}},"type":"binary-expr","locations":[{"start":{"line":56,"column":19},"end":{"line":56,"column":30}},{"start":{"line":56,"column":30},"end":{"line":56,"column":32}}],"line":56},"5":{"loc":{"start":{"line":60,"column":44},"end":{"line":60,"column":null}},"type":"binary-expr","locations":[{"start":{"line":60,"column":44},"end":{"line":60,"column":62}},{"start":{"line":60,"column":62},"end":{"line":60,"column":null}}],"line":60},"6":{"loc":{"start":{"line":65,"column":2},"end":{"line":65,"column":null}},"type":"if","locations":[{"start":{"line":65,"column":2},"end":{"line":65,"column":null}},{"start":{},"end":{}}],"line":65},"7":{"loc":{"start":{"line":84,"column":13},"end":{"line":84,"column":null}},"type":"cond-expr","locations":[{"start":{"line":84,"column":21},"end":{"line":84,"column":36}},{"start":{"line":84,"column":36},"end":{"line":84,"column":null}}],"line":84},"8":{"loc":{"start":{"line":84,"column":44},"end":{"line":84,"column":null}},"type":"binary-expr","locations":[{"start":{"line":84,"column":44},"end":{"line":84,"column":69}},{"start":{"line":84,"column":69},"end":{"line":84,"column":null}}],"line":84},"9":{"loc":{"start":{"line":169,"column":23},"end":{"line":169,"column":null}},"type":"binary-expr","locations":[{"start":{"line":169,"column":23},"end":{"line":169,"
[...]
53,"f:174:104:174:109":129,"s:174:114:174:121":154,"f:176:2:176:15":130,"s:176:28:176:86":155,"f:176:69:176:74":131,"s:176:79:176:86":156,"f:177:2:177:18":132,"s:177:37:177:101":157,"f:177:84:177:89":133,"s:177:94:177:101":158,"f:179:2:179:15":134,"s:179:28:179:90":159,"f:179:73:179:78":135,"s:179:83:179:90":160,"f:181:2:181:16":136,"s:181:29:181:87":161,"f:181:70:181:75":137,"s:181:80:181:87":162,"f:182:2:182:12":138,"s:182:35:182:Infinity":163,"f:182:91:182:96":139,"s:182:101:182:Infinity":164,"s:186:24:194:Infinity":165,"f:187:2:187:11":140,"s:187:22:187:69":166,"f:187:52:187:57":141,"s:187:62:187:69":167,"f:188:2:188:8":142,"s:188:15:188:56":168,"f:188:39:188:44":143,"s:188:49:188:56":169,"f:189:2:189:11":144,"s:189:20:189:62":170,"f:189:45:189:50":145,"s:189:55:189:62":171,"f:190:2:190:10":146,"s:190:17:190:65":172,"f:190:48:190:53":147,"s:190:58:190:65":173,"f:191:2:191:9":148,"s:191:16:191:63":174,"f:191:46:191:51":149,"s:191:56:191:63":175,"f:192:2:192:11":150,"s:192:18:192:62":176,"f:192:45:192:50":151,"s:192:55:192:62":177,"f:193:2:193:18":152,"s:193:31:193:Infinity":178,"f:193:69:193:74":153,"s:193:79:193:Infinity":179,"s:197:24:204:Infinity":180,"f:198:2:198:16":154,"s:198:16:198:51":181,"f:198:34:198:39":155,"s:198:44:198:51":182,"f:199:2:199:8":156,"s:199:15:199:56":183,"f:199:39:199:44":157,"s:199:49:199:56":184,"f:200:2:200:11":158,"s:200:20:200:62":185,"f:200:45:200:50":159,"s:200:55:200:62":186,"f:201:2:201:11":160,"s:201:24:201:71":187,"f:201:54:201:59":161,"s:201:64:201:71":188,"f:202:2:202:11":162,"s:202:18:202:62":189,"f:202:45:202:50":163,"s:202:55:202:62":190,"f:203:2:203:19":164,"s:203:32:203:Infinity":191,"f:203:71:203:76":165,"s:203:81:203:Infinity":192,"s:207:27:213:Infinity":193,"f:208:2:208:11":166,"s:208:22:208:72":194,"f:208:55:208:60":167,"s:208:65:208:72":195,"f:209:2:209:8":168,"s:209:15:209:59":196,"f:209:42:209:47":169,"s:209:52:209:59":197,"f:210:2:210:11":170,"s:210:20:210:65":198,"f:210:48:210:53":171,"s:210:58:210:65":199,"f:211:2:211:11":172,"s:211:24:211:74":200,"f:211:57:211:62":173,"s:211:67:211:74":201,"f:212:2:212:11":174,"s:212:18:212:Infinity":202,"f:212:48:212:53":175,"s:212:58:212:Infinity":203,"s:216:29:223:Infinity":204,"f:217:2:217:11":176,"s:217:22:217:74":205,"f:217:57:217:62":177,"s:217:67:217:74":206,"f:218:2:218:8":178,"s:218:15:218:61":207,"f:218:44:218:49":179,"s:218:54:218:61":208,"f:219:2:219:11":180,"s:219:20:219:67":209,"f:219:50:219:55":181,"s:219:60:219:67":210,"f:220:2:220:11":182,"s:220:24:220:76":211,"f:220:59:220:64":183,"s:220:69:220:76":212,"f:221:2:221:11":184,"s:221:18:221:67":213,"f:221:50:221:55":185,"s:221:60:221:67":214,"f:222:2:222:20":186,"s:222:20:222:Infinity":215,"f:222:51:222:56":187,"s:222:61:222:Infinity":216,"s:226:30:234:Infinity":217,"f:227:2:227:11":188,"s:227:22:227:75":218,"f:227:58:227:63":189,"s:227:68:227:75":219,"f:228:2:228:8":190,"s:228:15:228:62":220,"f:228:45:228:50":191,"s:228:55:228:62":221,"f:229:2:229:11":192,"s:229:20:229:68":222,"f:229:51:229:56":193,"s:229:61:229:68":223,"f:230:2:230:11":194,"s:230:24:230:77":224,"f:230:60:230:65":195,"s:230:70:230:77":225,"f:231:2:231:11":196,"s:231:18:231:68":226,"f:231:51:231:56":197,"s:231:61:231:68":227,"f:232:2:232:9":198,"s:232:16:232:69":228,"f:232:52:232:57":199,"s:232:62:232:69":229,"f:233:2:233:24":200,"s:233:24:233:Infinity":230,"f:233:61:233:66":201,"s:233:71:233:Infinity":231,"s:237:27:242:Infinity":232,"f:238:2:238:16":202,"s:238:16:238:54":233,"f:238:37:238:42":203,"s:238:47:238:54":234,"f:239:2:239:8":204,"s:239:16:239:61":235,"f:239:44:239:49":205,"s:239:54:239:61":236,"f:240:2:240:11":206,"s:240:20:240:64":237,"f:240:47:240:52":207,"s:240:57:240:64":238,"f:241:2:241:14":208,"s:241:29:241:Infinity":239,"f:241:68:241:73":209,"s:241:78:241:Infinity":240,"s:245:28:248:Infinity":241,"f:246:2:246:18":210,"s:246:18:246:63":242,"f:246:46:246:51":211,"s:246:56:246:63":243,"f:247:2:247:27":212,"s:247:27:247:Infinity":244,"f:247:58:247:63":213,"s:247:68:247:Infinity":245,"s:251:23:256:Infinity":246,"f:252:2:252:10":214,"s:252:26:252:80":247,"f:252:63:252:68":215,"s:252:73:252:80":248,"f:253:2:253:16":216,"s:253:16:253:58":249,"f:253:41:253:46":217,"s:253:51:253:58":250,"f:254:2:254:12":218,"s:254:29:254:105":251,"f:254:88:254:93":219,"s:254:98:254:105":252,"f:255:2:255:12":220,"s:255:12:255:Infinity":253,"f:255:32:255:37":221,"s:255:42:255:Infinity":254,"s:259:30:278:Infinity":255,"f:260:2:260:14":222,"s:260:14:260:55":256,"f:260:38:260:43":223,"s:260:48:260:55":257,"f:261:2:261:16":224,"s:261:16:261:64":258,"f:261:47:261:52":225,"s:261:57:261:64":259,"f:262:2:262:8":226,"s:262:15:262:62":260,"f:262:45:262:50":227,"s:262:55:262:62":261,"f:263:2:263:11":228,"s:263:20:263:68":262,"f:263:51:263:56":229,"s:263:61:263:68":263,"f:264:2:264:11":230,"s:264:24:264:77":264,"f:264:60:264:65":231,"s:264:70:264:77":265,"f:265:2:265:11":232,"s:265:18:265:68":266,"f:265:51:265:56":233,"s:265:61:265:68":267,"f:266:2:266:13":234,"s:266:20:266:77":268,"f:266:60:266:65":235,"s:266:70:266:77":269,"f:267:2:267:9":236,"s:267:16:267:69":270,"f:267:52:267:57":237,"s:267:62:267:69":271,"f:268:2:268:11":238,"s:268:18:268:73":272,"f:268:56:268:61":239,"s:268:66:268:73":273,"f:269:2:269:15":240,"s:269:22:269:82":274,"f:269:65:269:70":241,"s:269:75:269:82":275,"f:270:2:270:14":242,"s:271:15:271:28":276,"s:272:4:272:Infinity":277,"s:273:4:275:Infinity":278,"f:275:7:275:12":243,"s:275:17:275:23":279,"f:277:2:277:15":244,"s:277:28:277:Infinity":280,"f:277:81:277:86":245,"s:277:91:277:Infinity":281,"s:281:24:284:Infinity":282,"f:282:2:282:9":246,"s:282:20:282:67":283,"f:282:50:282:55":247,"s:282:60:282:67":284,"f:283:2:283:16":248,"s:283:16:283:Infinity":285,"f:283:42:283:47":249,"s:283:52:283:Infinity":286,"s:287:25:292:Infinity":287,"f:288:2:288:9":250,"s:288:20:288:77":288,"f:288:60:288:65":251,"s:288:70:288:77":289,"f:289:2:289:11":252,"s:289:20:289:72":290,"f:289:55:289:60":253,"s:289:65:289:72":291,"f:290:2:290:14":254,"s:290:35:290:112":292,"f:290:95:290:100":255,"s:290:105:290:112":293,"f:291:2:291:9":256,"s:291:32:291:Infinity":294,"f:291:83:291:88":257,"s:291:93:291:Infinity":295,"s:295:29:298:Infinity":296,"f:296:2:296:18":258,"s:296:18:296:67":297,"f:296:50:296:55":259,"s:296:60:296:67":298,"f:297:2:297:14":260,"s:297:27:297:Infinity":299,"f:297:69:297:74":261,"s:297:79:297:Infinity":300,"s:301:25:303:Infinity":301,"f:302:2:302:16":262,"s:303:4:303:94":302,"f:303:77:303:82":263,"s:303:87:303:94":303}}}
,"C:\\Users\\Zeinab\\Downloads\\FYP\\minerva\\minerva\\frontend\\src\\stores\\authStore.js": {"path":"C:\\Users\\Zeinab\\Downloads\\FYP\\minerva\\minerva\\frontend\\src\\stores\\authStore.js","statementMap":{"0":{"start":{"line":5,"column":13},"end":{"line":109,"column":null}},"1":{"start":{"line":7,"column":19},"end":{"line":99,"column":null}},"2":{"start":{"line":16,"column":8},"end":{"line":16,"column":null}},"3":{"start":{"line":17,"column":8},"end":{"line":36,"column":null}},"4":{"start":{"line":18,"column":27},"end":{"line":18,"column":77}},"5":{"start":{"line":19,"column":56},"end":{"line":19,"column":null}},"6":{"start":{"line":21,"column":10},"end":{"line":27,"column":null}},"7":{"start":{"line":30,"column":10},"end":{"line":30,"column":null}},"8":{"start":{"line":32,"column":10},"end":{"line":32,"column":null}},"9":{"start":{"line":34,"column":26},"end":{"line":34,"column":null}},"10":{"start":{"line":35,"column":10},"end":{"line":35,"column":null}},"11":{"start":{"line":36,"column":10},"end":{"line":36,"column":null}},"12":{"start":{"line":41,"column":8},"end":{"line":43,"column":null}},"13":{"start":{"line":42,"column":10},"end":{"line":42,"column":null}},"14":{"start":{"line":47,"column":8},"end":{"line":52,"column":null}},"15":{"start":{"line":54,"column":8},"end":{"line":54,"column":null}},"16":{"start":{"line":58,"column":33},"end":{"line":58,"column":38}},"17":{"start":{"line":59,"column":8},"end":{"line":59,"column":null}},"18":{"start":{"line":59,"column":27},"end":{"line":59,"column":null}},"19":{"start":{"line":61,"column":8},"end":{"line":73,"column":null}},"20":{"start":{"line":62,"column":27},"end":{"line":64,"column":12}},"21":{"start":{"line":65,"column":35},"end":{"line":65,"column":null}},"22":{"start":{"line":67,"column":10},"end":{"line":67,"column":null}},"23":{"start":{"line":68,"column":10},"end":{"line":68,"column":null}},"24":{"start":{"line":70,"column":10},"end":{"line":70,"column":null}},"25":{"start":{"line":72,"column":10},"end":{"line":72,"column":null}},"26":{"start":{"line":73,"column":10},"end":{"line":73,"column":null}},"27":{"start":{"line":78,"column":8},"end":{"line":78,"column":null}},"28":{"start":{"line":82,"column":32},"end":{"line":82,"column":37}},"29":{"start":{"line":83,"column":8},"end":{"line":85,"column":null}},"30":{"start":{"line":84,"column":10},"end":{"line":84,"column":null}},"31":{"start":{"line":85,"column":10},"end":{"line":85,"column":null}},"32":{"start":{"line":87,"column":8},"end":{"line":87,"column":null}},"33":{"start":{"line":91,"column":25},"end":{"line":91,"column":30}},"34":{"start":{"line":92,"column":8},"end":{"line":92,"column":null}},"35":{"start":{"line":92,"column":19},"end":{"line":92,"column":null}},"36":{"start":{"line":93,"column":8},"end":{"line":93,"column":null}},"37":{"start":{"line":93,"column":39},"end":{"line":93,"column":null}},"38":{"start":{"line":94,"column":8},"end":{"line":94,"column":null}},"39":{"start":{"line":97,"column":21},"end":{"line":97,"column":null}},"40":{"start":{"line":98,"column":23},"end":{"line":98,"column":null}},"41":{"start":{"line":102,"column":30},"end":{"line":107,"column":null}}},"fnMap":{"0":{"name":"(anonymous_0)","decl":{"start":{"line":6,"column":2},"end":{"line":6,"column":null}},"loc":{"start":{"line":7,"column":19},"end":{"line":99,"column":null}},"line":7},"1":{"name":"(anonymous_1)","decl":{"start":{"line":15,"column":13},"end":{"line":15,"column":20}},"loc":{"start":{"line":15,"column":40},"end":{"line":36,"column":null}},"line":15},"2":{"name":"(anonymous_2)","decl":{"start":{"line":40,"column":14},"end":{"line":40,"column":26}},"loc":{"start":{"line":40,"column":26},"end":{"line":54,"column":null}},"line":40},"3":{"name":"(anonymous_3)","decl":{"start":{"line":57,"column":26},"end":{"line":57,"column":38}},"loc":{"start":{"line":57,"column":38},"end":{"line":73,"column":null}},"line":57},"4":{"name":"(anonymous_4)","decl":{"start":{"line":77,"column":6},"end":{"line":77,"column":19}},"loc":{"start":{"line":77,"column":32},"end":{"line":78,"column":null}},"line":77},"5":{"name":"(anonymous_5)","decl":{"start":{"line":81,"column":6},"end":{"line":81,"column":23}},"loc":{"start":{"line":81,"column":23},"end":{"line":87,"column":null}},"line":81},"6":{"name":"(anonymous_6)","decl":{"start":{"line":90,"column":6},"end":{"line":90,"column":16}},"loc":{"start":{"line":90,"column":26},"end":{"line":94,"column":null}},"line":90},"7":{"name":"(anonymous_7)","decl":{"start":{"line":97,"column":6},"end":{"line":97,"column":21}},"loc":{"start":{"line":97,"column":21},"end":{"line":97,"column":null}},"line":97},"8":{"name":"(anonymous_8)","decl":{"start":{"line":98,"column":6},"end":{"line":98,"column":23}},"loc":{"start":{"line":98,"column":23},"end":{"line":98,"column":null}},"line":98},"9":{"name":"(anonymous_9)","decl":{"start":{"line":102,"column":6},"end":{"line":102,"column":19}},"loc":{"start":{"line":102,"column":30},"end":{"line":107,"column":null}},"line":102}},"branchMap":{"0":{"loc":{"start":{"line":34,"column":26},"end":{"line":34,"column":null}},"type":"binary-expr","locations":[{"start":{"line":34,"column":26},"end":{"line":34,"column":57}},{"start":{"line":34,"column":57},"end":{"line":34,"column":null}}],"line":34},"1":{"loc":{"start":{"line":59,"column":8},"end":{"line":59,"column":null}},"type":"if","locations":[{"start":{"line":59,"column":8},"end":{"line":59,"column":null}},{"start":{},"end":{}}],"line":59},"2":{"loc":{"start":{"line":83,"column":8},"end":{"line":85,"column":null}},"type":"if","locations":[{"start":{"line":83,"column":8},"end":{"line":85,"column":null}},{"start":{},"end":{}}],"line":83},"3":{"loc":{"start":{"line":92,"column":8},"end":{"line":92,"column":null}},"type":"if","locations":[{"start":{"line":92,"column":8},"end":{"line":92,"column":null}},{"start":{},"end":{}}],"line":92},"4":{"loc":{"start":{"line":93,"column":8},"end":{"line":93,"column":null}},"type":"if","locations":[{"start":{"line":93,"column":8},"end":{"line":93,"column":null}},{"start":{},"end":{}}],"line":93}},"s":{"0":1,"1":1,"2":4,"3":4,"4":4,"5":2,"6":2,"7":2,"8":2,"9":2,"10":2,"11":2,"12":2,"13":2,"14":2,"15":2,"16":0,"17":0,"18":0,"19":0,"20":0,"21":0,"22":0,"23":0,"24":0,"25":0,"26":0,"27":1,"28":2,"29":2,"30":1,"31":1,"32":1,"33":5,"34":5,"35":1,"36":4,"37":4,"38":2,"39":3,"40":3,"41":37},"f":{"0":1,"1":4,"2":2,"3":0,"4":1,"5":2,"6":5,"7":3,"8":3,"9":37},"b":{"0":[2,1],"1":[0,0],"2":[1,1],"3":[1,4],"4":[2,2]},"meta":{"lastBranch":5,"lastFunction":10,"lastStatement":42,"seen":{"s:5:13:109:Infinity":0,"f:6:2:6:Infinity":0,"s:7:19:99:Infinity":1,"f:15:13:15:20":1,"s:16:8:16:Infinity":2,"s:17:8:36:Infinity":3,"s:18:27:18:77":4,"s:19:56:19:Infinity":5,"s:21:10:27:Infinity":6,"s:30:10:30:Infinity":7,"s:32:10:32:Infinity":8,"s:34:26:34:Infinity":9,"b:34:26:34:57:34:57:34:Infinity":0,"s:35:10:35:Infinity":10,"s:36:10:36:Infinity":11,"f:40:14:40:26":2,"s:41:8:43:Infinity":12,"s:42:10:42:Infinity":13,"s:47:8:52:Infinity":14,"s:54:8:54:Infinity":15,"f:57:26:57:38":3,"s:58:33:58:38":16,"b:59:8:59:Infinity:undefined:undefined:undefined:undefined":1,"s:59:8:59:Infinity":17,"s:59:27:59:Infinity":18,"s:61:8:73:Infinity":19,"s:62:27:64:12":20,"s:65:35:65:Infinity":21,"s:67:10:67:Infinity":22,"s:68:10:68:Infinity":23,"s:70:10:70:Infinity":24,"s:72:10:72:Infinity":25,"s:73:10:73:Infinity":26,"f:77:6:77:19":4,"s:78:8:78:Infinity":27,"f:81:6:81:23":5,"s:82:32:82:37":28,"b:83:8:85:Infinity:undefined:undefined:undefined:undefined":2,"s:83:8:85:Infinity":29,"s:84:10:84:Infinity":30,"s:85:10:85:Infinity":31,"s:87:8:87:Infinity":32,"f:90:6:90:16":6,"s:91:25:91:30":33,"b:92:8:92:Infinity:undefined:undefined:undefined:undefined":3,"s:92:8:92:Infinity":34,"s:92:19:92:Infinity":35,"b:93:8:93:Infinity:undefined:undefined:undefined:undefined":4,"s:93:8:93:Infinity":36,"s:93:39:93:Infinity":37,"s:94:8:94:Infinity":38,"f:97:6:97:21":7,"s:97:21:97:Infinity":39,"f:98:6:98:23":8,"s:98:23:98:Infinity":40,"f:102:6:102:19":9,"s:102:30:107:Infinity":41}}}
,"C:\\Users\\Zeinab\\Downloads\\FYP\\minerva\\minerva\\frontend\\src\\stores\\engagementStore.js": {"path":"C:\\Users\\Zeinab\\Downloads\\FYP\\minerva\\minerva\\frontend\\src\\stores\\engagementStore.js","statementMap":{"0":{"start":{"line":5,"column":13},"end":{"line":60,"column":null}},"1":{"start":{"line":7,"column":19},"end":{"line":55,"column":null}},"2":{"start":{"line":14,"column":8},"end":{"line":14,"column":null}},"3":{"start":{"line":15,"column":8},"end":{"line":22,"column":null}},"4":{"start":{"line":16,"column":24},"end":{"line":16,"column":51}},"5":{"start":{"line":17,"column":25},"end":{"line":17,"column":null}},"6":{"start":{"line":17,"column":43},"end":{"line":17,"column":88}},"7":{"start":{"line":18,"column":10},"end":{"line":18,"column":null}},"8":{"start":{"line":19,"column":10},"end":{"line":19,"column":null}},"9":{"start":{"line":21,"column":10},"end":{"line":21,"column":null}},"10":{"start":{"line":22,"column":10},"end":{"line":22,"column":null}},"11":{"start":{"line":27,"column":8},"end":{"line":32,"column":null}},"12":{"start":{"line":28,"column":20},"end":{"line":28,"column":49}},"13":{"start":{"line":29,"column":10},"end":{"line":29,"column":null}},"14":{"start":{"line":30,"column":10},"end":{"line":30,"column":null}},"15":{"start":{"line":32,"column":10},"end":{"line":32,"column":null}},"16":{"start":{"line":37,"column":8},"end":{"line":37,"column":null}},"17":{"start":{"line":38,"column":8},"end":{"line":38,"column":null}},"18":{"start":{"line":42,"column":8},"end":{"line":42,"column":null}},"19":{"start":{"line":43,"column":8},"end":{"line":43,"column":null}},"20":{"start":{"line":47,"column":8},"end":{"line":47,"column":null}},"21":{"start":{"line":48,"column":8},"end":{"line":48,"column":null}},"22":{"start":{"line":52,"column":8},"end":{"line":52,"column":null}},"23":{"start":{"line":53,"column":8},"end":{"line":53,"column":null}},"24":{"start":{"line":58,"column":26},"end":{"line":58,"column":46}}},"fnMap":{"0":{"name":"(anonymous_0)","decl":{"start":{"line":6,"column":2},"end":{"line":6,"column":null}},"loc":{"start":{"line":7,"column":19},"end":{"line":55,"column":null}},"line":7},"1":{"name":"(anonymous_1)","decl":{"start":{"line":13,"column":12},"end":{"line":13,"column":24}},"loc":{"start":{"line":13,"column":24},"end":{"line":22,"column":null}},"line":13},"2":{"name":"(anonymous_2)","decl":{"start":{"line":17,"column":31},"end":{"line":17,"column":37}},"loc":{"start":{"line":17,"column":43},"end":{"line":17,"column":88}},"line":17},"3":{"name":"(anonymous_3)","decl":{"start":{"line":26,"column":21},"end":{"line":26,"column":33}},"loc":{"start":{"line":26,"column":33},"end":{"line":32,"column":null}},"line":26},"4":{"name":"(anonymous_4)","decl":{"start":{"line":36,"column":16},"end":{"line":36,"column":23}},"loc":{"start":{"line":36,"column":30},"end":{"line":38,"column":null}},"line":36},"5":{"name":"(anonymous_5)","decl":{"start":{"line":41,"column":12},"end":{"line":41,"column":19}},"loc":{"start":{"line":41,"column":26},"end":{"line":43,"column":null}},"line":41},"6":{"name":"(anonymous_6)","decl":{"start":{"line":46,"column":14},"end":{"line":46,"column":21}},"loc":{"start":{"line":46,"column":28},"end":{"line":48,"column":null}},"line":46},"7":{"name":"(anonymous_7)","decl":{"start":{"line":51,"column":18},"end":{"line":51,"column":25}},"loc":{"start":{"line":51,"column":32},"end":{"line":53,"column":null}},"line":51},"8":{"name":"(anonymous_8)","decl":{"start":{"line":58,"column":6},"end":{"line":58,"column":19}},"loc":{"start":{"line":58,"column":26},"end":{"line":58,"column":46}},"line":58}},"branchMap":{"0":{"loc":{"start":{"line":17,"column":25},"end":{"line":17,"column":null}},"type":"binary-expr","locations":[{"start":{"line":17,"column":25},"end":{"line":17,"column":88}},{"start":{"line":17,"column":92},"end":{"line":17,"column":null}}],"line":17},"1":{"loc":{"start":{"line":17,"column":43},"end":{"line":17,"column":88}},"type":"binary-expr","locations":[{"start":{"line":17,"column":43},"end":{"line":17,"column":66}},{"start":{"line":17,"column":66},"end":{"line":17,"column":88}}],"line":17},"2":{"loc":{"start":{"line":29,"column":24},"end":{"line":29,"column":46}},"type":"binary-expr","locations":[{"start":{"line":29,"column":24},"end":{"line":29,"column":40}},{"start":{"line":29,"column":40},"end":{"line":29,"column":46}}],"line":29}},"s":{"0":0,"1":0,"2":0,"3":0,"4":0,"5":0,"6":0,"7":0,"8":0,"9":0,"10":0,"11":0,"12":0,"13":0,"14":0,"15":0,"16":0,"17":0,"18":0,"19":0,"20":0,"21":0,"22":0,"23":0,"24":0},"f":{"0":0,"1":0,"2":0,"3":0,"4":0,"5":0,"6":0,"7":0,"8":0},"b":{"0":[0,0],"1":[0,0],"2":[0,0]},"meta":{"lastBranch":3,"lastFunction":9,"lastStatement":25,"seen":{"s:5:13:60:Infinity":0,"f:6:2:6:Infinity":0,"s:7:19:55:Infinity":1,"f:13:12:13:24":1,"s:14:8:14:Infinity":2,"s:15:8:22:Infinity":3,"s:16:24:16:51":4,"s:17:25:17:Infinity":5,"b:17:25:17:88:17:92:17:Infinity":0,"f:17:31:17:37":2,"s:17:43:17:88":6,"b:17:43:17:66:17:66:17:88":1,"s:18:10:18:Infinity":7,"s:19:10:19:Infinity":8,"s:21:10:21:Infinity":9,"s:22:10:22:Infinity":10,"f:26:21:26:33":3,"s:27:8:32:Infinity":11,"s:28:20:28:49":12,"s:29:10:29:Infinity":13,"b:29:24:29:40:29:40:29:46":2,"s:30:10:30:Infinity":14,"s:32:10:32:Infinity":15,"f:36:16:36:23":4,"s:37:8:37:Infinity":16,"s:38:8:38:Infinity":17,"f:41:12:41:19":5,"s:42:8:42:Infinity":18,"s:43:8:43:Infinity":19,"f:46:14:46:21":6,"s:47:8:47:Infinity":20,"s:48:8:48:Infinity":21,"f:51:18:51:25":7,"s:52:8:52:Infinity":22,"s:53:8:53:Infinity":23,"f:58:6:58:19":8,"s:58:26:58:46":24}}}
}
