{"C:\\Users\\Zeinab\\Downloads\\FYP\\minerva\\minerva\\frontend\\src\\components\\layout\\ActiveEngagementBanner.jsx": {"path":"C:\\Users\\Zeinab\\Downloads\\FYP\\minerva\\minerva\\frontend\\src\\components\\layout\\ActiveEngagementBanner.jsx","statementMap":{"0":{"start":{"line":14,"column":18},"end":{"line":14,"column":56}},"1":{"start":{"line":15,"column":15},"end":{"line":15,"column":37}},"2":{"start":{"line":17,"column":2},"end":{"line":21,"column":null}},"3":{"start":{"line":18,"column":4},"end":{"line":18,"column":null}},"4":{"start":{"line":19,"column":14},"end":{"line":19,"column":61}},"5":{"start":{"line":19,"column":32},"end":{"line":19,"column":53}},"6":{"start":{"line":19,"column":47},"end":{"line":19,"column":53}},"7":{"start":{"line":20,"column":4},"end":{"line":20,"column":null}},"8":{"start":{"line":20,"column":17},"end":{"line":20,"column":33}},"9":{"start":{"line":23,"column":2},"end":{"line":23,"column":null}},"10":{"start":{"line":23,"column":28},"end":{"line":23,"column":null}},"11":{"start":{"line":25,"column":2},"end":{"line":33,"column":null}},"12":{"start":{"line":26,"column":4},"end":{"line":33,"column":null}},"13":{"start":{"line":38,"column":15},"end":{"line":38,"column":null}},"14":{"start":{"line":39,"column":17},"end":{"line":39,"column":null}},"15":{"start":{"line":40,"column":18},"end":{"line":40,"column":null}},"16":{"start":{"line":41,"column":8},"end":{"line":43,"column":null}},"17":{"start":{"line":45,"column":2},"end":{"line":53,"column":null}},"18":{"start":{"line":46,"column":4},"end":{"line":53,"column":null}},"19":{"start":{"line":59,"column":4},"end":{"line":62,"column":null}},"20":{"start":{"line":64,"column":14},"end":{"line":66,"column":null}},"21":{"start":{"line":67,"column":15},"end":{"line":67,"column":null}},"22":{"start":{"line":69,"column":2},"end":{"line":106,"column":null}}},"fnMap":{"0":{"name":"ActiveEngagementBanner","decl":{"start":{"line":13,"column":24},"end":{"line":13,"column":49}},"loc":{"start":{"line":13,"column":49},"end":{"line":106,"column":null}},"line":13},"1":{"name":"(anonymous_1)","decl":{"start":{"line":17,"column":2},"end":{"line":17,"column":18}},"loc":{"start":{"line":17,"column":18},"end":{"line":21,"column":6}},"line":17},"2":{"name":"(anonymous_2)","decl":{"start":{"line":19,"column":14},"end":{"line":19,"column":32}},"loc":{"start":{"line":19,"column":32},"end":{"line":19,"column":53}},"line":19},"3":{"name":"(anonymous_3)","decl":{"start":{"line":19,"column":32},"end":{"line":19,"column":41}},"loc":{"start":{"line":19,"column":47},"end":{"line":19,"column":53}},"line":19},"4":{"name":"(anonymous_4)","decl":{"start":{"line":20,"column":4},"end":{"line":20,"column":17}},"loc":{"start":{"line":20,"column":17},"end":{"line":20,"column":33}},"line":20}},"branchMap":{"0":{"loc":{"start":{"line":23,"column":2},"end":{"line":23,"column":null}},"type":"if","locations":[{"start":{"line":23,"column":2},"end":{"line":23,"column":null}},{"start":{},"end":{}}],"line":23},"1":{"loc":{"start":{"line":25,"column":2},"end":{"line":33,"column":null}},"type":"if","locations":[{"start":{"line":25,"column":2},"end":{"line":33,"column":null}},{"start":{},"end":{}}],"line":25},"2":{"loc":{"start":{"line":38,"column":15},"end":{"line":38,"column":null}},"type":"binary-expr","locations":[{"start":{"line":38,"column":15},"end":{"line":38,"column":42}},{"start":{"line":38,"column":42},"end":{"line":38,"column":null}}],"line":38},"3":{"loc":{"start":{"line":39,"column":17},"end":{"line":39,"column":null}},"type":"binary-expr","locations":[{"start":{"line":39,"column":17},"end":{"line":39,"column":40}},{"start":{"line":39,"column":40},"end":{"line":39,"column":null}}],"line":39},"4":{"loc":{"start":{"line":40,"column":18},"end":{"line":40,"column":null}},"type":"cond-expr","locations":[{"start":{"line":40,"column":31},"end":{"line":40,"column":64}},{"start":{"line":40,"column":67},"end":{"line":40,"column":null}}],"line":40},"5":{"loc":{"start":{"line":41,"column":21},"end":{"line":41,"column":52}},"type":"binary-expr","locations":[{"start":{"line":41,"column":21},"end":{"line":41,"column":50}},{"start":{"line":41,"column":50},"end":{"line":41,"column":52}}],"line":41},"6":{"loc":{"start":{"line":42,"column":7},"end":{"line":43,"column":null}},"type":"cond-expr","locations":[{"start":{"line":43,"column":9},"end":{"line":43,"column":55}},{"start":{"line":43,"column":55},"end":{"line":43,"column":null}}],"line":42},"7":{"loc":{"start":{"line":42,"column":7},"end":{"line":42,"column":null}},"type":"binary-expr","locations":[{"start":{"line":42,"column":7},"end":{"line":42,"column":36}},{"start":{"line":42,"column":36},"end":{"line":42,"column":null}}],"line":42},"8":{"loc":{"start":{"line":45,"column":2},"end":{"line":53,"column":null}},"type":"if","locations":[{"start":{"line":45,"column":2},"end":{"line":53,"column":null}},{"start":{},"end":{}}],"line":45},"9":{"loc":{"start":{"line":59,"column":4},"end":{"line":62,"column":null}},"type":"binary-expr","locations":[{"start":{"line":59,"column":4},"end":{"line":59,"column":null}},{"start":{"line":60,"column":4},"end":{"line":60,"column":null}},{"start":{"line":61,"column":4},"end":{"line":61,"column":null}},{"start":{"line":62,"column":4},"end":{"line":62,"column":null}}],"line":59},"10":{"loc":{"start":{"line":64,"column":14},"end":{"line":66,"column":null}},"type":"cond-expr","locations":[{"start":{"line":65,"column":6},"end":{"line":65,"column":null}},{"start":{"line":66,"column":6},"end":{"line":66,"column":null}}],"line":64},"11":{"loc":{"start":{"line":67,"column":15},"end":{"line":67,"column":null}},"type":"cond-expr","locations":[{"start":{"line":67,"column":26},"end":{"line":67,"column":40}},{"start":{"line":67,"column":40},"end":{"line":67,"column":null}}],"line":67},"12":{"loc":{"start":{"line":73,"column":9},"end":{"line":73,"column":null}},"type":"cond-expr","locations":[{"start":{"line":73,"column":20},"end":{"line":73,"column":46}},{"start":{"line":73,"column":46},"end":{"line":73,"column":null}}],"line":73},"13":{"loc":{"start":{"line":77,"column":66},"end":{"line":77,"column":97}},"type":"binary-expr","locations":[{"start":{"line":77,"column":66},"end":{"line":77,"column":95}},{"start":{"line":77,"column":95},"end":{"line":77,"column":97}}],"line":77},"14":{"loc":{"start":{"line":78,"column":16},"end":{"line":78,"column":null}},"type":"binary-expr","locations":[{"start":{"line":78,"column":16},"end":{"line":78,"column":29}},{"start":{"line":78,"column":29},"end":{"line":78,"column":null}}],"line":78},"15":{"loc":{"start":{"line":84,"column":7},"end":{"line":88,"column":null}},"type":"binary-expr","locations":[{"start":{"line":84,"column":7},"end":{"line":84,"column":null}},{"start":{"line":85,"column":8},"end":{"line":88,"column":null}}],"line":84},"16":{"loc":{"start":{"line":90,"column":7},"end":{"line":94,"column":null}},"type":"binary-expr","locations":[{"start":{"line":90,"column":7},"end":{"line":90,"column":null}},{"start":{"line":91,"column":8},"end":{"line":94,"column":null}}],"line":90},"17":{"loc":{"start":{"line":96,"column":7},"end":{"line":102,"column":null}},"type":"binary-expr","locations":[{"start":{"line":96,"column":7},"end":{"line":96,"column":null}},{"start":{"line":97,"column":8},"end":{"line":102,"column":null}}],"line":96}},"s":{"0":0,"1":0,"2":0,"3":0,"4":0,"5":0,"6":0,"7":0,"8":0,"9":0,"10":0,"11":0,"12":0,"13":0,"14":0,"15":0,"16":0,"17":0,"18":0,"19":0,"20":0,"21":0,"22":0},"f":{"0":0,"1":0,"2":0,"3":0,"4":0},"b":{"0":[0,0],"1":[0,0],"2":[0,0],"3":[0,0],"4":[0,0],"5":[0,0],"6":[0,0],"7":[0,0],"8":[0,0],"9":[0,0,0,0],"10":[0,0],"11":[0,0],"12":[0,0],"13":[0,0],"14":[0,0],"15":[0,0],"16":[0,0],"17":[0,0]},"meta":{"lastBranch":18,"lastFunction":5,"lastStatement":23,"seen":{"f:13:24:13:49":0,"s:14:18:14:56":0,"s:15:15:15:37":1,"s:17:2:21:Infinity":2,"f:17:2:17:18":1,"s:18:4:18:Infinity":3,"s:19:14:19:61":4,"f:19:14:19:32":2,"s:19:32:19:53":5,"f:19:32:19:41":3,"s:19:47:19:53":6,"s:20:4:20:Infinity":7,"f:20:4:20:17":4,"s:20:17:20:33":8,"b:23:2:23:Infinity:undefined:undefined:undefined:undefined":0,"s:23:2:23:Infinity":9,"s:23:28:23:Infinity":10,"b:25:2:33:Infinity:undefined:undefined:undefined:undefined":1,"s:25:2:33:Infinity":11,"s:26:4:33:Infinity":12,"s:38:15:38:Infinity":13,"b:38:15:38:42:38:42:38:Infinity":2,"s:39:17:39:Infinity":14,"b:39:17:39:40:39:40:39:Infinity":3,"s:40:18:40:Infinity":15,"b:40:31:40:64:40:67:40:Infinity":4,"s:41:8:43:Infinity":16,"b:41:21:41:50:41:50:41:52":5,"b:43:9:43:55:43:55:43:Infinity":6,"b:42:7:42:36:42:36:42:Infinity":7,"b:45:2:53:Infinity:undefined:undefined:undefined:undefined":8,"s:45:2:53:Infinity":17,"s:46:4:53:Infinity":18,"s:59:4:62:Infinity":19,"b:59:4:59:Infinity:60:4:60:Infinity:61:4:61:Infinity:62:4:62:Infinity":9,"s:64:14:66:Infinity":20,"b:65:6:65:Infinity:66:6:66:Infinity":10,"s:67:15:67:Infinity":21,"b:67:26:67:40:67:40:67:Infinity":11,"s:69:2:106:Infinity":22,"b:73:20:73:46:73:46:73:Infinity":12,"b:77:66:77:95:77:95:77:97":13,"b:78:16:78:29:78:29:78:Infinity":14,"b:84:7:84:Infinity:85:8:88:Infinity":15,"b:90:7:90:Infinity:91:8:94:Infinity":16,"b:96:7:96:Infinity:97:8:102:Infinity":17}}}
,"C:\\Users\\Zeinab\\Downloads\\FYP\\minerva\\minerva\\frontend\\src\\components\\layout\\AuthLayout.jsx": {"path":"C:\\Users\\Zeinab\\Downloads\\FYP\\minerva\\minerva\\frontend\\src\\components\\layout\\AuthLayout.jsx","statementMap":{"0":{"start":{"line":6,"column":10},"end":{"line":6,"column":44}},"1":{"start":{"line":9,"column":2},"end":{"line":10,"column":null}},"2":{"start":{"line":10,"column":4},"end":{"line":10,"column":null}},"3":{"start":{"line":13,"column":2},"end":{"line":38,"column":null}}},"fnMap":{"0":{"name":"AuthLayout","decl":{"start":{"line":5,"column":24},"end":{"line":5,"column":37}},"loc":{"start":{"line":5,"column":37},"end":{"line":38,"column":null}},"line":5}},"branchMap":{"0":{"loc":{"start":{"line":9,"column":2},"end":{"line":10,"column":null}},"type":"if","locations":[{"start":{"line":9,"column":2},"end":{"line":10,"column":null}},{"start":{},"end":{}}],"line":9}},"s":{"0":0,"1":0,"2":0,"3":0},"f":{"0":0},"b":{"0":[0,0]},"meta":{"lastBranch":1,"lastFunction":1,"lastStatement":4,"seen":{"f:5:24:5:37":0,"s:6:10:6:44":0,"b:9:2:10:Infinity:undefined:undefined:undefined:undefined":0,"s:9:2:10:Infinity":1,"s:10:4:10:Infinity":2,"s:13:2:38:Infinity":3}}}
,"C:\\Users\\Zeinab\\Downloads\\FYP\\minerva\\minerva\\frontend\\src\\components\\layout\\MainLayout.jsx": {"path":"C:\\Users\\Zeinab\\Downloads\\FYP\\minerva\\minerva\\frontend\\src\\components\\layout\\MainLayout.jsx","statementMap":{"0":{"start":{"line":32,"column":17},"end":{"line":42,"column":null}},"1":{"start":{"line":44,"column":19},"end":{"line":52,"column":null}},"2":{"start":{"line":55,"column":24},"end":{"line":55,"column":50}},"3":{"start":{"line":56,"column":8},"end":{"line":56,"column":32}},"4":{"start":{"line":57,"column":24},"end":{"line":57,"column":59}},"5":{"start":{"line":59,"column":23},"end":{"line":61,"column":null}},"6":{"start":{"line":60,"column":4},"end":{"line":60,"column":null}},"7":{"start":{"line":61,"column":4},"end":{"line":61,"column":null}},"8":{"start":{"line":64,"column":2},"end":{"line":184,"column":null}},"9":{"start":{"line":98,"column":12},"end":{"line":108,"column":null}},"10":{"start":{"line":102,"column":43},"end":{"line":103,"column":null}},"11":{"start":{"line":115,"column":31},"end":{"line":115,"column":63}},"12":{"start":{"line":132,"column":20},"end":{"line":142,"column":null}},"13":{"start":{"line":136,"column":51},"end":{"line":137,"column":null}},"14":{"start":{"line":153,"column":41},"end":{"line":154,"column":null}},"15":{"start":{"line":189,"column":2},"end":{"line":219,"column":null}},"16":{"start":{"line":225,"column":22},"end":{"line":225,"column":55}},"17":{"start":{"line":227,"column":2},"end":{"line":237,"column":null}},"18":{"start":{"line":229,"column":51},"end":{"line":229,"column":76}},"19":{"start":{"line":233,"column":35},"end":{"line":233,"column":55}}},"fnMap":{"0":{"name":"Sidebar","decl":{"start":{"line":54,"column":9},"end":{"line":54,"column":17}},"loc":{"start":{"line":54,"column":38},"end":{"line":184,"column":null}},"line":54},"1":{"name":"(anonymous_1)","decl":{"start":{"line":59,"column":23},"end":{"line":59,"column":35}},"loc":{"start":{"line":59,"column":35},"end":{"line":61,"column":null}},"line":59},"2":{"name":"(anonymous_2)","decl":{"start":{"line":97,"column":20},"end":{"line":97,"column":25}},"loc":{"start":{"line":98,"column":12},"end":{"line":108,"column":null}},"line":98},"3":{"name":"(anonymous_3)","decl":{"start":{"line":102,"column":14},"end":{"line":102,"column":26}},"loc":{"start":{"line":102,"column":43},"end":{"line":103,"column":null}},"line":102},"4":{"name":"(anonymous_4)","decl":{"start":{"line":115,"column":16},"end":{"line":115,"column":31}},"loc":{"start":{"line":115,"column":31},"end":{"line":115,"column":63}},"line":115},"5":{"name":"(anonymous_5)","decl":{"start":{"line":131,"column":30},"end":{"line":131,"column":35}},"loc":{"start":{"line":132,"column":20},"end":{"line":142,"column":null}},"line":132},"6":{"name":"(anonymous_6)","decl":{"start":{"line":136,"column":22},"end":{"line":136,"column":34}},"loc":{"start":{"line":136,"column":51},"end":{"line":137,"column":null}},"line":136},"7":{"name":"(anonymous_7)","decl":{"start":{"line":153,"column":12},"end":{"line":153,"column":24}},"loc":{"start":{"line":153,"column":41},"end":{"line":154,"column":null}},"line":153},"8":{"name":"Header","decl":{"start":{"line":188,"column":9},"end":{"line":188,"column":16}},"loc":{"start":{"line":188,"column":33},"end":{"line":219,"column":null}},"line":188},"9":{"name":"MainLayout","decl":{"start":{"line":224,"column":24},"end":{"line":224,"column":37}},"loc":{"start":{"line":224,"column":37},"end":{"line":237,"column":null}},"line":224},"10":{"name":"(anonymous_10)","decl":{"start":{"line":229,"column":36},"end":{"line":229,"column":51}},"loc":{"start":{"line":229,"column":51},"end":{"line":229,"column":76}},"line":229},"11":{"name":"(anonymous_11)","decl":{"start":{"line":233,"column":16},"end":{"line":233,"column":35}},"loc":{"start":{"line":233,"column":35},"end":{"line":233,"column":55}},"line":233}},"branchMap":{"0":{"loc":{"start":{"line":67,"column":7},"end":{"line":75,"column":7}},"type":"binary-expr","locations":[{"start":{"line":67,"column":7},"end":{"line":67,"column":null}},{"start":{"line":68,"column":8},"end":{"line":75,"column":7}}],"line":67},"1":{"loc":{"start":{"line":79,"column":10},"end":{"line":79,"column":null}},"type":"cond-expr","locations":[{"start":{"line":79,"column":19},"end":{"line":79,"column":37}},{"start":{"line":79,"column":37},"end":{"line":79,"column":null}}],"line":79},"2":{"loc":{"start":{"line":103,"column":31},"end":{"line":103,"column":null}},"type":"cond-expr","locations":[{"start":{"line":103,"column":42},"end":{"line":103,"column":53}},{"start":{"line":103,"column":53},"end":{"line":103,"column":null}}],"line":103},"3":{"loc":{"start":{"line":112,"column":11},"end":{"line":144,"column":null}},"type":"binary-expr","locations":[{"start":{"line":112,"column":11},"end":{"line":112,"column":20}},{"start":{"line":113,"column":12},"end":{"line":144,"column":null}}],"line":112},"4":{"loc":{"start":{"line":122,"column":17},"end":{"line":125,"column":null}},"type":"cond-expr","locations":[{"start":{"line":123,"column":18},"end":{"line":125,"column":19}},{"start":{"line":125,"column":18},"end":{"line":125,"column":null}}],"line":122},"5":{"loc":{"start":{"line":129,"column":15},"end":{"line":144,"column":null}},"type":"binary-expr","locations":[{"start":{"line":129,"column":15},"end":{"line":129,"column":null}},{"start":{"line":130,"column":16},"end":{"line":144,"column":null}}],"line":129},"6":{"loc":{"start":{"line":137,"column":47},"end":{"line":137,"column":null}},"type":"cond-expr","locations":[{"start":{"line":137,"column":58},"end":{"line":137,"column":69}},{"start":{"line":137,"column":69},"end":{"line":137,"column":null}}],"line":137},"7":{"loc":{"start":{"line":154,"column":34},"end":{"line":154,"column":null}},"type":"cond-expr","locations":[{"start":{"line":154,"column":45},"end":{"line":154,"column":56}},{"start":{"line":154,"column":56},"end":{"line":154,"column":null}}],"line":154},"8":{"loc":{"start":{"line":167,"column":17},"end":{"line":167,"column":null}},"type":"binary-expr","locations":[{"start":{"line":167,"column":17},"end":{"line":167,"column":56}},{"start":{"line":167,"column":60},"end":{"line":167,"column":null}}],"line":167}},"s":{"0":0,"1":0,"2":0,"3":0,"4":0,"5":0,"6":0,"7":0,"8":0,"9":0,"10":0,"11":0,"12":0,"13":0,"14":0,"15":0,"16":0,"17":0,"18":0,"19":0},"f":{"0":0,"1":0,"2":0,"3":0,"4":0,"5":0,"6":0,"7":0,"8":0,"9":0,"10":0,"11":0},"b":{"0":[0,0],"1":[0,0],"2":[0,0],"3":[0,0],"4":[0,0],"5":[0,0],"6":[0,0],"7":[0,0],"8":[0,0]},"meta":{"lastBranch":9,"lastFunction":12,"lastStatement":20,"seen":{"s:32:17:42:Infinity":0,"s:44:19:52:Infinity":1,"f:54:9:54:17":0,"s:55:24:55:50":2,"s:56:8:56:32":3,"s:57:24:57:59":4,"s:59:23:61:Infinity":5,"f:59:23:59:35":1,"s:60:4:60:Infinity":6,"s:61:4:61:Infinity":7,"s:64:2:184:Infinity":8,"b:67:7:67:Infinity:68:8:75:7":0,"b:79:19:79:37:79:37:79:Infinity":1,"f:97:20:97:25":2,"s:98:12:108:Infinity":9,"f:102:14:102:26":3,"s:102:43:103:Infinity":10,"b:103:42:103:53:103:53:103:Infinity":2,"b:112:11:112:20:113:12:144:Infinity":3,"f:115:16:115:31":4,"s:115:31:115:63":11,"b:123:18:125:19:125:18:125:Infinity":4,"b:129:15:129:Infinity:130:16:144:Infinity":5,"f:131:30:131:35":5,"s:132:20:142:Infinity":12,"f:136:22:136:34":6,"s:136:51:137:Infinity":13,"b:137:58:137:69:137:69:137:Infinity":6,"f:153:12:153:24":7,"s:153:41:154:Infinity":14,"b:154:45:154:56:154:56:154:Infinity":7,"b:167:17:167:56:167:60:167:Infinity":8,"f:188:9:188:16":8,"s:189:2:219:Infinity":15,"f:224:24:224:37":9,"s:225:22:225:55":16,"s:227:2:237:Infinity":17,"f:229:36:229:51":10,"s:229:51:229:76":18,"f:233:16:233:35":11,"s:233:35:233:55":19}}}
,"C:\\Users\\Zeinab\\Downloads\\FYP\\minerva\\minerva\\frontend\\src\\components\\reports\\ReportAnalytics.jsx": {"path":"C:\\Users\\Zeinab\\Downloads\\FYP\\minerva\\minerva\\frontend\\src\\components\\reports\\ReportAnalytics.jsx","statementMap":{"0":{"start":{"line":8,"column":19},"end":{"line":14,"column":null}},"1":{"start":{"line":16,"column":20},"end":{"line":21,"column":null}},"2":{"start":{"line":23,"column":26},"end":{"line":30,"column":null}},"3":{"start":{"line":32,"column":17},"end":{"line":41,"column":null}},"4":{"start":{"line":44,"column":2},"end":{"line":50,"column":null}},"5":{"start":{"line":56,"column":22},"end":{"line":64,"column":null}},"6":{"start":{"line":65,"column":2},"end":{"line":70,"column":null}},"7":{"start":{"line":77,"column":16},"end":{"line":77,"column":null}},"8":{"start":{"line":78,"column":15},"end":{"line":78,"column":60}},"9":{"start":{"line":79,"column":2},"end":{"line":96,"column":null}},"10":{"start":{"line":101,"column":8},"end":{"line":101,"column":56}},"11":{"start":{"line":101,"column":44},"end":{"line":101,"column":56}},"12":{"start":{"line":102,"column":2},"end":{"line":102,"column":null}},"13":{"start":{"line":102,"column":24},"end":{"line":102,"column":null}},"14":{"start":{"line":103,"column":2},"end":{"line":120,"column":null}},"15":{"start":{"line":112,"column":16},"end":{"line":112,"column":null}},"16":{"start":{"line":115,"column":56},"end":{"line":115,"column":71}},"17":{"start":{"line":125,"column":8},"end":{"line":125,"column":56}},"18":{"start":{"line":125,"column":44},"end":{"line":125,"column":56}},"19":{"start":{"line":126,"column":2},"end":{"line":126,"column":null}},"20":{"start":{"line":126,"column":24},"end":{"line":126,"column":null}},"21":{"start":{"line":127,"column":2},"end":{"line":144,"column":null}},"22":{"start":{"line":136,"column":16},"end":{"line":136,"column":null}},"23":{"start":{"line":149,"column":2},"end":{"line":149,"column":null}},"24":{"start":{"line":149,"column":21},"end":{"line":149,"column":null}},"25":{"start":{"line":150,"column":2},"end":{"line":185,"column":null}},"26":{"start":{"line":166,"column":14},"end":{"line":180,"column":null}},"27":{"start":{"line":175,"column":18},"end":{"line":177,"column":null}},"28":{"start":{"line":190,"column":2},"end":{"line":190,"column":null}},"29":{"start":{"line":190,"column":10},"end":{"line":190,"column":null}},"30":{"start":{"line":191,"column":14},"end":{"line":192,"column":61}},"31":{"start":{"line":192,"column":4},"end":{"line":192,"column":59}},"32":{"start":{"line":192,"column":49},"end":{"line":192,"column":59}},"33":{"start":{"line":193,"column":2},"end":{"line":193,"column":null}},"34":{"start":{"line":193,"column":12},"end":{"line":193,"column":null}},"35":{"start":{"line":194,"column":16},"end":{"line":194,"column":null}},"36":{"start":{"line":195,"column":2},"end":{"line":195,"column":null}},"37":{"start":{"line":195,"column":21},"end":{"line":195,"column":null}},"38":{"start":{"line":196,"column":2},"end":{"line":196,"column":null}},"39":{"start":{"line":196,"column":21},"end":{"line":196,"column":null}},"40":{"start":{"line":197,"column":2},"end":{"line":197,"column":null}},"41":{"start":{"line":201,"column":2},"end":{"line":201,"column":null}},"42":{"start":{"line":201,"column":21},"end":{"line":201,"column":null}},"43":{"start":{"line":203,"column":2},"end":{"line":218,"column":null}},"44":{"start":{"line":223,"column":2},"end":{"line":223,"column":null}},"45":{"start":{"line":223,"column":21},"end":{"line":223,"column":null}},"46":{"start":{"line":224,"column":2},"end":{"line":243,"column":null}},"47":{"start":{"line":237,"column":14},"end":{"line":238,"column":null}},"48":{"start":{"line":248,"column":2},"end":{"line":248,"column":null}},"49":{"start":{"line":248,"column":39},"end":{"line":248,"column":48}},"50":{"start":{"line":248,"column":50},"end":{"line":248,"column":null}},"51":{"start":{"line":249,"column":2},"end":{"line":272,"column":null}},"52":{"start":{"line":260,"column":31},"end":{"line":260,"column":null}},"53":{"start":{"line":262,"column":18},"end":{"line":265,"column":null}},"54":{"start":{"line":266,"column":16},"end":{"line":266,"column":null}},"55":{"start":{"line":277,"column":2},"end":{"line":277,"column":null}},"56":{"start":{"line":277,"column":13},"end":{"line":277,"column":null}},"57":{"start":{"line":278,"column":16},"end":{"line":281,"column":28}},"58":{"start":{"line":281,"column":16},"end":{"line":281,"column":28}},"59":{"start":{"line":282,"column":2},"end":{"line":282,"column":null}},"60":{"start":{"line":282,"column":21},"end":{"line":282,"column":null}},"61":{"start":{"line":283,"column":2},"end":{"line":299,"column":null}},"62":{"start":{"line":292,"column":35},"end":{"line":292,"column":null}},"63":{"start":{"line":304,"column":2},"end":{"line":304,"column":null}},"64":{"start":{"line":304,"column":21},"end":{"line":304,"column":null}},"65":{"start":{"line":306,"column":18},"end":{"line":306,"column":20}},"66":{"start":{"line":307,"column":2},"end":{"line":309,"column":null}},"67":{"start":{"line":308,"column":18},"end":{"line":308,"column":63}},"68":{"start":{"line":309,"column":4},"end":{"line":309,"column":null}},"69":{"start":{"line":311,"column":17},"end":{"line":311,"column":80}},"70":{"start":{"line":311,"column":55},"end":{"line":311,"column":79}},"71":{"start":{"line":312,"column":2},"end":{"line":330,"column":null}},"72":{"start":{"line":319,"column":41},"end":{"line":319,"column":62}},"73":{"start":{"line":324,"column":14},"end":{"line":325,"column":null}},"74":{"start":{"line":335,"column":2},"end":{"line":335,"column":null}},"75":{"start":{"line":335,"column":40},"end":{"line":335,"column":null}},"76":{"start":{"line":336,"column":2},"end":{"line":350,"column":null}},"77":{"start":{"line":355,"column":2},"end":{"line":355,"column":null}},"78":{"start":{"line":355,"column":18},"end":{"line":355,"column":null}},"79":{"start":{"line":356,"column":12},"end":{"line":356,"column":32}},"80":{"start":{"line":357,"column":2},"end":{"line":428,"column":null}},"81":{"start":{"line":388,"column":78},"end":{"line":390,"column":13}},"82":{"start":{"line":396,"column":65},"end":{"line":398,"column":13}},"83":{"start":{"line":417,"column":72},"end":{"line":420,"column":13}}},"fnMap":{"0":{"name":"Card","decl":{"start":{"line":43,"column":9},"end":{"line":43,"column":14}},"loc":{"start":{"line":43,"column":61},"end":{"line":50,"column":null}},"line":43},"1":{"name":"Kpi","decl":{"start":{"line":55,"column":9},"end":{"line":55,"column":13}},"loc":{"start":{"line":55,"column":57},"end":{"line":70,"column":null}},"line":55},"2":{"name":"RiskGauge","decl":{"start":{"line":76,"column":9},"end":{"line":76,"column":19}},"loc":{"start":{"line":76,"column":37},"end":{"line":96,"column":null}},"line":76},"3":{"name":"SeverityDonut","decl":{"start":{"line":100,"column":9},"end":{"line":100,"column":23}},"loc":{"start":{"line":100,"column":33},"end":{"line":120,"column":null}},"line":100},"4":{"name":"(anonymous_4)","decl":{"start":{"line":101,"column":32},"end":{"line":101,"column":39}},"loc":{"start":{"line":101,"column":44},"end":{"line":101,"column":56}},"line":101},"5":{"name":"(anonymous_5)","decl":{"start":{"line":111,"column":24},"end":{"line":111,"column":29}},"loc":{"start":{"line":112,"column":16},"end":{"line":112,"column":null}},"line":112},"6":{"name":"(anonymous_6)","decl":{"start":{"line":115,"column":35},"end":{"line":115,"column":47}},"loc":{"start":{"line":115,"column":56},"end":{"line":115,"column":71}},"line":115},"7":{"name":"ConfidenceDonut","decl":{"start":{"line":124,"column":9},"end":{"line":124,"column":25}},"loc":{"start":{"line":124,"column":35},"end":{"line":144,"column":null}},"line":124},"8":{"name":"(anonymous_8)","decl":{"start":{"line":125,"column":32},"end":{"line":125,"column":39}},"loc":{"start":{"line":125,"column":44},"end":{"line":125,"column":56}},"line":125},"9":{"name":"(anonymous_9)","decl":{"start":{"line":135,"column":24},"end":{"line":135,"column":29}},"loc":{"start":{"line":136,"column":16},"end":{"line":136,"column":null}},"line":136},"10":{"name":"SeverityConfidenceMatrix","decl":{"start":{"line":148,"column":9},"end":{"line":148,"column":34}},"loc":{"start":{"line":148,"column":44},"end":{"line":185,"column":null}},"line":148},"11":{"name":"(anonymous_11)","decl":{"start":{"line":165,"column":18},"end":{"line":165,"column":23}},"loc":{"start":{"line":166,"column":14},"end":{"line":180,"column":null}},"line":166},"12":{"name":"(anonymous_12)","decl":{"start":{"line":174,"column":56},"end":{"line":174,"column":61}},"loc":{"start":{"line":175,"column":18},"end":{"line":177,"column":null}},"line":175},"13":{"name":"heatClass","decl":{"start":{"line":189,"column":9},"end":{"line":189,"column":19}},"loc":{"start":{"line":189,"column":31},"end":{"line":197,"column":null}},"line":189},"14":{"name":"(anonymous_14)","decl":{"start":{"line":191,"column":34},"end":{"line":191,"column":42}},"loc":{"start":{"line":192,"column":4},"end":{"line":192,"column":59}},"line":192},"15":{"name":"(anonymous_15)","decl":{"start":{"line":192,"column":40},"end":{"line":192,"column":44}},"loc":{"start":{"line":192,"column":49},"end":{"line":192,"column":59}},"line":192},"16":{"name":"HorizontalBarChart","decl":{"start":{"line":200,"column":9},"end":{"line":200,"column":28}},"loc":{"start":{"line":200,"column":92},"end":{"line":218,"column":null}},"line":200},"17":{"name":"StackedSeverityBars","decl":{"start":{"line":222,"column":9},"end":{"line":222,"column":29}},"loc":{"start":{"line":222,"column":65},"end":{"line":243,"column":null}},"line":222},"18":{"name":"(anonymous_18)","decl":{"start":{"line":236,"column":48},"end":{"line":236,"column":52}},"loc":{"start":{"line":237,"column":14},"end":{"line":238,"column":null}},"line":237},"19":{"name":"CvssHistogram","decl":{"start":{"line":247,"column":9},"end":{"line":247,"column":23}},"loc":{"start":{"line":247,"column":33},"end":{"line":272,"column":null}},"line":247},"20":{"name":"(anonymous_20)","decl":{"start":{"line":248,"column":28},"end":{"line":248,"column":34}},"loc":{"start":{"line":248,"column":39},"end":{"line":248,"column":48}},"line":248},"21":{"name":"(anonymous_21)","decl":{"start":{"line":259,"column":20},"end":{"line":259,"column":25}},"loc":{"start":{"line":259,"column":34},"end":{"line":266,"column":null}},"line":259},"22":{"name":"ConfirmationSplit","decl":{"start":{"line":276,"column":9},"end":{"line":276,"column":27}},"loc":{"start":{"line":276,"column":37},"end":{"line":299,"column":null}},"line":276},"23":{"name":"(anonymous_23)","decl":{"start":{"line":281,"column":4},"end":{"line":281,"column":11}},"loc":{"start":{"line":281,"column":16},"end":{"line":281,"column":28}},"line":281},"24":{"name":"(anonymous_24)","decl":{"start":{"line":292,"column":21},"end":{"line":292,"column":26}},"loc":{"start":{"line":292,"column":35},"end":{"line":292,"column":null}},"line":292},"25":{"name":"FindingsTimeline","decl":{"start":{"line":303,"column":9},"end":{"line":303,"column":26}},"loc":{"start":{"line":303,"column":36},"end":{"line":330,"column":null}},"line":303},"26":{"name":"(anonymous_26)","decl":{"start":{"line":311,"column":40},"end":{"line":311,"column":46}},"loc":{"start":{"line":311,"column":55},"end":{"line":311,"column":79}},"line":311},"27":{"name":"(anonymous_27)","decl":{"start":{"line":319,"column":19},"end":{"line":319,"column":35}},"loc":{"start":{"line":319,"column":41},"end":{"line":319,"column":62}},"line":319},"28":{"name":"(anonymous_28)","decl":{"start":{"line":323,"column":48},"end":{"line":323,"column":52}},"loc":{"start":{"line":324,"column":14},"end":{"line":325,"column":null}},"line":324},"29":{"name":"MitreRadar","decl":{"start":{"line":334,"column":9},"end":{"line":334,"column":20}},"loc":{"start":{"line":334,"column":30},"end":{"line":350,"column":null}},"line":334},"30":{"name":"ReportAnalytics","decl":{"start":{"line":354,"column":24},"end":{"line":354,"column":40}},"loc":{"start":{"line":354,"column":61},"end":{"line":428,"column":null}},"line":354},"31":{"name":"(anonymous_31)","decl":{"start":{"line":388,"column":68},"end":{"line":388,"column":72}},"loc":{"start":{"line":388,"column":78},"end":{"line":390,"column":13}},"line":388},"32":{"name":"(anonymous_32)","decl":{"start":{"line":396,"column":55},"end":{"line":396,"column":59}},"loc":{"start":{"line":396,"column":65},"end":{"line":398,"column":13}},"line":396},"33":{"name":"(anonymous_33)","decl":{"start":{"line":417,"column":62},"end":{"line":417,"column":66}},"loc":{"start":{"line":417,"column":72},"end":{"line":420,"column":13}},"line":417}},"branchMap":{"0":{"loc":{"start":{"line":43,"column":43},"end":{"line":43,"column":61}},"type":"default-arg","locations":[{"start":{"line":43,"column":55},"end":{"line":43,"column":61}}],"line":43},"1":{"loc":{"start":{"line":48,"column":9},"end":{"line":48,"column":null}},"type":"binary-expr","locations":[{"start":{"line":48,"column":9},"end":{"line":48,"column":21}},{"start":{"line":48,"column":21},"end":{"line":48,"column":null}}],"line":48},"2":{"loc":{"start":{"line":55,"column":37},"end":{"line":55,"column":57}},"type":"default-arg","locations":[{"start":{"line":55,"column":46},"end":{"line":55,"column":57}}],"line":55},"3":{"loc":{"start":{"line":56,"column":22},"end":{"line":64,"column":null}},"type":"binary-expr","locations":[{"start":{"line":56,"column":22},"end":{"line":64,"column":15}},{"start":{"line":64,"column":15},"end":{"line":64,"column":null}}],"line":56},"4":{"loc":{"start":{"line":70,"column":9},"end":{"line":70,"column":null}},"type":"binary-expr","locations":[{"start":{"line":70,"column":9},"end":{"line":70,"column":19}},{"start":{"line":70,"column":19},"end":{"line":70,"column":null}}],"line":70},"5":{"loc":{"start":{"line":77,"column":16},"end":{"line":77,"column":null}},"type":"binary-expr","locations":[{"start":{"line":77,"column":16},"end":{"line":77,"column":44}},{"start":{"line":77,"column":44},"end":{"line":77,"column":null}}],"line":77},"6":{"loc":{"start":{"line":101,"column":20},"end":{"line":101,"column":30}},"type":"binary-expr","locations":[{"start":{"line":101,"column":20},"end":{"line":101,"column":28}},{"start":{"line":101,"column":28},"end":{"line":101,"column":30}}],"line":101},"7":{"loc":{"start":{"line":102,"column":2},"end":{"line":102,"column":null}},"type":"if","locations":[{"start":{"line":102,"column":2},"end":{"line":102,"column":null}},{"start":{},"end":{}}],"line":102},"8":{"loc":{"start":{"line":112,"column":40},"end":{"line":112,"column":74}},"type":"binary-expr","locations":[{"start":{"line":112,"column":40},"end":{"line":112,"column":61}},{"start":{"line":112,"column":61},"end":{"line":112,"column":74}}],"line":112},"9":{"loc":{"start":{"line":125,"column":20},"end":{"line":125,"column":30}},"type":"binary-expr","locations":[{"start":{"line":125,"column":20},"end":{"line":125,"column":28}},{"start":{"line":125,"column":28},"end":{"line":125,"column":30}}],"line":125},"10":{"loc":{"start":{"line":126,"column":2},"end":{"line":126,"column":null}},"type":"if","locations":[{"start":{"line":126,"column":2},"end":{"line":126,"column":null}},{"start":{},"end":{}}],"line":126},"11":{"loc":{"start":{"line":136,"column":40},"end":{"line":136,"column":75}},"type":"binary-expr","locations":[{"start":{"line":136,"column":40},"end":{"line":136,"column":62}},{"start":{"line":136,"column":62},"end":{"line":136,"column":75}}],"line":136},"12":{"loc":{"start":{"line":149,"column":2},"end":{"line":149,"column":null}},"type":"if","locations":[{"start":{"line":149,"column":2},"end":{"line":149,"column":null}},{"start":{},"end":{}}],"line":149},"13":{"loc":{"start":{"line":176,"column":21},"end":{"line":176,"column":null}},"type":"binary-expr","locations":[{"start":{"line":176,"column":21},"end":{"line":176,"column":31}},{"start":{"line":176,"column":31},"end":{"line":176,"column":null}}],"line":176},"14":{"loc":{"start":{"line":190,"column":2},"end":{"line":190,"column":null}},"type":"if","locations":[{"start":{"line":190,"column":2},"end":{"line":190,"column":null}},{"start":{},"end":{}}],"line":190},"15":{"loc":{"start":{"line":192,"column":49},"end":{"line":192,"column":59}},"type":"binary-expr","locations":[{"start":{"line":192,"column":49},"end":{"line":192,"column":57}},{"start":{"line":192,"column":57},"end":{"line":192,"column":59}}],"line":192},"16":{"loc":{"start":{"line":193,"column":2},"end":{"line":193,"column":null}},"type":"if","locations":[{"start":{"line":193,"column":2},"end":{"line":193,"column":null}},{"start":{},"end":{}}],"line":193},"17":{"loc":{"start":{"line":195,"column":2},"end":{"line":195,"column":null}},"type":"if","locations":[{"start":{"line":195,"column":2},"end":{"line":195,"column":null}},{"start":{},"end":{}}],"line":195},"18":{"loc":{"start":{"line":196,"column":2},"end":{"line":196,"column":null}},"type":"if","locations":[{"start":{"line":196,"column":2},"end":{"line":196,"column":null}},{"start":{},"end":{}}],"line":196},"19":{"loc":{"start":{"line":200,"column":71},"end":{"line":200,"column":92}},"type":"default-arg","locations":[{"start":{"line":200,"column":79},"end":{"line":200,"column":92}}],"line":200},"20":{"loc":{"start":{"line":201,"column":2},"end":{"line":201,"column":null}},"type":"if","locations":[{"start":{"line":201,"column":2},"end":{"line":201,"column":null}},{"start":{},"end":{}}],"line":201},"21":{"loc":{"start":{"line":223,"column":2},"end":{"line":223,"column":null}},"type":"if","locations":[{"start":{"line":223,"column":2},"end":{"line":223,"column":null}},{"start":{},"end":{}}],"line":223},"22":{"loc":{"start":{"line":248,"column":2},"end":{"line":248,"column":null}},"type":"if","locations":[{"start":{"line":248,"column":2},"end":{"line":248,"column":null}},{"start":{},"end":{}}],"line":248},"23":{"loc":{"start":{"line":248,"column":6},"end":{"line":248,"column":48}},"type":"binary-expr","locations":[{"start":{"line":248,"column":6},"end":{"line":248,"column":23}},{"start":{"line":248,"column":23},"end":{"line":248,"column":48}}],"line":248},"24":{"loc":{"start":{"line":262,"column":18},"end":{"line":265,"column":null}},"type":"cond-expr","locations":[{"start":{"line":262,"column":38},"end":{"line":262,"column":null}},{"start":{"line":263,"column":18},"end":{"line":265,"column":null}}],"line":262},"25":{"loc":{"start":{"line":263,"column":18},"end":{"line":265,"column":null}},"type":"cond-expr","locations":[{"start":{"line":263,"column":39},"end":{"line":263,"column":null}},{"start":{"line":264,"column":18},"end":{"line":265,"column":null}}],"line":263},"26":{"loc":{"start":{"line":264,"column":18},"end":{"line":265,"column":null}},"type":"cond-expr","locations":[{"start":{"line":264,"column":39},"end":{"line":264,"column":null}},{"start":{"line":265,"column":18},"end":{"line":265,"column":null}}],"line":264},"27":{"loc":{"start":{"line":265,"column":18},"end":{"line":265,"column":null}},"type":"cond-expr","locations":[{"start":{"line":265,"column":39},"end":{"line":265,"column":51}},{"start":{"line":265,"column":51},"end":{"line":265,"column":null}}],"line":265},"28":{"loc":{"start":{"line":277,"column":2},"end":{"line":277,"column":null}},"type":"if","locations":[{"start":{"line":277,"column":2},"end":{"line":277,"column":null}},{"start":{},"end":{}}],"line":277},"29":{"loc":{"start":{"line":282,"column":2},"end":{"line":282,"column":null}},"type":"if","locations":[{"start":{"line":282,"column":2},"end":{"line":282,"column":null}},{"start":{},"end":{}}],"line":282},"30":{"loc":{"start":{"line":304,"column":2},"end":{"line":304,"column":null}},"type":"if","locations":[{"start":{"line":304,"column":2},"end":{"line":304,"column":null}},{"start":{},"end":{}}],"line":304},"31":{"loc":{"start":{"line":308,"column":34},"end":{"line":308,"column":63}},"type":"binary-expr","locations":[{"start":{"line":308,"column":34},"end":{"line":308,"column":51}},{"start":{"line":308,"column":51},"end":{"line":308,"column":63}}],"line":308},"32":{"loc":{"start":{"line":309,"column":24},"end":{"line":309,"column":49}},"type":"binary-expr","locations":[{"start":{"line":309,"column":24},"end":{"line":309,"column":44}},{"start":{"line":309,"column":44},"end":{"line":309,"column":49}}],"line":309},"33":{"loc":{"start":{"line":319,"column":41},"end":{"line":319,"column":62}},"type":"binary-expr","locations":[{"start":{"line":319,"column":41},"end":{"line":319,"column":53}},{"start":{"line":319,"column":57},"end":{"line":319,"column":62}}],"line":319},"34":{"loc":{"start":{"line":335,"column":2},"end":{"line":335,"column":null}},"type":"if","locations":[{"start":{"line":335,"column":2},"end":{"line":335,"column":null}},{"start":{},"end":{}}],"line":335},"35":{"loc":{"start":{"line":335,"column":6},"end":{"line":335,"column":40}},"type":"binary-expr","locations":[{"start":{"line":335,"column":6},"end":{"line":335,"column":23}},{"start":{"line":335,"column":23},"end":{"line":335,"column":40}}],"line":335},"36":{"loc":{"start":{"line":355,"column":2},"end":{"line":355,"column":null}},"type":"if","locations":[{"start":{"line":355,"column":2},"end":{"line":355,"column":null}},{"start":{},"end":{}}],"line":355},"37":{"loc":{"start":{"line":356,"column":12},"end":{"line":356,"column":32}},"type":"binary-expr","locations":[{"start":{"line":356,"column":12},"end":{"line":356,"column":30}},{"start":{"line":356,"column":30},"end":{"line":356,"column":32}}],"line":356},"38":{"loc":{"start":{"line":361,"column":37},"end":{"line":361,"column":60}},"type":"binary-expr","locations":[{"start":{"line":361,"column":37},"end":{"line":361,"column":57}},{"start":{"line":361,"column":57},"end":{"line":361,"column":60}}],"line":361},"39":{"loc":{"start":{"line":362,"column":37},"end":{"line":362,"column":54}},"type":"binary-expr","locations":[{"start":{"line":362,"column":37},"end":{"line":362,"column":51}},{"start":{"line":362,"column":51},"end":{"line":362,"column":54}}],"line":362},"40":{"loc":{"start":{"line":363,"column":33},"end":{"line":363,"column":46}},"type":"binary-expr","locations":[{"start":{"line":363,"column":33},"end":{"line":363,"column":43}},{"start":{"line":363,"column":43},"end":{"line":363,"column":46}}],"line":363},"41":{"loc":{"start":{"line":364,"column":41},"end":{"line":364,"column":65}},"type":"binary-expr","locations":[{"start":{"line":364,"column":41},"end":{"line":364,"column":60}},{"start":{"line":364,"column":60},"end":{"line":364,"column":65}}],"line":364},"42":{"loc":{"start":{"line":365,"column":37},"end":{"line":365,"column":54}},"type":"binary-expr","locations":[{"start":{"line":365,"column":37},"end":{"line":365,"column":51}},{"start":{"line":365,"column":51},"end":{"line":365,"column":54}}],"line":365},"43":{"loc":{"start":{"line":366,"column":38},"end":{"line":366,"column":68}},"type":"binary-expr","locations":[{"start":{"line":366,"column":38},"end":{"line":366,"column":65}},{"start":{"line":366,"column":65},"end":{"line":366,"column":68}}],"line":366},"44":{"loc":{"start":{"line":371,"column":9},"end":{"line":371,"column":null}},"type":"binary-expr","locations":[{"start":{"line":371,"column":9},"end":{"line":371,"column":17}},{"start":{"line":371,"column":17},"end":{"line":371,"column":null}}],"line":371},"45":{"loc":{"start":{"line":371,"column":54},"end":{"line":371,"column":73}},"type":"binary-expr","locations":[{"start":{"line":371,"column":54},"end":{"line":371,"column":68}},{"start":{"line":371,"column":68},"end":{"line":371,"column":73}}],"line":371},"46":{"loc":{"start":{"line":388,"column":17},"end":{"line":388,"column":53}},"type":"binary-expr","locations":[{"start":{"line":388,"column":17},"end":{"line":388,"column":51}},{"start":{"line":388,"column":51},"end":{"line":388,"column":53}}],"line":388},"47":{"loc":{"start":{"line":389,"column":19},"end":{"line":389,"column":55}},"type":"binary-expr","locations":[{"start":{"line":389,"column":19},"end":{"line":389,"column":36}},{"start":{"line":389,"column":36},"end":{"line":389,"column":51}},{"start":{"line":389,"column":51},"end":{"line":389,"column":55}}],"line":389},"48":{"loc":{"start":{"line":396,"column":17},"end":{"line":396,"column":53}},"type":"binary-expr","locations":[{"start":{"line":396,"column":17},"end":{"line":396,"column":51}},{"start":{"line":396,"column":51},"end":{"line":396,"column":53}}],"line":396},"49":{"loc":{"start":{"line":407,"column":16},"end":{"line":407,"column":53}},"type":"binary-expr","locations":[{"start":{"line":407,"column":16},"end":{"line":407,"column":51}},{"start":{"line":407,"column":51},"end":{"line":407,"column":53}}],"line":407},"50":{"loc":{"start":{"line":412,"column":16},"end":{"line":412,"column":48}},"type":"binary-expr","locations":[{"start":{"line":412,"column":16},"end":{"line":412,"column":46}},{"start":{"line":412,"column":46},"end":{"line":412,"column":48}}],"line":412},"51":{"loc":{"start":{"line":417,"column":17},"end":{"line":417,"column":47}},"type":"binary-expr","locations":[{"start":{"line":417,"column":17},"end":{"line":417,"column":45}},{"start":{"line":417,"column":45},"end":{"line":417,"column":47}}],"line":417},"52":{"loc":{"start":{"line":418,"column":20},"end":{"line":418,"column":null}},"type":"cond-expr","locations":[{"start":{"line":418,"column":43},"end":{"line":418,"column":73}},{"start":{"line":418,"column":73},"end":{"line":418,"column":null}}],"line":418}},"s":{"0":0,"1":0,"2":0,"3":0,"4":0,"5":0,"6":0,"7":0,"8":0,"9":0,"10":0,"11":0,"12":0,"13":0,"14":0,"15":0,"16":0,"17":0,"18":0,"19":0,"20":0,"21":0,"22":0,"23":0,"24":0,"25":0,"26":0,"27":0,"28":0,"29":0,"30":0,"31":0,"32":0,"33":0,"34":0,"35":0,"36":0,"37":0,"38":0,"39":0,"40":0,"41":0,"42":0,"43":0,"44":0,"45":0,"46":0,"47":0,"48":0,"49":0,"50":0,"51":0,"52":0,"53":0,"54":0,"55":0,"56":0,"57":0,"58":0,"59":0,"60":0,"61":0,"62":0,"63":0,"64":0,"65":0,"66":0,"67":0,"68":0,"69":0,"70":0,"71":0,"72":0,"73":0,"74":0,"75":0,"76":0,"77":0,"78":0,"79":0,"80":0,"81":0,"82":0,"83":0},"f":{"0":0,"1":0,"2":0,"3":0,"4":0,"5":0,"6":0,"7":0,"8":0,"9":0,"10":0,"11":0,"12":0,"13":0,"14":0,"15":0,"16":0,"17":0,"18":0,"19":0,"20":0,"21":0,"22":0,"23":0,"24":0,"25":0,"26":0,"27":0,"28":0,"29":0,"30":0,"31":0,"32":0,"33":0},"b":{"0":[0],"1":[0,0],"2":[0],"3":[0,0],"4":[0,0],"5":[0,0],"6":[0,0],"7":[0,0],"8":[0,0],"9":[0,0],"10":[0,0],"11":[0,0],"12":[0,0],"13":[0,0],"14":[0,0],"15":[0,0],"16":[0,0],"17":[0,0],"18":[0,0],"19":[0],"20":[0,0],"21":[0,0],"22":[0,0],"23":[0,0],"24":[0,0],"25":[0,0],"26":[0,0],"27":[0,0],"28":[0,0],"29":[0,0],"30":[0,0],"31":[0,0],"32":[0,0],"33":[0,0],"34":[0,0],"35":[0,0],"36":[0,0],"37":[0,0],"38":[0,0],"39":[0,0],"40":[0,0],"41":[0,0],"42":[0,0],"43":[0,0],"44":[0,0],"45":[0,0],"46":[0,0],"47":[0,0,0],"48":[0,0],"49":[0,0],"50":[0,0],"51":[0,0],"52":[0,0]},"meta":{"lastBranch":53,"lastFunction":34,"lastStatement":84,"seen":{"s:8:19:14:Infinity":0,"s:16:20:21:Infinity":1,"s:23:26:30:Infinity":2,"s:32:17:41:Infinity":3,"f:43:9:43:14":0,"b:43:55:43:61":0,"s:44:2:50:Infinity":4,"b:48:9:48:21:48:21:48:Infinity":1,"f:55:9:55:13":1,"b:55:46:55:57":2,"s:56:22:64:Infinity":5,"b:56:22:64:15:64:15:64:Infinity":3,"s:65:2:70:Infinity":6,"b:70:9:70:19:70:19:70:Infinity":4,"f:76:9:76:19":2,"s:77:16:77:Infinity":7,"b:77:16:77:44:77:44:77:Infinity":5,"s:78:15:78:60":8,"s:79:2:96:Infinity":9,"f:100:9:100:23":3,"s:101:8:101:56":10,"b:101:20:101:28:101:28:101:30":6,"f:101:32:101:39":4,"s:101:44:101:56":11,"b:102:2:102:Infinity:undefined:undefined:undefined:undefined":7,"s:102:2:102:Infinity":12,"s:102:24:102:Infinity":13,"s:103:2:120:Infinity":14,"f:111:24:111:29":5,"s:112:16:112:Infinity":15,"b:112:40:112:61:112:61:112:74":8,"f:115:35:115:47":6,"s:115:56:115:71":16,"f:124:9:124:25":7,"s:125:8:125:56":17,"b:125:20:125:28:125:28:125:30":9,"f:125:32:125:39":8,"s:125:44:125:56":18,"b:126:2:126:Infinity:undefined:undefined:undefined:undefined":10,"s:126:2:126:Infinity":19,"s:126:24:126:Infinity":20,"s:127:2:144:Infinity":21,"f:135:24:135:29":9,"s:136:16:136:Infinity":22,"b:136:40:136:62:136:62:136:75":11,"f:148:9:148:34":10,"b:149:2:149:Infinity:undefined:undefined:undefined:undefined":12,"s:149:2:149:Infinity":23,"s:149:21:149:Infinity":24,"s:150:2:185:Infinity":25,"f:165:18:165:23":11,"s:166:14:180:Infinity":26,"f:174:56:174:61":12,"s:175:18:177:Infinity":27,"b:176:21:176:31:176:31:176:Infinity":13,"f:189:9:189:19":13,"b:190:2:190:Infinity:undefined:undefined:undefined:undefined":14,"s:190:2:190:Infinity":28,"s:190:10:190:Infinity":29,"s:191:14:192:61":30,"f:191:34:191:42":14,"s:192:4:192:59":31,"f:192:40:192:44":15,"s:192:49:192:59":32,"b:192:49:192:57:192:57:192:59":15,"b:193:2:193:Infinity:undefined:undefined:undefined:undefined":16,"s:193:2:193:Infinity":33,"s:193:12:193:Infinity":34,"s:194:16:194:Infinity":35,"b:195:2:195:Infinity:undefined:undefined:undefined:undefined":17,"s:195:2:195:Infinity":36,"s:195:21:195:Infinity":37,"b:196:2:196:Infinity:undefined:undefined:undefined:undefined":18,"s:196:2:196:Infinity":38,"s:196:21:196:Infinity":39,"s:197:2:197:Infinity":40,"f:200:9:200:28":16,"b:200:79:200:92":19,"b:201:2:201:Infinity:undefined:undefined:undefined:undefined":20,"s:201:2:201:Infinity":41,"s:201:21:201:Infinity":42,"s:203:2:218:Infinity":43,"f:222:9:222:29":17,"b:223:2:223:Infinity:undefined:undefined:undefined:undefined":21,"s:223:2:223:Infinity":44,"s:223:21:223:Infinity":45,"s:224:2:243:Infinity":46,"f:236:48:236:52":18,"s:237:14:238:Infinity":47,"f:247:9:247:23":19,"b:248:2:248:Infinity:undefined:undefined:undefined:undefined":22,"s:248:2:248:Infinity":48,"b:248:6:248:23:248:23:248:48":23,"f:248:28:248:34":20,"s:248:39:248:48":49,"s:248:50:248:Infinity":50,"s:249:2:272:Infinity":51,"f:259:20:259:25":21,"s:260:31:260:Infinity":52,"s:262:18:265:Infinity":53,"b:262:38:262:Infinity:263:18:265:Infinity":24,"b:263:39:263:Infinity:264:18:265:Infinity":25,"b:264:39:264:Infinity:265:18:265:Infinity":26,"b:265:39:265:51:265:51:265:Infinity":27,"s:266:16:266:Infinity":54,"f:276:9:276:27":22,"b:277:2:277:Infinity:undefined:undefined:undefined:undefined":28,"s:277:2:277:Infinity":55,"s:277:13:277:Infinity":56,"s:278:16:281:28":57,"f:281:4:281:11":23,"s:281:16:281:28":58,"b:282:2:282:Infinity:undefined:undefined:undefined:undefined":29,"s:282:2:282:Infinity":59,"s:282:21:282:Infinity":60,"s:283:2:299:Infinity":61,"f:292:21:292:26":24,"s:292:35:292:Infinity":62,"f:303:9:303:26":25,"b:304:2:304:Infinity:undefined:undefined:undefined:undefined":30,"s:304:2:304:Infinity":63,"s:304:21:304:Infinity":64,"s:306:18:306:20":65,"s:307:2:309:Infinity":66,"s:308:18:308:63":67,"b:308:34:308:51:308:51:308:63":31,"s:309:4:309:Infinity":68,"b:309:24:309:44:309:44:309:49":32,"s:311:17:311:80":69,"f:311:40:311:46":26,"s:311:55:311:79":70,"s:312:2:330:Infinity":71,"f:319:19:319:35":27,"s:319:41:319:62":72,"b:319:41:319:53:319:57:319:62":33,"f:323:48:323:52":28,"s:324:14:325:Infinity":73,"f:334:9:334:20":29,"b:335:2:335:Infinity:undefined:undefined:undefined:undefined":34,"s:335:2:335:Infinity":74,"b:335:6:335:23:335:23:335:40":35,"s:335:40:335:Infinity":75,"s:336:2:350:Infinity":76,"f:354:24:354:40":30,"b:355:2:355:Infinity:undefined:undefined:undefined:undefined":36,"s:355:2:355:Infinity":77,"s:355:18:355:Infinity":78,"s:356:12:356:32":79,"b:356:12:356:30:356:30:356:32":37,"s:357:2:428:Infinity":80,"b:361:37:361:57:361:57:361:60":38,"b:362:37:362:51:362:51:362:54":39,"b:363:33:363:43:363:43:363:46":40,"b:364:41:364:60:364:60:364:65":41,"b:365:37:365:51:365:51:365:54":42,"b:366:38:366:65:366:65:366:68":43,"b:371:9:371:17:371:17:371:Infinity":44,"b:371:54:371:68:371:68:371:73":45,"b:388:17:388:51:388:51:388:53":46,"f:388:68:388:72":31,"s:388:78:390:13":81,"b:389:19:389:36:389:36:389:51:389:51:389:55":47,"b:396:17:396:51:396:51:396:53":48,"f:396:55:396:59":32,"s:396:65:398:13":82,"b:407:16:407:51:407:51:407:53":49,"b:412:16:412:46:412:46:412:48":50,"b:417:17:417:45:417:45:417:47":51,"f:417:62:417:66":33,"s:417:72:420:13":83,"b:418:43:418:73:418:73:418:Infinity":52}}}
,"C:\\Users\\Zeinab\\Downloads\\FYP\\minerva\\minerva\\frontend\\src\\components\\scanners\\CheckBuilder.jsx": {"path":"C:\\Users\\Zeinab\\Downloads\\FYP\\minerva\\minerva\\frontend\\src\\components\\scanners\\CheckBuilder.jsx","statementMap":{"0":{"start":{"line":4,"column":15},"end":{"line":4,"column":null}},"1":{"start":{"line":5,"column":2},"end":{"line":21,"column":null}},"2":{"start":{"line":6,"column":19},"end":{"line":6,"column":null}},"3":{"start":{"line":7,"column":4},"end":{"line":21,"column":null}},"4":{"start":{"line":13,"column":10},"end":{"line":18,"column":null}},"5":{"start":{"line":16,"column":26},"end":{"line":16,"column":34}},"6":{"start":{"line":18,"column":27},"end":{"line":18,"column":70}},"7":{"start":{"line":24,"column":2},"end":{"line":39,"column":null}},"8":{"start":{"line":33,"column":8},"end":{"line":36,"column":null}},"9":{"start":{"line":44,"column":21},"end":{"line":44,"column":66}},"10":{"start":{"line":44,"column":44},"end":{"line":44,"column":66}},"11":{"start":{"line":45,"column":17},"end":{"line":45,"column":41}},"12":{"start":{"line":46,"column":19},"end":{"line":46,"column":45}},"13":{"start":{"line":47,"column":20},"end":{"line":47,"column":39}},"14":{"start":{"line":49,"column":8},"end":{"line":50,"column":null}},"15":{"start":{"line":50,"column":4},"end":{"line":50,"column":null}},"16":{"start":{"line":53,"column":2},"end":{"line":120,"column":null}},"17":{"start":{"line":60,"column":28},"end":{"line":60,"column":null}},"18":{"start":{"line":61,"column":27},"end":{"line":61,"column":69}},"19":{"start":{"line":61,"column":50},"end":{"line":61,"column":69}},"20":{"start":{"line":62,"column":25},"end":{"line":62,"column":null}},"21":{"start":{"line":63,"column":12},"end":{"line":65,"column":null}},"22":{"start":{"line":64,"column":14},"end":{"line":65,"column":null}},"23":{"start":{"line":65,"column":16},"end":{"line":65,"column":null}},"24":{"start":{"line":68,"column":12},"end":{"line":68,"column":null}},"25":{"start":{"line":73,"column":12},"end":{"line":75,"column":null}},"26":{"start":{"line":91,"column":28},"end":{"line":91,"column":null}},"27":{"start":{"line":92,"column":28},"end":{"line":92,"column":51}},"28":{"start":{"line":93,"column":14},"end":{"line":105,"column":null}},"29":{"start":{"line":103,"column":37},"end":{"line":103,"column":null}},"30":{"start":{"line":117,"column":31},"end":{"line":117,"column":null}},"31":{"start":{"line":127,"column":8},"end":{"line":127,"column":55}},"32":{"start":{"line":127,"column":20},"end":{"line":127,"column":55}},"33":{"start":{"line":128,"column":8},"end":{"line":129,"column":58}},"34":{"start":{"line":129,"column":4},"end":{"line":129,"column":58}},"35":{"start":{"line":129,"column":35},"end":{"line":129,"column":57}},"36":{"start":{"line":130,"column":8},"end":{"line":130,"column":72}},"37":{"start":{"line":130,"column":28},"end":{"line":130,"column":72}},"38":{"start":{"line":130,"column":61},"end":{"line":130,"column":71}},"39":{"start":{"line":132,"column":2},"end":{"line":151,"column":null}},"40":{"start":{"line":138,"column":8},"end":{"line":144,"column":null}},"41":{"start":{"line":142,"column":30},"end":{"line":142,"column":47}},"42":{"start":{"line":143,"column":26},"end":{"line":143,"column":null}}},"fnMap":{"0":{"name":"Field","decl":{"start":{"line":3,"column":9},"end":{"line":3,"column":15}},"loc":{"start":{"line":3,"column":49},"end":{"line":39,"column":null}},"line":3},"1":{"name":"(anonymous_1)","decl":{"start":{"line":12,"column":8},"end":{"line":12,"column":19}},"loc":{"start":{"line":13,"column":10},"end":{"line":18,"column":null}},"line":13},"2":{"name":"(anonymous_2)","decl":{"start":{"line":16,"column":15},"end":{"line":16,"column":20}},"loc":{"start":{"line":16,"column":26},"end":{"line":16,"column":34}},"line":16},"3":{"name":"(anonymous_3)","decl":{"start":{"line":18,"column":15},"end":{"line":18,"column":20}},"loc":{"start":{"line":18,"column":27},"end":{"line":18,"column":70}},"line":18},"4":{"name":"(anonymous_4)","decl":{"start":{"line":32,"column":6},"end":{"line":32,"column":17}},"loc":{"start":{"line":33,"column":8},"end":{"line":36,"column":null}},"line":33},"5":{"name":"CheckRow","decl":{"start":{"line":43,"column":9},"end":{"line":43,"column":18}},"loc":{"start":{"line":43,"column":61},"end":{"line":120,"column":null}},"line":43},"6":{"name":"(anonymous_6)","decl":{"start":{"line":44,"column":32},"end":{"line":44,"column":38}},"loc":{"start":{"line":44,"column":44},"end":{"line":44,"column":66}},"line":44},"7":{"name":"(anonymous_7)","decl":{"start":{"line":49,"column":8},"end":{"line":49,"column":23}},"loc":{"start":{"line":49,"column":36},"end":{"line":50,"column":null}},"line":49},"8":{"name":"(anonymous_8)","decl":{"start":{"line":59,"column":10},"end":{"line":59,"column":21}},"loc":{"start":{"line":59,"column":27},"end":{"line":68,"column":null}},"line":59},"9":{"name":"(anonymous_9)","decl":{"start":{"line":61,"column":38},"end":{"line":61,"column":44}},"loc":{"start":{"line":61,"column":50},"end":{"line":61,"column":69}},"line":61},"10":{"name":"(anonymous_10)","decl":{"start":{"line":72,"column":22},"end":{"line":72,"column":27}},"loc":{"start":{"line":73,"column":12},"end":{"line":75,"column":null}},"line":73},"11":{"name":"(anonymous_11)","decl":{"start":{"line":90,"column":23},"end":{"line":90,"column":28}},"loc":{"start":{"line":90,"column":37},"end":{"line":105,"column":null}},"line":90},"12":{"name":"(anonymous_12)","decl":{"start":{"line":103,"column":20},"end":{"line":103,"column":31}},"loc":{"start":{"line":103,"column":37},"end":{"line":103,"column":null}},"line":103},"13":{"name":"(anonymous_13)","decl":{"start":{"line":117,"column":14},"end":{"line":117,"column":25}},"loc":{"start":{"line":117,"column":31},"end":{"line":117,"column":null}},"line":117},"14":{"name":"CheckBuilder","decl":{"start":{"line":126,"column":24},"end":{"line":126,"column":37}},"loc":{"start":{"line":126,"column":81},"end":{"line":151,"column":null}},"line":126},"15":{"name":"(anonymous_15)","decl":{"start":{"line":127,"column":8},"end":{"line":127,"column":20}},"loc":{"start":{"line":127,"column":20},"end":{"line":127,"column":55}},"line":127},"16":{"name":"(anonymous_16)","decl":{"start":{"line":128,"column":8},"end":{"line":128,"column":20}},"loc":{"start":{"line":129,"column":4},"end":{"line":129,"column":58}},"line":129},"17":{"name":"(anonymous_17)","decl":{"start":{"line":129,"column":20},"end":{"line":129,"column":25}},"loc":{"start":{"line":129,"column":35},"end":{"line":129,"column":57}},"line":129},"18":{"name":"(anonymous_18)","decl":{"start":{"line":130,"column":8},"end":{"line":130,"column":20}},"loc":{"start":{"line":130,"column":28},"end":{"line":130,"column":72}},"line":130},"19":{"name":"(anonymous_19)","decl":{"start":{"line":130,"column":44},"end":{"line":130,"column":52}},"loc":{"start":{"line":130,"column":61},"end":{"line":130,"column":71}},"line":130},"20":{"name":"(anonymous_20)","decl":{"start":{"line":137,"column":14},"end":{"line":137,"column":19}},"loc":{"start":{"line":138,"column":8},"end":{"line":144,"column":null}},"line":138},"21":{"name":"(anonymous_21)","decl":{"start":{"line":142,"column":10},"end":{"line":142,"column":21}},"loc":{"start":{"line":142,"column":30},"end":{"line":142,"column":47}},"line":142},"22":{"name":"(anonymous_22)","decl":{"start":{"line":143,"column":10},"end":{"line":143,"column":26}},"loc":{"start":{"line":143,"column":26},"end":{"line":143,"column":null}},"line":143}},"branchMap":{"0":{"loc":{"start":{"line":4,"column":15},"end":{"line":4,"column":null}},"type":"binary-expr","locations":[{"start":{"line":4,"column":15},"end":{"line":4,"column":30}},{"start":{"line":4,"column":30},"end":{"line":4,"column":null}}],"line":4},"1":{"loc":{"start":{"line":5,"column":2},"end":{"line":21,"column":null}},"type":"if","locations":[{"start":{"line":5,"column":2},"end":{"line":21,"column":null}},{"start":{},"end":{}}],"line":5},"2":{"loc":{"start":{"line":6,"column":19},"end":{"line":6,"column":null}},"type":"cond-expr","locations":[{"start":{"line":6,"column":42},"end":{"line":6,"column":58}},{"start":{"line":6,"column":61},"end":{"line":6,"column":null}}],"line":6},"3":{"loc":{"start":{"line":6,"column":61},"end":{"line":6,"column":null}},"type":"binary-expr","locations":[{"start":{"line":6,"column":61},"end":{"line":6,"column":70}},{"start":{"line":6,"column":70},"end":{"line":6,"column":null}}],"line":6},"4":{"loc":{"start":{"line":10,"column":21},"end":{"line":10,"column":null}},"type":"binary-expr","locations":[{"start":{"line":10,"column":21},"end":{"line":10,"column":42}},{"start":{"line":10,"column":42},"end":{"line":10,"column":null}}],"line":10},"5":{"loc":{"start":{"line":18,"column":27},"end":{"line":18,"column":70}},"type":"cond-expr","locations":[{"start":{"line":18,"column":55},"end":{"line":18,"column":64}},{"start":{"line":18,"column":67},"end":{"line":18,"column":70}}],"line":18},"6":{"loc":{"start":{"line":27,"column":12},"end":{"line":27,"column":null}},"type":"cond-expr","locations":[{"start":{"line":27,"column":54},"end":{"line":27,"column":65}},{"start":{"line":27,"column":65},"end":{"line":27,"column":null}}],"line":27},"7":{"loc":{"start":{"line":27,"column":12},"end":{"line":27,"column":54}},"type":"binary-expr","locations":[{"start":{"line":27,"column":12},"end":{"line":27,"column":34}},{"start":{"line":27,"column":34},"end":{"line":27,"column":54}}],"line":27},"8":{"loc":{"start":{"line":30,"column":19},"end":{"line":30,"column":null}},"type":"binary-expr","locations":[{"start":{"line":30,"column":19},"end":{"line":30,"column":41}},{"start":{"line":30,"column":41},"end":{"line":30,"column":59}},{"start":{"line":30,"column":59},"end":{"line":30,"column":null}}],"line":30},"9":{"loc":{"start":{"line":31,"column":13},"end":{"line":31,"column":null}},"type":"binary-expr","locations":[{"start":{"line":31,"column":13},"end":{"line":31,"column":22}},{"start":{"line":31,"column":22},"end":{"line":31,"column":null}}],"line":31},"10":{"loc":{"start":{"line":34,"column":10},"end":{"line":36,"column":null}},"type":"cond-expr","locations":[{"start":{"line":35,"column":14},"end":{"line":35,"column":36}},{"start":{"line":36,"column":14},"end":{"line":36,"column":null}}],"line":34},"11":{"loc":{"start":{"line":34,"column":10},"end":{"line":34,"column":null}},"type":"binary-expr","locations":[{"start":{"line":34,"column":10},"end":{"line":34,"column":32}},{"start":{"line":34,"column":32},"end":{"line":34,"column":null}}],"line":34},"12":{"loc":{"start":{"line":45,"column":17},"end":{"line":45,"column":41}},"type":"binary-expr","locations":[{"start":{"line":45,"column":17},"end":{"line":45,"column":39}},{"start":{"line":45,"column":39},"end":{"line":45,"column":41}}],"line":45},"13":{"loc":{"start":{"line":46,"column":19},"end":{"line":46,"column":45}},"type":"binary-expr","locations":[{"start":{"line":46,"column":19},"end":{"line":46,"column":43}},{"start":{"line":46,"column":43},"end":{"line":46,"column":45}}],"line":46},"14":{"loc":{"start":{"line":58,"column":17},"end":{"line":58,"column":null}},"type":"binary-expr","locations":[{"start":{"line":58,"column":17},"end":{"line":58,"column":31}},{"start":{"line":58,"column":31},"end":{"line":58,"column":null}}],"line":58},"15":{"loc":{"start":{"line":62,"column":55},"end":{"line":62,"column":80}},"type":"binary-expr","locations":[{"start":{"line":62,"column":55},"end":{"line":62,"column":76}},{"start":{"line":62,"column":76},"end":{"line":62,"column":80}}],"line":62},"16":{"loc":{"start":{"line":63,"column":28},"end":{"line":63,"column":50}},"type":"binary-expr","locations":[{"start":{"line":63,"column":28},"end":{"line":63,"column":48}},{"start":{"line":63,"column":48},"end":{"line":63,"column":50}}],"line":63},"17":{"loc":{"start":{"line":64,"column":14},"end":{"line":65,"column":null}},"type":"if","locations":[{"start":{"line":64,"column":14},"end":{"line":65,"column":null}},{"start":{},"end":{}}],"line":64},"18":{"loc":{"start":{"line":74,"column":15},"end":{"line":74,"column":null}},"type":"binary-expr","locations":[{"start":{"line":74,"column":15},"end":{"line":74,"column":26}},{"start":{"line":74,"column":26},"end":{"line":74,"column":null}}],"line":74},"19":{"loc":{"start":{"line":87,"column":7},"end":{"line":120,"column":null}},"type":"binary-expr","locations":[{"start":{"line":87,"column":7},"end":{"line":87,"column":null}},{"start":{"line":88,"column":8},"end":{"line":120,"column":null}}],"line":87},"20":{"loc":{"start":{"line":97,"column":21},"end":{"line":97,"column":null}},"type":"binary-expr","locations":[{"start":{"line":97,"column":21},"end":{"line":97,"column":30}},{"start":{"line":97,"column":30},"end":{"line":97,"column":null}}],"line":97},"21":{"loc":{"start":{"line":116,"column":21},"end":{"line":116,"column":null}},"type":"binary-expr","locations":[{"start":{"line":116,"column":21},"end":{"line":116,"column":42}},{"start":{"line":116,"column":42},"end":{"line":116,"column":null}}],"line":116},"22":{"loc":{"start":{"line":126,"column":39},"end":{"line":126,"column":50}},"type":"default-arg","locations":[{"start":{"line":126,"column":48},"end":{"line":126,"column":50}}],"line":126},"23":{"loc":{"start":{"line":126,"column":52},"end":{"line":126,"column":67}},"type":"default-arg","locations":[{"start":{"line":126,"column":65},"end":{"line":126,"column":67}}],"line":126},"24":{"loc":{"start":{"line":129,"column":35},"end":{"line":129,"column":57}},"type":"cond-expr","locations":[{"start":{"line":129,"column":47},"end":{"line":129,"column":54}},{"start":{"line":129,"column":54},"end":{"line":129,"column":57}}],"line":129},"25":{"loc":{"start":{"line":134,"column":7},"end":{"line":135,"column":null}},"type":"binary-expr","locations":[{"start":{"line":134,"column":7},"end":{"line":134,"column":null}},{"start":{"line":135,"column":8},"end":{"line":135,"column":null}}],"line":134}},"s":{"0":9,"1":9,"2":0,"3":0,"4":0,"5":0,"6":0,"7":9,"8":1,"9":9,"10":11,"11":9,"12":9,"13":9,"14":9,"15":1,"16":9,"17":1,"18":1,"19":2,"20":1,"21":1,"22":2,"23":1,"24":1,"25":18,"26":9,"27":9,"28":9,"29":1,"30":0,"31":10,"32":2,"33":10,"34":2,"35":2,"36":10,"37":1,"38":2,"39":10,"40":9,"41":2,"42":1},"f":{"0":9,"1":0,"2":0,"3":0,"4":1,"5":9,"6":11,"7":1,"8":1,"9":2,"10":18,"11":9,"12":1,"13":0,"14":10,"15":2,"16":2,"17":2,"18":1,"19":2,"20":9,"21":2,"22":1},"b":{"0":[9,0],"1":[0,9],"2":[0,0],"3":[0,0],"4":[0,0],"5":[0,0],"6":[1,8],"7":[9,8],"8":[9,2,1],"9":[9,0],"10":[0,1],"11":[1,1],"12":[9,1],"13":[9,1],"14":[9,1],"15":[1,1],"16":[1,0],"17":[1,1],"18":[18,0],"19":[9,8],"20":[9,9],"21":[8,8],"22":[10],"23":[10],"24":[2,0],"25":[10,3]},"meta":{"lastBranch":26,"lastFunction":23,"lastStatement":43,"seen":{"f:3:9:3:15":0,"s:4:15:4:Infinity":0,"b:4:15:4:30:4:30:4:Infinity":0,"b:5:2:21:Infinity:undefined:undefined:undefined:undefined":1,"s:5:2:21:Infinity":1,"s:6:19:6:Infinity":2,"b:6:42:6:58:6:61:6:Infinity":2,"b:6:61:6:70:6:70:6:Infinity":3,"s:7:4:21:Infinity":3,"b:10:21:10:42:10:42:10:Infinity":4,"f:12:8:12:19":1,"s:13:10:18:Infinity":4,"f:16:15:16:20":2,"s:16:26:16:34":5,"f:18:15:18:20":3,"s:18:27:18:70":6,"b:18:55:18:64:18:67:18:70":5,"s:24:2:39:Infinity":7,"b:27:54:27:65:27:65:27:Infinity":6,"b:27:12:27:34:27:34:27:54":7,"b:30:19:30:41:30:41:30:59:30:59:30:Infinity":8,"b:31:13:31:22:31:22:31:Infinity":9,"f:32:6:32:17":4,"s:33:8:36:Infinity":8,"b:35:14:35:36:36:14:36:Infinity":10,"b:34:10:34:32:34:32:34:Infinity":11,"f:43:9:43:18":5,"s:44:21:44:66":9,"f:44:32:44:38":6,"s:44:44:44:66":10,"s:45:17:45:41":11,"b:45:17:45:39:45:39:45:41":12,"s:46:19:46:45":12,"b:46:19:46:43:46:43:46:45":13,"s:47:20:47:39":13,"s:49:8:50:Infinity":14,"f:49:8:49:23":7,"s:50:4:50:Infinity":15,"s:53:2:120:Infinity":16,"b:58:17:58:31:58:31:58:Infinity":14,"f:59:10:59:21":8,"s:60:28:60:Infinity":17,"s:61:27:61:69":18,"f:61:38:61:44":9,"s:61:50:61:69":19,"s:62:25:62:Infinity":20,"b:62:55:62:76:62:76:62:80":15,"s:63:12:65:Infinity":21,"b:63:28:63:48:63:48:63:50":16,"b:64:14:65:Infinity:undefined:undefined:undefined:undefined":17,"s:64:14:65:Infinity":22,"s:65:16:65:Infinity":23,"s:68:12:68:Infinity":24,"f:72:22:72:27":10,"s:73:12:75:Infinity":25,"b:74:15:74:26:74:26:74:Infinity":18,"b:87:7:87:Infinity:88:8:120:Infinity":19,"f:90:23:90:28":11,"s:91:28:91:Infinity":26,"s:92:28:92:51":27,"s:93:14:105:Infinity":28,"b:97:21:97:30:97:30:97:Infinity":20,"f:103:20:103:31":12,"s:103:37:103:Infinity":29,"b:116:21:116:42:116:42:116:Infinity":21,"f:117:14:117:25":13,"s:117:31:117:Infinity":30,"f:126:24:126:37":14,"b:126:48:126:50":22,"b:126:65:126:67":23,"s:127:8:127:55":31,"f:127:8:127:20":15,"s:127:20:127:55":32,"s:128:8:129:58":33,"f:128:8:128:20":16,"s:129:4:129:58":34,"f:129:20:129:25":17,"s:129:35:129:57":35,"b:129:47:129:54:129:54:129:57":24,"s:130:8:130:72":36,"f:130:8:130:20":18,"s:130:28:130:72":37,"f:130:44:130:52":19,"s:130:61:130:71":38,"s:132:2:151:Infinity":39,"b:134:7:134:Infinity:135:8:135:Infinity":25,"f:137:14:137:19":20,"s:138:8:144:Infinity":40,"f:142:10:142:21":21,"s:142:30:142:47":41,"f:143:10:143:26":22,"s:143:26:143:Infinity":42}}}
,"C:\\Users\\Zeinab\\Downloads\\FYP\\minerva\\minerva\\frontend\\src\\components\\scanners\\ClientModal.jsx": {"path":"C:\\Users\\Zeinab\\Downloads\\FYP\\minerva\\minerva\\frontend\\src\\components\\scanners\\ClientModal.jsx","statementMap":{"0":{"start":{"line":4,"column":21},"end":{"line":15,"column":null}},"1":{"start":{"line":18,"column":2},"end":{"line":30,"column":null}},"2":{"start":{"line":34,"column":2},"end":{"line":34,"column":null}},"3":{"start":{"line":37,"column":2},"end":{"line":40,"column":null}},"4":{"start":{"line":39,"column":16},"end":{"line":39,"column":24}},"5":{"start":{"line":51,"column":15},"end":{"line":51,"column":49}},"6":{"start":{"line":53,"column":2},"end":{"line":63,"column":null}},"7":{"start":{"line":54,"column":4},"end":{"line":61,"column":null}},"8":{"start":{"line":55,"column":19},"end":{"line":55,"column":32}},"9":{"start":{"line":56,"column":19},"end":{"line":56,"column":32}},"10":{"start":{"line":57,"column":6},"end":{"line":61,"column":null}},"11":{"start":{"line":65,"column":2},"end":{"line":65,"column":null}},"12":{"start":{"line":65,"column":13},"end":{"line":65,"column":null}},"13":{"start":{"line":67,"column":8},"end":{"line":67,"column":58}},"14":{"start":{"line":67,"column":24},"end":{"line":67,"column":58}},"15":{"start":{"line":67,"column":40},"end":{"line":67,"column":58}},"16":{"start":{"line":68,"column":8},"end":{"line":69,"column":69}},"17":{"start":{"line":69,"column":4},"end":{"line":69,"column":69}},"18":{"start":{"line":69,"column":20},"end":{"line":69,"column":69}},"19":{"start":{"line":71,"column":8},"end":{"line":73,"column":null}},"20":{"start":{"line":72,"column":4},"end":{"line":72,"column":null}},"21":{"start":{"line":73,"column":4},"end":{"line":73,"column":null}},"22":{"start":{"line":76,"column":2},"end":{"line":231,"column":null}},"23":{"start":{"line":102,"column":18},"end":{"line":106,"column":null}},"24":{"start":{"line":118,"column":33},"end":{"line":118,"column":60}},"25":{"start":{"line":121,"column":18},"end":{"line":123,"column":null}},"26":{"start":{"line":132,"column":33},"end":{"line":132,"column":68}},"27":{"start":{"line":141,"column":33},"end":{"line":141,"column":62}},"28":{"start":{"line":159,"column":18},"end":{"line":159,"column":null}},"29":{"start":{"line":170,"column":33},"end":{"line":170,"column":null}},"30":{"start":{"line":181,"column":18},"end":{"line":181,"column":null}},"31":{"start":{"line":193,"column":18},"end":{"line":193,"column":null}},"32":{"start":{"line":204,"column":33},"end":{"line":204,"column":null}}},"fnMap":{"0":{"name":"emptyClient","decl":{"start":{"line":17,"column":9},"end":{"line":17,"column":23}},"loc":{"start":{"line":17,"column":23},"end":{"line":30,"column":null}},"line":17},"1":{"name":"arrToLines","decl":{"start":{"line":33,"column":9},"end":{"line":33,"column":20}},"loc":{"start":{"line":33,"column":25},"end":{"line":34,"column":null}},"line":33},"2":{"name":"linesToArr","decl":{"start":{"line":36,"column":9},"end":{"line":36,"column":20}},"loc":{"start":{"line":36,"column":23},"end":{"line":40,"column":null}},"line":36},"3":{"name":"(anonymous_3)","decl":{"start":{"line":39,"column":5},"end":{"line":39,"column":10}},"loc":{"start":{"line":39,"column":16},"end":{"line":39,"column":24}},"line":39},"4":{"name":"ClientModal","decl":{"start":{"line":43,"column":24},"end":{"line":43,"column":36}},"loc":{"start":{"line":50,"column":3},"end":{"line":231,"column":null}},"line":50},"5":{"name":"(anonymous_5)","decl":{"start":{"line":53,"column":2},"end":{"line":53,"column":18}},"loc":{"start":{"line":53,"column":18},"end":{"line":63,"column":6}},"line":53},"6":{"name":"(anonymous_6)","decl":{"start":{"line":67,"column":8},"end":{"line":67,"column":15}},"loc":{"start":{"line":67,"column":24},"end":{"line":67,"column":58}},"line":67},"7":{"name":"(anonymous_7)","decl":{"start":{"line":67,"column":24},"end":{"line":67,"column":33}},"loc":{"start":{"line":67,"column":40},"end":{"line":67,"column":58}},"line":67},"8":{"name":"(anonymous_8)","decl":{"start":{"line":68,"column":8},"end":{"line":68,"column":18}},"loc":{"start":{"line":69,"column":4},"end":{"line":69,"column":69}},"line":69},"9":{"name":"(anonymous_9)","decl":{"start":{"line":69,"column":4},"end":{"line":69,"column":13}},"loc":{"start":{"line":69,"column":20},"end":{"line":69,"column":69}},"line":69},"10":{"name":"(anonymous_10)","decl":{"start":{"line":71,"column":8},"end":{"line":71,"column":18}},"loc":{"start":{"line":71,"column":24},"end":{"line":73,"column":null}},"line":71},"11":{"name":"(anonymous_11)","decl":{"start":{"line":101,"column":16},"end":{"line":101,"column":27}},"loc":{"start":{"line":102,"column":18},"end":{"line":106,"column":null}},"line":102},"12":{"name":"(anonymous_12)","decl":{"start":{"line":118,"column":16},"end":{"line":118,"column":27}},"loc":{"start":{"line":118,"column":33},"end":{"line":118,"column":60}},"line":118},"13":{"name":"(anonymous_13)","decl":{"start":{"line":120,"column":30},"end":{"line":120,"column":35}},"loc":{"start":{"line":121,"column":18},"end":{"line":123,"column":null}},"line":121},"14":{"name":"(anonymous_14)","decl":{"start":{"line":132,"column":16},"end":{"line":132,"column":27}},"loc":{"start":{"line":132,"column":33},"end":{"line":132,"column":68}},"line":132},"15":{"name":"(anonymous_15)","decl":{"start":{"line":141,"column":16},"end":{"line":141,"column":27}},"loc":{"start":{"line":141,"column":33},"end":{"line":141,"column":62}},"line":141},"16":{"name":"(anonymous_16)","decl":{"start":{"line":158,"column":16},"end":{"line":158,"column":27}},"loc":{"start":{"line":159,"column":18},"end":{"line":159,"column":null}},"line":159},"17":{"name":"(anonymous_17)","decl":{"start":{"line":170,"column":16},"end":{"line":170,"column":27}},"loc":{"start":{"line":170,"column":33},"end":{"line":170,"column":null}},"line":170},"18":{"name":"(anonymous_18)","decl":{"start":{"line":180,"column":16},"end":{"line":180,"column":27}},"loc":{"start":{"line":181,"column":18},"end":{"line":181,"column":null}},"line":181},"19":{"name":"(anonymous_19)","decl":{"start":{"line":192,"column":16},"end":{"line":192,"column":27}},"loc":{"start":{"line":193,"column":18},"end":{"line":193,"column":null}},"line":193},"20":{"name":"(anonymous_20)","decl":{"start":{"line":204,"column":16},"end":{"line":204,"column":27}},"loc":{"start":{"line":204,"column":33},"end":{"line":204,"column":null}},"line":204}},"branchMap":{"0":{"loc":{"start":{"line":34,"column":9},"end":{"line":34,"column":null}},"type":"cond-expr","locations":[{"start":{"line":34,"column":30},"end":{"line":34,"column":44}},{"start":{"line":34,"column":47},"end":{"line":34,"column":null}}],"line":34},"1":{"loc":{"start":{"line":34,"column":47},"end":{"line":34,"column":null}},"type":"binary-expr","locations":[{"start":{"line":34,"column":47},"end":{"line":34,"column":54}},{"start":{"line":34,"column":54},"end":{"line":34,"column":null}}],"line":34},"2":{"loc":{"start":{"line":37,"column":16},"end":{"line":37,"column":24}},"type":"binary-expr","locations":[{"start":{"line":37,"column":16},"end":{"line":37,"column":21}},{"start":{"line":37,"column":21},"end":{"line":37,"column":24}}],"line":37},"3":{"loc":{"start":{"line":54,"column":4},"end":{"line":61,"column":null}},"type":"if","locations":[{"start":{"line":54,"column":4},"end":{"line":61,"column":null}},{"start":{},"end":{}}],"line":54},"4":{"loc":{"start":{"line":56,"column":19},"end":{"line":56,"column":32}},"type":"binary-expr","locations":[{"start":{"line":56,"column":19},"end":{"line":56,"column":30}},{"start":{"line":56,"column":30},"end":{"line":56,"column":32}}],"line":56},"5":{"loc":{"start":{"line":60,"column":44},"end":{"line":60,"column":null}},"type":"binary-expr","locations":[{"start":{"line":60,"column":44},"end":{"line":60,"column":62}},{"start":{"line":60,"column":62},"end":{"line":60,"column":null}}],"line":60},"6":{"loc":{"start":{"line":65,"column":2},"end":{"line":65,"column":null}},"type":"if","locations":[{"start":{"line":65,"column":2},"end":{"line":65,"column":null}},{"start":{},"end":{}}],"line":65},"7":{"loc":{"start":{"line":84,"column":13},"end":{"line":84,"column":null}},"type":"cond-expr","locations":[{"start":{"line":84,"column":21},"end":{"line":84,"column":36}},{"start":{"line":84,"column":36},"end":{"line":84,"column":null}}],"line":84},"8":{"loc":{"start":{"line":84,"column":44},"end":{"line":84,"column":null}},"type":"binary-expr","locations":[{"start":{"line":84,"column":44},"end":{"line":84,"column":69}},{"start":{"line":84,"column":69},"end":{"line":84,"column":null}}],"line":84},"9":{"loc":{"start":{"line":169,"column":23},"end":{"line":169,"column":null}},"type":"binary-expr","locations":[{"start":{"line":169,"column":23},"end":{"line":169,"column":53}},{"start":{"line":169,"column":53},"end":{"line":169,"column":null}}],"line":169},"10":{"loc":{"start":{"line":219,"column":13},"end":{"line":226,"column":null}},"type":"cond-expr","locations":[{"start":{"line":220,"column":14},"end":{"line":222,"column":null}},{"start":{"line":224,"column":14},"end":{"line":226,"column":null}}],"line":219}},"s":{"0":0,"1":0,"2":0,"3":0,"4":0,"5":0,"6":0,"7":0,"8":0,"9":0,"10":0,"11":0,"12":0,"13":0,"14":0,"15":0,"16":0,"17":0,"18":0,"19":0,"20":0,"21":0,"22":0,"23":0,"24":0,"25":0,"26":0,"27":0,"28":0,"29":0,"30":0,"31":0,"32":0},"f":{"0":0,"1":0,"2":0,"3":0,"4":0,"5":0,"6":0,"7":0,"8":0,"9":0,"10":0,"11":0,"12":0,"13":0,"14":0,"15":0,"16":0,"17":0,"18":0,"19":0,"20":0},"b":{"0":[0,0],"1":[0,0],"2":[0,0],"3":[0,0],"4":[0,0],"5":[0,0],"6":[0,0],"7":[0,0],"8":[0,0],"9":[0,0],"10":[0,0]},"meta":{"lastBranch":11,"lastFunction":21,"lastStatement":33,"seen":{"s:4:21:15:Infinity":0,"f:17:9:17:23":0,"s:18:2:30:Infinity":1,"f:33:9:33:20":1,"s:34:2:34:Infinity":2,"b:34:30:34:44:34:47:34:Infinity":0,"b:34:47:34:54:34:54:34:Infinity":1,"f:36:9:36:20":2,"s:37:2:40:Infinity":3,"b:37:16:37:21:37:21:37:24":2,"f:39:5:39:10":3,"s:39:16:39:24":4,"f:43:24:43:36":4,"s:51:15:51:49":5,"s:53:2:63:Infinity":6,"f:53:2:53:18":5,"b:54:4:61:Infinity:undefined:undefined:undefined:undefined":3,"s:54:4:61:Infinity":7,"s:55:19:55:32":8,"s:56:19:56:32":9,"b:56:19:56:30:56:30:56:32":4,"s:57:6:61:Infinity":10,"b:60:44:60:62:60:62:60:Infinity":5,"b:65:2:65:Infinity:undefined:undefined:undefined:undefined":6,"s:65:2:65:Infinity":11,"s:65:13:65:Infinity":12,"s:67:8:67:58":13,"f:67:8:67:15":6,"s:67:24:67:58":14,"f:67:24:67:33":7,"s:67:40:67:58":15,"s:68:8:69:69":16,"f:68:8:68:18":8,"s:69:4:69:69":17,"f:69:4:69:13":9,"s:69:20:69:69":18,"s:71:8:73:Infinity":19,"f:71:8:71:18":10,"s:72:4:72:Infinity":20,"s:73:4:73:Infinity":21,"s:76:2:231:Infinity":22,"b:84:21:84:36:84:36:84:Infinity":7,"b:84:44:84:69:84:69:84:Infinity":8,"f:101:16:101:27":11,"s:102:18:106:Infinity":23,"f:118:16:118:27":12,"s:118:33:118:60":24,"f:120:30:120:35":13,"s:121:18:123:Infinity":25,"f:132:16:132:27":14,"s:132:33:132:68":26,"f:141:16:141:27":15,"s:141:33:141:62":27,"f:158:16:158:27":16,"s:159:18:159:Infinity":28,"b:169:23:169:53:169:53:169:Infinity":9,"f:170:16:170:27":17,"s:170:33:170:Infinity":29,"f:180:16:180:27":18,"s:181:18:181:Infinity":30,"f:192:16:192:27":19,"s:193:18:193:Infinity":31,"f:204:16:204:27":20,"s:204:33:204:Infinity":32,"b:220:14:222:Infinity:224:14:226:Infinity":10}}}
[...]
olumn":65}},"38":{"start":{"line":111,"column":47},"end":{"line":111,"column":65}},"39":{"start":{"line":112,"column":8},"end":{"line":113,"column":49}},"40":{"start":{"line":113,"column":4},"end":{"line":113,"column":32}},"41":{"start":{"line":115,"column":18},"end":{"line":115,"column":null}},"42":{"start":{"line":117,"column":2},"end":{"line":290,"column":null}},"43":{"start":{"line":154,"column":39},"end":{"line":154,"column":65}},"44":{"start":{"line":157,"column":18},"end":{"line":161,"column":null}},"45":{"start":{"line":185,"column":42},"end":{"line":186,"column":64}},"46":{"start":{"line":186,"column":28},"end":{"line":186,"column":64}},"47":{"start":{"line":195,"column":42},"end":{"line":196,"column":64}},"48":{"start":{"line":196,"column":28},"end":{"line":196,"column":64}},"49":{"start":{"line":201,"column":42},"end":{"line":202,"column":72}},"50":{"start":{"line":202,"column":28},"end":{"line":202,"column":72}},"51":{"start":{"line":208,"column":43},"end":{"line":209,"column":79}},"52":{"start":{"line":209,"column":29},"end":{"line":209,"column":79}},"53":{"start":{"line":235,"column":18},"end":{"line":236,"column":null}},"54":{"start":{"line":246,"column":38},"end":{"line":246,"column":69}},"55":{"start":{"line":249,"column":35},"end":{"line":249,"column":55}}},"fnMap":{"0":{"name":"ParamField","decl":{"start":{"line":9,"column":9},"end":{"line":9,"column":20}},"loc":{"start":{"line":9,"column":53},"end":{"line":43,"column":null}},"line":9},"1":{"name":"(anonymous_1)","decl":{"start":{"line":15,"column":4},"end":{"line":15,"column":15}},"loc":{"start":{"line":16,"column":6},"end":{"line":17,"column":50}},"line":16},"2":{"name":"(anonymous_2)","decl":{"start":{"line":33,"column":15},"end":{"line":33,"column":26}},"loc":{"start":{"line":33,"column":32},"end":{"line":33,"column":64}},"line":33},"3":{"name":"(anonymous_3)","decl":{"start":{"line":37,"column":17},"end":{"line":37,"column":22}},"loc":{"start":{"line":37,"column":28},"end":{"line":37,"column":null}},"line":37},"4":{"name":"RunModal","decl":{"start":{"line":48,"column":24},"end":{"line":48,"column":33}},"loc":{"start":{"line":48,"column":65},"end":{"line":290,"column":null}},"line":48},"5":{"name":"(anonymous_5)","decl":{"start":{"line":55,"column":4},"end":{"line":55,"column":19}},"loc":{"start":{"line":55,"column":19},"end":{"line":55,"column":null}},"line":55},"6":{"name":"(anonymous_6)","decl":{"start":{"line":66,"column":30},"end":{"line":66,"column":45}},"loc":{"start":{"line":66,"column":45},"end":{"line":73,"column":null}},"line":66},"7":{"name":"(anonymous_7)","decl":{"start":{"line":77,"column":8},"end":{"line":77,"column":22}},"loc":{"start":{"line":77,"column":29},"end":{"line":88,"column":null}},"line":77},"8":{"name":"(anonymous_8)","decl":{"start":{"line":79,"column":25},"end":{"line":79,"column":30}},"loc":{"start":{"line":79,"column":35},"end":{"line":79,"column":47}},"line":79},"9":{"name":"(anonymous_9)","decl":{"start":{"line":93,"column":4},"end":{"line":93,"column":22}},"loc":{"start":{"line":93,"column":22},"end":{"line":95,"column":6}},"line":93},"10":{"name":"(anonymous_10)","decl":{"start":{"line":96,"column":4},"end":{"line":96,"column":16}},"loc":{"start":{"line":96,"column":25},"end":{"line":104,"column":null}},"line":96},"11":{"name":"(anonymous_11)","decl":{"start":{"line":107,"column":4},"end":{"line":107,"column":14}},"loc":{"start":{"line":108,"column":6},"end":{"line":108,"column":null}},"line":108},"12":{"name":"(anonymous_12)","decl":{"start":{"line":111,"column":8},"end":{"line":111,"column":20}},"loc":{"start":{"line":111,"column":29},"end":{"line":111,"column":65}},"line":111},"13":{"name":"(anonymous_13)","decl":{"start":{"line":111,"column":29},"end":{"line":111,"column":40}},"loc":{"start":{"line":111,"column":47},"end":{"line":111,"column":65}},"line":111},"14":{"name":"(anonymous_14)","decl":{"start":{"line":112,"column":24},"end":{"line":112,"column":null}},"loc":{"start":{"line":113,"column":4},"end":{"line":113,"column":32}},"line":113},"15":{"name":"(anonymous_15)","decl":{"start":{"line":154,"column":22},"end":{"line":154,"column":33}},"loc":{"start":{"line":154,"column":39},"end":{"line":154,"column":65}},"line":154},"16":{"name":"(anonymous_16)","decl":{"start":{"line":156,"column":28},"end":{"line":156,"column":32}},"loc":{"start":{"line":157,"column":18},"end":{"line":161,"column":null}},"line":157},"17":{"name":"(anonymous_17)","decl":{"start":{"line":185,"column":25},"end":{"line":185,"column":36}},"loc":{"start":{"line":185,"column":42},"end":{"line":186,"column":64}},"line":185},"18":{"name":"(anonymous_18)","decl":{"start":{"line":185,"column":42},"end":{"line":185,"column":53}},"loc":{"start":{"line":186,"column":28},"end":{"line":186,"column":64}},"line":186},"19":{"name":"(anonymous_19)","decl":{"start":{"line":195,"column":25},"end":{"line":195,"column":36}},"loc":{"start":{"line":195,"column":42},"end":{"line":196,"column":64}},"line":195},"20":{"name":"(anonymous_20)","decl":{"start":{"line":195,"column":42},"end":{"line":195,"column":53}},"loc":{"start":{"line":196,"column":28},"end":{"line":196,"column":64}},"line":196},"21":{"name":"(anonymous_21)","decl":{"start":{"line":201,"column":25},"end":{"line":201,"column":36}},"loc":{"start":{"line":201,"column":42},"end":{"line":202,"column":72}},"line":201},"22":{"name":"(anonymous_22)","decl":{"start":{"line":201,"column":42},"end":{"line":201,"column":53}},"loc":{"start":{"line":202,"column":28},"end":{"line":202,"column":72}},"line":202},"23":{"name":"(anonymous_23)","decl":{"start":{"line":208,"column":26},"end":{"line":208,"column":37}},"loc":{"start":{"line":208,"column":43},"end":{"line":209,"column":79}},"line":208},"24":{"name":"(anonymous_24)","decl":{"start":{"line":208,"column":43},"end":{"line":208,"column":54}},"loc":{"start":{"line":209,"column":29},"end":{"line":209,"column":79}},"line":209},"25":{"name":"(anonymous_25)","decl":{"start":{"line":234,"column":31},"end":{"line":234,"column":36}},"loc":{"start":{"line":235,"column":18},"end":{"line":236,"column":null}},"line":235},"26":{"name":"(anonymous_26)","decl":{"start":{"line":246,"column":21},"end":{"line":246,"column":32}},"loc":{"start":{"line":246,"column":38},"end":{"line":246,"column":69}},"line":246},"27":{"name":"(anonymous_27)","decl":{"start":{"line":249,"column":20},"end":{"line":249,"column":35}},"loc":{"start":{"line":249,"column":35},"end":{"line":249,"column":55}},"line":249}},"branchMap":{"0":{"loc":{"start":{"line":10,"column":15},"end":{"line":10,"column":null}},"type":"binary-expr","locations":[{"start":{"line":10,"column":15},"end":{"line":10,"column":29}},{"start":{"line":10,"column":29},"end":{"line":10,"column":null}}],"line":10},"1":{"loc":{"start":{"line":14,"column":11},"end":{"line":14,"column":null}},"type":"binary-expr","locations":[{"start":{"line":14,"column":11},"end":{"line":14,"column":21}},{"start":{"line":14,"column":21},"end":{"line":14,"column":38}},{"start":{"line":14,"column":38},"end":{"line":14,"column":null}}],"line":14},"2":{"loc":{"start":{"line":16,"column":21},"end":{"line":17,"column":50}},"type":"cond-expr","locations":[{"start":{"line":17,"column":10},"end":{"line":17,"column":32}},{"start":{"line":17,"column":35},"end":{"line":17,"column":50}}],"line":16},"3":{"loc":{"start":{"line":16,"column":21},"end":{"line":16,"column":null}},"type":"binary-expr","locations":[{"start":{"line":16,"column":21},"end":{"line":16,"column":43}},{"start":{"line":16,"column":43},"end":{"line":16,"column":null}}],"line":16},"4":{"loc":{"start":{"line":25,"column":9},"end":{"line":27,"column":null}},"type":"binary-expr","locations":[{"start":{"line":25,"column":9},"end":{"line":25,"column":null}},{"start":{"line":26,"column":10},"end":{"line":27,"column":null}}],"line":25},"5":{"loc":{"start":{"line":31,"column":7},"end":{"line":43,"column":null}},"type":"cond-expr","locations":[{"start":{"line":32,"column":8},"end":{"line":35,"column":null}},{"start":{"line":35,"column":10},"end":{"line":43,"column":null}}],"line":31},"6":{"loc":{"start":{"line":35,"column":10},"end":{"line":43,"column":null}},"type":"cond-expr","locations":[{"start":{"line":36,"column":8},"end":{"line":40,"column":9}},{"start":{"line":40,"column":8},"end":{"line":43,"column":null}}],"line":35},"7":{"loc":{"start":{"line":41,"column":21},"end":{"line":41,"column":84}},"type":"cond-expr","locations":[{"start":{"line":41,"column":63},"end":{"line":41,"column":74}},{"start":{"line":41,"column":74},"end":{"line":41,"column":84}}],"line":41},"8":{"loc":{"start":{"line":41,"column":21},"end":{"line":41,"column":63}},"type":"binary-expr","locations":[{"start":{"line":41,"column":21},"end":{"line":41,"column":43}},{"start":{"line":41,"column":43},"end":{"line":41,"column":63}}],"line":41},"9":{"loc":{"start":{"line":49,"column":23},"end":{"line":49,"column":51}},"type":"binary-expr","locations":[{"start":{"line":49,"column":23},"end":{"line":49,"column":49}},{"start":{"line":49,"column":49},"end":{"line":49,"column":51}}],"line":49},"10":{"loc":{"start":{"line":50,"column":19},"end":{"line":50,"column":48}},"type":"binary-expr","locations":[{"start":{"line":50,"column":19},"end":{"line":50,"column":46}},{"start":{"line":50,"column":46},"end":{"line":50,"column":48}}],"line":50},"11":{"loc":{"start":{"line":57,"column":21},"end":{"line":57,"column":47}},"type":"binary-expr","locations":[{"start":{"line":57,"column":21},"end":{"line":57,"column":45}},{"start":{"line":57,"column":45},"end":{"line":57,"column":47}}],"line":57},"12":{"loc":{"start":{"line":69,"column":19},"end":{"line":70,"column":null}},"type":"binary-expr","locations":[{"start":{"line":69,"column":19},"end":{"line":69,"column":34}},{"start":{"line":69,"column":34},"end":{"line":69,"column":null}},{"start":{"line":70,"column":9},"end":{"line":70,"column":null}}],"line":69},"13":{"loc":{"start":{"line":70,"column":9},"end":{"line":70,"column":null}},"type":"cond-expr","locations":[{"start":{"line":70,"column":36},"end":{"line":70,"column":44}},{"start":{"line":70,"column":44},"end":{"line":70,"column":null}}],"line":70},"14":{"loc":{"start":{"line":80,"column":4},"end":{"line":88,"column":null}},"type":"if","locations":[{"start":{"line":80,"column":4},"end":{"line":88,"column":null}},{"start":{},"end":{}}],"line":80},"15":{"loc":{"start":{"line":82,"column":14},"end":{"line":82,"column":null}},"type":"binary-expr","locations":[{"start":{"line":82,"column":14},"end":{"line":82,"column":24}},{"start":{"line":82,"column":24},"end":{"line":82,"column":null}}],"line":82},"16":{"loc":{"start":{"line":83,"column":14},"end":{"line":83,"column":null}},"type":"binary-expr","locations":[{"start":{"line":83,"column":14},"end":{"line":83,"column":24}},{"start":{"line":83,"column":24},"end":{"line":83,"column":null}}],"line":83},"17":{"loc":{"start":{"line":84,"column":18},"end":{"line":84,"column":null}},"type":"binary-expr","locations":[{"start":{"line":84,"column":18},"end":{"line":84,"column":32}},{"start":{"line":84,"column":32},"end":{"line":84,"column":null}}],"line":84},"18":{"loc":{"start":{"line":85,"column":18},"end":{"line":85,"column":null}},"type":"binary-expr","locations":[{"start":{"line":85,"column":18},"end":{"line":85,"column":32}},{"start":{"line":85,"column":32},"end":{"line":85,"column":null}}],"line":85},"19":{"loc":{"start":{"line":98,"column":6},"end":{"line":104,"column":null}},"type":"if","locations":[{"start":{"line":98,"column":6},"end":{"line":104,"column":null}},{"start":{"line":100,"column":17},"end":{"line":104,"column":null}}],"line":98},"20":{"loc":{"start":{"line":100,"column":17},"end":{"line":104,"column":null}},"type":"if","locations":[{"start":{"line":100,"column":17},"end":{"line":104,"column":null}},{"start":{"line":102,"column":13},"end":{"line":104,"column":null}}],"line":100},"21":{"loc":{"start":{"line":104,"column":38},"end":{"line":104,"column":65}},"type":"binary-expr","locations":[{"start":{"line":104,"column":38},"end":{"line":104,"column":63}},{"start":{"line":104,"column":63},"end":{"line":104,"column":65}}],"line":104},"22":{"loc":{"start":{"line":108,"column":18},"end":{"line":108,"column":null}},"type":"binary-expr","locations":[{"start":{"line":108,"column":18},"end":{"line":108,"column":48}},{"start":{"line":108,"column":48},"end":{"line":108,"column":null}}],"line":108},"23":{"loc":{"start":{"line":147,"column":11},"end":{"line":164,"column":null}},"type":"binary-expr","locations":[{"start":{"line":147,"column":11},"end":{"line":147,"column":null}},{"start":{"line":148,"column":12},"end":{"line":164,"column":null}}],"line":147},"24":{"loc":{"start":{"line":158,"column":31},"end":{"line":160,"column":65}},"type":"cond-expr","locations":[{"start":{"line":159,"column":24},"end":{"line":159,"column":null}},{"start":{"line":160,"column":24},"end":{"line":160,"column":65}}],"line":158},"25":{"loc":{"start":{"line":160,"column":36},"end":{"line":160,"column":65}},"type":"cond-expr","locations":[{"start":{"line":160,"column":45},"end":{"line":160,"column":60}},{"start":{"line":160,"column":60},"end":{"line":160,"column":65}}],"line":160},"26":{"loc":{"start":{"line":172,"column":13},"end":{"line":218,"column":null}},"type":"cond-expr","locations":[{"start":{"line":173,"column":14},"end":{"line":191,"column":15}},{"start":{"line":191,"column":14},"end":{"line":218,"column":null}}],"line":172},"27":{"loc":{"start":{"line":184,"column":32},"end":{"line":184,"column":null}},"type":"binary-expr","locations":[{"start":{"line":184,"column":32},"end":{"line":184,"column":51}},{"start":{"line":184,"column":51},"end":{"line":184,"column":null}}],"line":184},"28":{"loc":{"start":{"line":228,"column":11},"end":{"line":239,"column":null}},"type":"binary-expr","locations":[{"start":{"line":228,"column":11},"end":{"line":228,"column":null}},{"start":{"line":229,"column":12},"end":{"line":239,"column":null}}],"line":228},"29":{"loc":{"start":{"line":252,"column":15},"end":{"line":255,"column":null}},"type":"cond-expr","locations":[{"start":{"line":253,"column":16},"end":{"line":253,"column":null}},{"start":{"line":255,"column":16},"end":{"line":255,"column":null}}],"line":252},"30":{"loc":{"start":{"line":261,"column":11},"end":{"line":283,"column":null}},"type":"binary-expr","locations":[{"start":{"line":261,"column":11},"end":{"line":261,"column":null}},{"start":{"line":262,"column":12},"end":{"line":283,"column":null}}],"line":261},"31":{"loc":{"start":{"line":266,"column":19},"end":{"line":267,"column":null}},"type":"binary-expr","locations":[{"start":{"line":266,"column":19},"end":{"line":266,"column":null}},{"start":{"line":267,"column":20},"end":{"line":267,"column":null}}],"line":266},"32":{"loc":{"start":{"line":271,"column":19},"end":{"line":271,"column":48}},"type":"binary-expr","locations":[{"start":{"line":271,"column":19},"end":{"line":271,"column":46}},{"start":{"line":271,"column":46},"end":{"line":271,"column":48}}],"line":271},"33":{"loc":{"start":{"line":272,"column":19},"end":{"line":272,"column":48}},"type":"binary-expr","locations":[{"start":{"line":272,"column":19},"end":{"line":272,"column":46}},{"start":{"line":272,"column":46},"end":{"line":272,"column":48}}],"line":272},"34":{"loc":{"start":{"line":275,"column":39},"end":{"line":275,"column":60}},"type":"binary-expr","locations":[{"start":{"line":275,"column":39},"end":{"line":275,"column":58}},{"start":{"line":275,"column":58},"end":{"line":275,"column":60}}],"line":275},"35":{"loc":{"start":{"line":276,"column":15},"end":{"line":283,"column":null}},"type":"binary-expr","locations":[{"start":{"line":276,"column":15},"end":{"line":276,"column":null}},{"start":{"line":277,"column":16},"end":{"line":283,"column":null}}],"line":276}},"s":{"0":0,"1":0,"2":0,"3":0,"4":0,"5":0,"6":0,"7":0,"8":0,"9":0,"10":0,"11":0,"12":0,"13":0,"14":0,"15":0,"16":0,"17":0,"18":0,"19":0,"20":0,"21":0,"22":0,"23":0,"24":0,"25":0,"26":0,"27":0,"28":0,"29":0,"30":0,"31":0,"32":0,"33":0,"34":0,"35":0,"36":0,"37":0,"38":0,"39":0,"40":0,"41":0,"42":0,"43":0,"44":0,"45":0,"46":0,"47":0,"48":0,"49":0,"50":0,"51":0,"52":0,"53":0,"54":0,"55":0},"f":{"0":0,"1":0,"2":0,"3":0,"4":0,"5":0,"6":0,"7":0,"8":0,"9":0,"10":0,"11":0,"12":0,"13":0,"14":0,"15":0,"16":0,"17":0,"18":0,"19":0,"20":0,"21":0,"22":0,"23":0,"24":0,"25":0,"26":0,"27":0},"b":{"0":[0,0],"1":[0,0,0],"2":[0,0],"3":[0,0],"4":[0,0],"5":[0,0],"6":[0,0],"7":[0,0],"8":[0,0],"9":[0,0],"10":[0,0],"11":[0,0],"12":[0,0,0],"13":[0,0],"14":[0,0],"15":[0,0],"16":[0,0],"17":[0,0],"18":[0,0],"19":[0,0],"20":[0,0],"21":[0,0],"22":[0,0],"23":[0,0],"24":[0,0],"25":[0,0],"26":[0,0],"27":[0,0],"28":[0,0],"29":[0,0],"30":[0,0],"31":[0,0],"32":[0,0],"33":[0,0],"34":[0,0],"35":[0,0]},"meta":{"lastBranch":36,"lastFunction":28,"lastStatement":56,"seen":{"f:9:9:9:20":0,"s:10:15:10:Infinity":0,"b:10:15:10:29:10:29:10:Infinity":0,"s:11:16:11:Infinity":1,"s:12:22:19:Infinity":2,"b:14:11:14:21:14:21:14:38:14:38:14:Infinity":1,"f:15:4:15:15":1,"s:16:6:17:50":3,"b:17:10:17:32:17:35:17:50":2,"b:16:21:16:43:16:43:16:Infinity":3,"s:20:2:43:Infinity":4,"b:25:9:25:Infinity:26:10:27:Infinity":4,"b:32:8:35:Infinity:35:10:43:Infinity":5,"f:33:15:33:26":2,"s:33:32:33:64":5,"b:36:8:40:9:40:8:43:Infinity":6,"f:37:17:37:22":3,"s:37:28:37:Infinity":6,"b:41:63:41:74:41:74:41:84":7,"b:41:21:41:43:41:43:41:63":8,"f:48:24:48:33":4,"s:49:23:49:51":7,"b:49:23:49:49:49:49:49:51":9,"s:50:19:50:48":8,"b:50:19:50:46:50:46:50:48":10,"s:53:16:56:4":9,"f:55:4:55:19":5,"s:55:19:55:Infinity":10,"s:57:21:57:47":11,"b:57:21:57:45:57:45:57:47":11,"s:59:17:64:4":12,"s:65:19:65:46":13,"s:66:17:73:Infinity":14,"f:66:30:66:45":6,"s:67:20:67:22":15,"s:68:4:70:Infinity":16,"s:69:6:70:Infinity":17,"b:69:19:69:34:69:34:69:Infinity:70:9:70:Infinity":12,"b:70:36:70:44:70:44:70:Infinity":13,"s:72:4:72:Infinity":18,"s:74:17:74:45":19,"s:75:17:75:44":20,"s:77:8:88:Infinity":21,"f:77:8:77:22":7,"s:78:4:78:Infinity":22,"s:79:14:79:47":23,"f:79:25:79:30":8,"s:79:35:79:47":24,"b:80:4:88:Infinity:undefined:undefined:undefined:undefined":14,"s:80:4:88:Infinity":25,"s:81:6:88:Infinity":26,"b:82:14:82:24:82:24:82:Infinity":15,"b:83:14:83:24:83:24:83:Infinity":16,"b:84:18:84:32:84:32:84:Infinity":17,"b:85:18:85:32:85:32:85:Infinity":18,"s:92:8:109:4":27,"f:93:4:93:22":9,"s:93:22:95:6":28,"f:96:4:96:16":10,"s:97:6:97:Infinity":29,"b:98:6:104:Infinity:100:17:104:Infinity":19,"s:98:6:104:Infinity":30,"s:99:8:99:Infinity":31,"b:100:17:104:Infinity:102:13:104:Infinity":20,"s:100:17:104:Infinity":32,"s:101:8:101:Infinity":33,"s:103:8:104:Infinity":34,"b:104:38:104:63:104:63:104:65":21,"f:107:4:107:14":11,"s:108:6:108:Infinity":35,"b:108:18:108:48:108:48:108:Infinity":22,"s:111:8:111:65":36,"f:111:8:111:20":12,"s:111:29:111:65":37,"f:111:29:111:40":13,"s:111:47:111:65":38,"s:112:8:113:49":39,"f:112:24:112:Infinity":14,"s:113:4:113:32":40,"s:115:18:115:Infinity":41,"s:117:2:290:Infinity":42,"b:147:11:147:Infinity:148:12:164:Infinity":23,"f:154:22:154:33":15,"s:154:39:154:65":43,"f:156:28:156:32":16,"s:157:18:161:Infinity":44,"b:159:24:159:Infinity:160:24:160:65":24,"b:160:45:160:60:160:60:160:65":25,"b:173:14:191:15:191:14:218:Infinity":26,"b:184:32:184:51:184:51:184:Infinity":27,"f:185:25:185:36":17,"s:185:42:186:64":45,"f:185:42:185:53":18,"s:186:28:186:64":46,"f:195:25:195:36":19,"s:195:42:196:64":47,"f:195:42:195:53":20,"s:196:28:196:64":48,"f:201:25:201:36":21,"s:201:42:202:72":49,"f:201:42:201:53":22,"s:202:28:202:72":50,"f:208:26:208:37":23,"s:208:43:209:79":51,"f:208:43:208:54":24,"s:209:29:209:79":52,"b:228:11:228:Infinity:229:12:239:Infinity":28,"f:234:31:234:36":25,"s:235:18:236:Infinity":53,"f:246:21:246:32":26,"s:246:38:246:69":54,"f:249:20:249:35":27,"s:249:35:249:55":55,"b:253:16:253:Infinity:255:16:255:Infinity":29,"b:261:11:261:Infinity:262:12:283:Infinity":30,"b:266:19:266:Infinity:267:20:267:Infinity":31,"b:271:19:271:46:271:46:271:48":32,"b:272:19:272:46:272:46:272:48":33,"b:275:39:275:58:275:58:275:60":34,"b:276:15:276:Infinity:277:16:283:Infinity":35}}}
}
